running egg_info
writing ../../build/status_publisher/status_publisher.egg-info/PKG-INFO
writing dependency_links to ../../build/status_publisher/status_publisher.egg-info/dependency_links.txt
writing entry points to ../../build/status_publisher/status_publisher.egg-info/entry_points.txt
writing requirements to ../../build/status_publisher/status_publisher.egg-info/requires.txt
writing top-level names to ../../build/status_publisher/status_publisher.egg-info/top_level.txt
reading manifest file '../../build/status_publisher/status_publisher.egg-info/SOURCES.txt'
adding license file 'LICENSE'
writing manifest file '../../build/status_publisher/status_publisher.egg-info/SOURCES.txt'
running build
running build_py
copying status_publisher/sys_status_pub..py -> /home/hzy/hzy_test/CHAPT3/topic_practice_ws/build/status_publisher/build/lib/status_publisher
running install
running install_lib
copying /home/hzy/hzy_test/CHAPT3/topic_practice_ws/build/status_publisher/build/lib/status_publisher/sys_status_pub..py -> /home/hzy/hzy_test/CHAPT3/topic_practice_ws/install/status_publisher/lib/python3.12/site-packages/status_publisher
byte-compiling /home/hzy/hzy_test/CHAPT3/topic_practice_ws/install/status_publisher/lib/python3.12/site-packages/status_publisher/sys_status_pub..py to sys_status_pub..cpython-312.pyc
running install_data
running install_egg_info
removing '/home/hzy/hzy_test/CHAPT3/topic_practice_ws/install/status_publisher/lib/python3.12/site-packages/status_publisher-0.0.0-py3.12.egg-info' (and everything under it)
Copying ../../build/status_publisher/status_publisher.egg-info to /home/hzy/hzy_test/CHAPT3/topic_practice_ws/install/status_publisher/lib/python3.12/site-packages/status_publisher-0.0.0-py3.12.egg-info
running install_scripts
Installing sys_status_pub script to /home/hzy/hzy_test/CHAPT3/topic_practice_ws/install/status_publisher/lib/status_publisher
writing list of installed files to '/home/hzy/hzy_test/CHAPT3/topic_practice_ws/build/status_publisher/install.log'
