[0.611s] Invoking command in '/home/hzy/hzy_test/CHAPT3/topic_practice_ws/src/status_publisher': DEBUGINFOD_URLS=https://debuginfod.ubuntu.com PYTHONPATH=/home/hzy/hzy_test/CHAPT3/topic_practice_ws/build/status_publisher/prefix_override:/usr/lib/python3/dist-packages/colcon_core/task/python/colcon_distutils_commands:/home/hzy/hzy_test/CHAPT3/topic_practice_ws/install/status_publisher/lib/python3.12/site-packages:/home/hzy/hzy_test/CHAPT3/topic_practice_ws/install/status_interfaces/lib/python3.12/site-packages:/home/hzy/hzy_test/CHAPT3/topic_practice_ws/install/status_publisher/lib/python3.12/site-packages:/home/hzy/hzy_test/CHAPT3/topic_ws/install/demo_python_topic/lib/python3.12/site-packages:/opt/ros/jazzy/lib/python3.12/site-packages /usr/bin/python3 -W ignore:setup.py install is deprecated -W ignore:easy_install command is deprecated setup.py egg_info --egg-base ../../build/status_publisher build --build-base /home/hzy/hzy_test/CHAPT3/topic_practice_ws/build/status_publisher/build install --record /home/hzy/hzy_test/CHAPT3/topic_practice_ws/build/status_publisher/install.log --single-version-externally-managed install_data
[0.766s] running egg_info
[0.784s] writing ../../build/status_publisher/status_publisher.egg-info/PKG-INFO
[0.785s] writing dependency_links to ../../build/status_publisher/status_publisher.egg-info/dependency_links.txt
[0.785s] writing entry points to ../../build/status_publisher/status_publisher.egg-info/entry_points.txt
[0.785s] writing requirements to ../../build/status_publisher/status_publisher.egg-info/requires.txt
[0.785s] writing top-level names to ../../build/status_publisher/status_publisher.egg-info/top_level.txt
[0.808s] reading manifest file '../../build/status_publisher/status_publisher.egg-info/SOURCES.txt'
[0.808s] adding license file 'LICENSE'
[0.809s] writing manifest file '../../build/status_publisher/status_publisher.egg-info/SOURCES.txt'
[0.809s] running build
[0.809s] running build_py
[0.809s] copying status_publisher/sys_status_pub..py -> /home/hzy/hzy_test/CHAPT3/topic_practice_ws/build/status_publisher/build/lib/status_publisher
[0.809s] running install
[0.815s] running install_lib
[0.828s] copying /home/hzy/hzy_test/CHAPT3/topic_practice_ws/build/status_publisher/build/lib/status_publisher/sys_status_pub..py -> /home/hzy/hzy_test/CHAPT3/topic_practice_ws/install/status_publisher/lib/python3.12/site-packages/status_publisher
[0.829s] byte-compiling /home/hzy/hzy_test/CHAPT3/topic_practice_ws/install/status_publisher/lib/python3.12/site-packages/status_publisher/sys_status_pub..py to sys_status_pub..cpython-312.pyc
[0.831s] running install_data
[0.831s] running install_egg_info
[0.841s] removing '/home/hzy/hzy_test/CHAPT3/topic_practice_ws/install/status_publisher/lib/python3.12/site-packages/status_publisher-0.0.0-py3.12.egg-info' (and everything under it)
[0.841s] Copying ../../build/status_publisher/status_publisher.egg-info to /home/hzy/hzy_test/CHAPT3/topic_practice_ws/install/status_publisher/lib/python3.12/site-packages/status_publisher-0.0.0-py3.12.egg-info
[0.842s] running install_scripts
[0.926s] Installing sys_status_pub script to /home/hzy/hzy_test/CHAPT3/topic_practice_ws/install/status_publisher/lib/status_publisher
[0.928s] writing list of installed files to '/home/hzy/hzy_test/CHAPT3/topic_practice_ws/build/status_publisher/install.log'
[0.948s] Invoked command in '/home/hzy/hzy_test/CHAPT3/topic_practice_ws/src/status_publisher' returned '0': DEBUGINFOD_URLS=https://debuginfod.ubuntu.com PYTHONPATH=/home/hzy/hzy_test/CHAPT3/topic_practice_ws/build/status_publisher/prefix_override:/usr/lib/python3/dist-packages/colcon_core/task/python/colcon_distutils_commands:/home/hzy/hzy_test/CHAPT3/topic_practice_ws/install/status_publisher/lib/python3.12/site-packages:/home/hzy/hzy_test/CHAPT3/topic_practice_ws/install/status_interfaces/lib/python3.12/site-packages:/home/hzy/hzy_test/CHAPT3/topic_practice_ws/install/status_publisher/lib/python3.12/site-packages:/home/hzy/hzy_test/CHAPT3/topic_ws/install/demo_python_topic/lib/python3.12/site-packages:/opt/ros/jazzy/lib/python3.12/site-packages /usr/bin/python3 -W ignore:setup.py install is deprecated -W ignore:easy_install command is deprecated setup.py egg_info --egg-base ../../build/status_publisher build --build-base /home/hzy/hzy_test/CHAPT3/topic_practice_ws/build/status_publisher/build install --record /home/hzy/hzy_test/CHAPT3/topic_practice_ws/build/status_publisher/install.log --single-version-externally-managed install_data
