[0.071s] DEBUG:colcon:Command line arguments: ['/usr/bin/colcon', 'build']
[0.071s] DEBUG:colcon:Parsed command line arguments: Namespace(log_base=None, log_level=None, verb_name='build', build_base='build', install_base='install', merge_install=False, symlink_install=False, test_result_base=None, continue_on_error=False, executor='parallel', parallel_workers=8, event_handlers=None, ignore_user_meta=False, metas=['./colcon.meta'], base_paths=['.'], packages_ignore=None, packages_ignore_regex=None, paths=None, packages_up_to=None, packages_up_to_regex=None, packages_above=None, packages_above_and_dependencies=None, packages_above_depth=None, packages_select_by_dep=None, packages_skip_by_dep=None, packages_skip_up_to=None, packages_select_build_failed=False, packages_skip_build_finished=False, packages_select_test_failures=False, packages_skip_test_passed=False, packages_select=None, packages_skip=None, packages_select_regex=None, packages_skip_regex=None, packages_start=None, packages_end=None, allow_overriding=[], cmake_args=None, cmake_target=None, cmake_target_skip_unavailable=False, cmake_clean_cache=False, cmake_clean_first=False, cmake_force_configure=False, ament_cmake_args=None, catkin_cmake_args=None, catkin_skip_building_tests=False, verb_parser=<colcon_defaults.argument_parser.defaults.DefaultArgumentsDecorator object at 0x72594f4850d0>, verb_extension=<colcon_core.verb.build.BuildVerb object at 0x72594f5a5a00>, main=<bound method BuildVerb.main of <colcon_core.verb.build.BuildVerb object at 0x72594f5a5a00>>)
[0.105s] Level 1:colcon.colcon_core.package_discovery:discover_packages(colcon_meta) check parameters
[0.105s] Level 1:colcon.colcon_core.package_discovery:discover_packages(recursive) check parameters
[0.105s] Level 1:colcon.colcon_core.package_discovery:discover_packages(ignore) check parameters
[0.105s] Level 1:colcon.colcon_core.package_discovery:discover_packages(path) check parameters
[0.105s] Level 1:colcon.colcon_core.package_discovery:discover_packages(colcon_meta) discover
[0.105s] Level 1:colcon.colcon_core.package_discovery:discover_packages(recursive) discover
[0.105s] INFO:colcon.colcon_core.package_discovery:Crawling recursively for packages in '/home/hzy/hzy_test/CHAPT3/topic_ws'
[0.105s] Level 1:colcon.colcon_core.package_identification:_identify(.) by extensions ['ignore', 'ignore_ament_install']
[0.106s] Level 1:colcon.colcon_core.package_identification:_identify(.) by extension 'ignore'
[0.106s] Level 1:colcon.colcon_core.package_identification:_identify(.) by extension 'ignore_ament_install'
[0.106s] Level 1:colcon.colcon_core.package_identification:_identify(.) by extensions ['colcon_pkg']
[0.106s] Level 1:colcon.colcon_core.package_identification:_identify(.) by extension 'colcon_pkg'
[0.106s] Level 1:colcon.colcon_core.package_identification:_identify(.) by extensions ['colcon_meta']
[0.106s] Level 1:colcon.colcon_core.package_identification:_identify(.) by extension 'colcon_meta'
[0.106s] Level 1:colcon.colcon_core.package_identification:_identify(.) by extensions ['ros']
[0.106s] Level 1:colcon.colcon_core.package_identification:_identify(.) by extension 'ros'
[0.124s] Level 1:colcon.colcon_core.package_identification:_identify(.) by extensions ['cmake', 'python']
[0.125s] Level 1:colcon.colcon_core.package_identification:_identify(.) by extension 'cmake'
[0.125s] Level 1:colcon.colcon_core.package_identification:_identify(.) by extension 'python'
[0.125s] Level 1:colcon.colcon_core.package_identification:_identify(.) by extensions ['python_setup_py']
[0.125s] Level 1:colcon.colcon_core.package_identification:_identify(.) by extension 'python_setup_py'
[0.125s] Level 1:colcon.colcon_core.package_identification:_identify(build) by extensions ['ignore', 'ignore_ament_install']
[0.125s] Level 1:colcon.colcon_core.package_identification:_identify(build) by extension 'ignore'
[0.125s] Level 1:colcon.colcon_core.package_identification:_identify(build) ignored
[0.125s] Level 1:colcon.colcon_core.package_identification:_identify(install) by extensions ['ignore', 'ignore_ament_install']
[0.125s] Level 1:colcon.colcon_core.package_identification:_identify(install) by extension 'ignore'
[0.125s] Level 1:colcon.colcon_core.package_identification:_identify(install) ignored
[0.126s] Level 1:colcon.colcon_core.package_identification:_identify(log) by extensions ['ignore', 'ignore_ament_install']
[0.126s] Level 1:colcon.colcon_core.package_identification:_identify(log) by extension 'ignore'
[0.126s] Level 1:colcon.colcon_core.package_identification:_identify(log) ignored
[0.126s] Level 1:colcon.colcon_core.package_identification:_identify(src) by extensions ['ignore', 'ignore_ament_install']
[0.126s] Level 1:colcon.colcon_core.package_identification:_identify(src) by extension 'ignore'
[0.126s] Level 1:colcon.colcon_core.package_identification:_identify(src) by extension 'ignore_ament_install'
[0.126s] Level 1:colcon.colcon_core.package_identification:_identify(src) by extensions ['colcon_pkg']
[0.126s] Level 1:colcon.colcon_core.package_identification:_identify(src) by extension 'colcon_pkg'
[0.126s] Level 1:colcon.colcon_core.package_identification:_identify(src) by extensions ['colcon_meta']
[0.126s] Level 1:colcon.colcon_core.package_identification:_identify(src) by extension 'colcon_meta'
[0.126s] Level 1:colcon.colcon_core.package_identification:_identify(src) by extensions ['ros']
[0.126s] Level 1:colcon.colcon_core.package_identification:_identify(src) by extension 'ros'
[0.126s] Level 1:colcon.colcon_core.package_identification:_identify(src) by extensions ['cmake', 'python']
[0.126s] Level 1:colcon.colcon_core.package_identification:_identify(src) by extension 'cmake'
[0.126s] Level 1:colcon.colcon_core.package_identification:_identify(src) by extension 'python'
[0.126s] Level 1:colcon.colcon_core.package_identification:_identify(src) by extensions ['python_setup_py']
[0.126s] Level 1:colcon.colcon_core.package_identification:_identify(src) by extension 'python_setup_py'
[0.126s] Level 1:colcon.colcon_core.package_identification:_identify(src/demo_cpp_topic) by extensions ['ignore', 'ignore_ament_install']
[0.126s] Level 1:colcon.colcon_core.package_identification:_identify(src/demo_cpp_topic) by extension 'ignore'
[0.126s] Level 1:colcon.colcon_core.package_identification:_identify(src/demo_cpp_topic) by extension 'ignore_ament_install'
[0.126s] Level 1:colcon.colcon_core.package_identification:_identify(src/demo_cpp_topic) by extensions ['colcon_pkg']
[0.126s] Level 1:colcon.colcon_core.package_identification:_identify(src/demo_cpp_topic) by extension 'colcon_pkg'
[0.126s] Level 1:colcon.colcon_core.package_identification:_identify(src/demo_cpp_topic) by extensions ['colcon_meta']
[0.127s] Level 1:colcon.colcon_core.package_identification:_identify(src/demo_cpp_topic) by extension 'colcon_meta'
[0.127s] Level 1:colcon.colcon_core.package_identification:_identify(src/demo_cpp_topic) by extensions ['ros']
[0.127s] Level 1:colcon.colcon_core.package_identification:_identify(src/demo_cpp_topic) by extension 'ros'
[0.128s] DEBUG:colcon.colcon_core.package_identification:Package 'src/demo_cpp_topic' with type 'ros.ament_cmake' and name 'demo_cpp_topic'
[0.129s] Level 1:colcon.colcon_core.package_identification:_identify(src/demo_python_topic) by extensions ['ignore', 'ignore_ament_install']
[0.129s] Level 1:colcon.colcon_core.package_identification:_identify(src/demo_python_topic) by extension 'ignore'
[0.129s] Level 1:colcon.colcon_core.package_identification:_identify(src/demo_python_topic) by extension 'ignore_ament_install'
[0.129s] Level 1:colcon.colcon_core.package_identification:_identify(src/demo_python_topic) by extensions ['colcon_pkg']
[0.129s] Level 1:colcon.colcon_core.package_identification:_identify(src/demo_python_topic) by extension 'colcon_pkg'
[0.129s] Level 1:colcon.colcon_core.package_identification:_identify(src/demo_python_topic) by extensions ['colcon_meta']
[0.129s] Level 1:colcon.colcon_core.package_identification:_identify(src/demo_python_topic) by extension 'colcon_meta'
[0.129s] Level 1:colcon.colcon_core.package_identification:_identify(src/demo_python_topic) by extensions ['ros']
[0.129s] Level 1:colcon.colcon_core.package_identification:_identify(src/demo_python_topic) by extension 'ros'
[0.129s] DEBUG:colcon.colcon_core.package_identification:Package 'src/demo_python_topic' with type 'ros.ament_python' and name 'demo_python_topic'
[0.130s] Level 1:colcon.colcon_core.package_discovery:discover_packages(recursive) using defaults
[0.130s] Level 1:colcon.colcon_core.package_discovery:discover_packages(ignore) discover
[0.130s] Level 1:colcon.colcon_core.package_discovery:discover_packages(ignore) using defaults
[0.130s] Level 1:colcon.colcon_core.package_discovery:discover_packages(path) discover
[0.130s] Level 1:colcon.colcon_core.package_discovery:discover_packages(path) using defaults
[0.144s] Level 1:colcon.colcon_core.package_discovery:discover_packages(prefix_path) check parameters
[0.144s] Level 1:colcon.colcon_core.package_discovery:discover_packages(prefix_path) discover
[0.146s] DEBUG:colcon.colcon_installed_package_information.package_discovery:Found 2 installed packages in /home/hzy/hzy_test/CHAPT3/topic_ws/install
[0.147s] DEBUG:colcon.colcon_installed_package_information.package_discovery:Found 286 installed packages in /opt/ros/jazzy
[0.148s] Level 1:colcon.colcon_core.package_discovery:discover_packages(prefix_path) using defaults
[0.186s] Level 5:colcon.colcon_core.verb:set package 'demo_cpp_topic' build argument 'cmake_args' from command line to 'None'
[0.186s] Level 5:colcon.colcon_core.verb:set package 'demo_cpp_topic' build argument 'cmake_target' from command line to 'None'
[0.186s] Level 5:colcon.colcon_core.verb:set package 'demo_cpp_topic' build argument 'cmake_target_skip_unavailable' from command line to 'False'
[0.186s] Level 5:colcon.colcon_core.verb:set package 'demo_cpp_topic' build argument 'cmake_clean_cache' from command line to 'False'
[0.186s] Level 5:colcon.colcon_core.verb:set package 'demo_cpp_topic' build argument 'cmake_clean_first' from command line to 'False'
[0.186s] Level 5:colcon.colcon_core.verb:set package 'demo_cpp_topic' build argument 'cmake_force_configure' from command line to 'False'
[0.186s] Level 5:colcon.colcon_core.verb:set package 'demo_cpp_topic' build argument 'ament_cmake_args' from command line to 'None'
[0.186s] Level 5:colcon.colcon_core.verb:set package 'demo_cpp_topic' build argument 'catkin_cmake_args' from command line to 'None'
[0.186s] Level 5:colcon.colcon_core.verb:set package 'demo_cpp_topic' build argument 'catkin_skip_building_tests' from command line to 'False'
[0.186s] DEBUG:colcon.colcon_core.verb:Building package 'demo_cpp_topic' with the following arguments: {'ament_cmake_args': None, 'build_base': '/home/hzy/hzy_test/CHAPT3/topic_ws/build/demo_cpp_topic', 'catkin_cmake_args': None, 'catkin_skip_building_tests': False, 'cmake_args': None, 'cmake_clean_cache': False, 'cmake_clean_first': False, 'cmake_force_configure': False, 'cmake_target': None, 'cmake_target_skip_unavailable': False, 'install_base': '/home/hzy/hzy_test/CHAPT3/topic_ws/install/demo_cpp_topic', 'merge_install': False, 'path': '/home/hzy/hzy_test/CHAPT3/topic_ws/src/demo_cpp_topic', 'symlink_install': False, 'test_result_base': None}
[0.186s] Level 5:colcon.colcon_core.verb:set package 'demo_python_topic' build argument 'cmake_args' from command line to 'None'
[0.186s] Level 5:colcon.colcon_core.verb:set package 'demo_python_topic' build argument 'cmake_target' from command line to 'None'
[0.186s] Level 5:colcon.colcon_core.verb:set package 'demo_python_topic' build argument 'cmake_target_skip_unavailable' from command line to 'False'
[0.186s] Level 5:colcon.colcon_core.verb:set package 'demo_python_topic' build argument 'cmake_clean_cache' from command line to 'False'
[0.186s] Level 5:colcon.colcon_core.verb:set package 'demo_python_topic' build argument 'cmake_clean_first' from command line to 'False'
[0.186s] Level 5:colcon.colcon_core.verb:set package 'demo_python_topic' build argument 'cmake_force_configure' from command line to 'False'
[0.186s] Level 5:colcon.colcon_core.verb:set package 'demo_python_topic' build argument 'ament_cmake_args' from command line to 'None'
[0.186s] Level 5:colcon.colcon_core.verb:set package 'demo_python_topic' build argument 'catkin_cmake_args' from command line to 'None'
[0.186s] Level 5:colcon.colcon_core.verb:set package 'demo_python_topic' build argument 'catkin_skip_building_tests' from command line to 'False'
[0.187s] DEBUG:colcon.colcon_core.verb:Building package 'demo_python_topic' with the following arguments: {'ament_cmake_args': None, 'build_base': '/home/hzy/hzy_test/CHAPT3/topic_ws/build/demo_python_topic', 'catkin_cmake_args': None, 'catkin_skip_building_tests': False, 'cmake_args': None, 'cmake_clean_cache': False, 'cmake_clean_first': False, 'cmake_force_configure': False, 'cmake_target': None, 'cmake_target_skip_unavailable': False, 'install_base': '/home/hzy/hzy_test/CHAPT3/topic_ws/install/demo_python_topic', 'merge_install': False, 'path': '/home/hzy/hzy_test/CHAPT3/topic_ws/src/demo_python_topic', 'symlink_install': False, 'test_result_base': None}
[0.187s] INFO:colcon.colcon_core.executor:Executing jobs using 'parallel' executor
[0.192s] DEBUG:colcon.colcon_parallel_executor.executor.parallel:run_until_complete
[0.192s] INFO:colcon.colcon_ros.task.ament_cmake.build:Building ROS package in '/home/hzy/hzy_test/CHAPT3/topic_ws/src/demo_cpp_topic' with build type 'ament_cmake'
[0.193s] INFO:colcon.colcon_cmake.task.cmake.build:Building CMake package in '/home/hzy/hzy_test/CHAPT3/topic_ws/src/demo_cpp_topic'
[0.194s] INFO:colcon.colcon_core.plugin_system:Skipping extension 'colcon_core.shell.bat': Not used on non-Windows systems
[0.194s] INFO:colcon.colcon_core.shell:Skip shell extension 'powershell' for command environment: Not usable outside of PowerShell
[0.194s] DEBUG:colcon.colcon_core.shell:Skip shell extension 'dsv' for command environment
[0.197s] INFO:colcon.colcon_ros.task.ament_python.build:Building ROS package in '/home/hzy/hzy_test/CHAPT3/topic_ws/src/demo_python_topic' with build type 'ament_python'
[0.197s] Level 1:colcon.colcon_core.shell:create_environment_hook('demo_python_topic', 'ament_prefix_path')
[0.197s] INFO:colcon.colcon_core.shell:Creating environment hook '/home/hzy/hzy_test/CHAPT3/topic_ws/install/demo_python_topic/share/demo_python_topic/hook/ament_prefix_path.ps1'
[0.198s] INFO:colcon.colcon_core.shell:Creating environment descriptor '/home/hzy/hzy_test/CHAPT3/topic_ws/install/demo_python_topic/share/demo_python_topic/hook/ament_prefix_path.dsv'
[0.198s] INFO:colcon.colcon_core.shell:Creating environment hook '/home/hzy/hzy_test/CHAPT3/topic_ws/install/demo_python_topic/share/demo_python_topic/hook/ament_prefix_path.sh'
[0.199s] INFO:colcon.colcon_core.shell:Skip shell extension 'powershell' for command environment: Not usable outside of PowerShell
[0.199s] DEBUG:colcon.colcon_core.shell:Skip shell extension 'dsv' for command environment
[0.214s] DEBUG:colcon.colcon_core.event_handler.log_command:Invoking command in '/home/hzy/hzy_test/CHAPT3/topic_ws/build/demo_cpp_topic': CMAKE_PREFIX_PATH=${CMAKE_PREFIX_PATH}:/home/hzy/hzy_test/CHAPT3/topic_ws/install/demo_python_topic:/opt/ros/jazzy DEBUGINFOD_URLS=https://debuginfod.ubuntu.com /usr/bin/cmake --build /home/hzy/hzy_test/CHAPT3/topic_ws/build/demo_cpp_topic -- -j8 -l8
[0.376s] INFO:colcon.colcon_core.task.python.build:Building Python package in '/home/hzy/hzy_test/CHAPT3/topic_ws/src/demo_python_topic'
[0.376s] INFO:colcon.colcon_core.shell:Skip shell extension 'powershell' for command environment: Not usable outside of PowerShell
[0.377s] DEBUG:colcon.colcon_core.shell:Skip shell extension 'dsv' for command environment
[0.733s] DEBUG:colcon.colcon_core.event_handler.log_command:Invoking command in '/home/hzy/hzy_test/CHAPT3/topic_ws/src/demo_python_topic': DEBUGINFOD_URLS=https://debuginfod.ubuntu.com PYTHONPATH=/home/hzy/hzy_test/CHAPT3/topic_ws/build/demo_python_topic/prefix_override:/usr/lib/python3/dist-packages/colcon_core/task/python/colcon_distutils_commands:/home/hzy/hzy_test/CHAPT3/topic_ws/install/demo_python_topic/lib/python3.12/site-packages:${PYTHONPATH} /usr/bin/python3 -W ignore:setup.py install is deprecated -W ignore:easy_install command is deprecated setup.py egg_info --egg-base ../../build/demo_python_topic build --build-base /home/hzy/hzy_test/CHAPT3/topic_ws/build/demo_python_topic/build install --record /home/hzy/hzy_test/CHAPT3/topic_ws/build/demo_python_topic/install.log --single-version-externally-managed install_data
[1.072s] DEBUG:colcon.colcon_core.event_handler.log_command:Invoked command in '/home/hzy/hzy_test/CHAPT3/topic_ws/build/demo_cpp_topic' returned '0': CMAKE_PREFIX_PATH=${CMAKE_PREFIX_PATH}:/home/hzy/hzy_test/CHAPT3/topic_ws/install/demo_python_topic:/opt/ros/jazzy DEBUGINFOD_URLS=https://debuginfod.ubuntu.com /usr/bin/cmake --build /home/hzy/hzy_test/CHAPT3/topic_ws/build/demo_cpp_topic -- -j8 -l8
[1.083s] DEBUG:colcon.colcon_core.event_handler.log_command:Invoking command in '/home/hzy/hzy_test/CHAPT3/topic_ws/build/demo_cpp_topic': CMAKE_PREFIX_PATH=${CMAKE_PREFIX_PATH}:/home/hzy/hzy_test/CHAPT3/topic_ws/install/demo_python_topic:/opt/ros/jazzy DEBUGINFOD_URLS=https://debuginfod.ubuntu.com /usr/bin/cmake --install /home/hzy/hzy_test/CHAPT3/topic_ws/build/demo_cpp_topic
[1.099s] Level 1:colcon.colcon_core.environment:create_environment_scripts_only(demo_cpp_topic)
[1.100s] DEBUG:colcon.colcon_core.event_handler.log_command:Invoked command in '/home/hzy/hzy_test/CHAPT3/topic_ws/build/demo_cpp_topic' returned '0': CMAKE_PREFIX_PATH=${CMAKE_PREFIX_PATH}:/home/hzy/hzy_test/CHAPT3/topic_ws/install/demo_python_topic:/opt/ros/jazzy DEBUGINFOD_URLS=https://debuginfod.ubuntu.com /usr/bin/cmake --install /home/hzy/hzy_test/CHAPT3/topic_ws/build/demo_cpp_topic
[1.102s] Level 1:colcon.colcon_core.environment:checking '/home/hzy/hzy_test/CHAPT3/topic_ws/install/demo_cpp_topic' for CMake module files
[1.103s] Level 1:colcon.colcon_core.environment:checking '/home/hzy/hzy_test/CHAPT3/topic_ws/install/demo_cpp_topic' for CMake config files
[1.103s] Level 1:colcon.colcon_core.shell:create_environment_hook('demo_cpp_topic', 'cmake_prefix_path')
[1.103s] INFO:colcon.colcon_core.shell:Creating environment hook '/home/hzy/hzy_test/CHAPT3/topic_ws/install/demo_cpp_topic/share/demo_cpp_topic/hook/cmake_prefix_path.ps1'
[1.104s] INFO:colcon.colcon_core.shell:Creating environment descriptor '/home/hzy/hzy_test/CHAPT3/topic_ws/install/demo_cpp_topic/share/demo_cpp_topic/hook/cmake_prefix_path.dsv'
[1.104s] INFO:colcon.colcon_core.shell:Creating environment hook '/home/hzy/hzy_test/CHAPT3/topic_ws/install/demo_cpp_topic/share/demo_cpp_topic/hook/cmake_prefix_path.sh'
[1.105s] Level 1:colcon.colcon_core.environment:checking '/home/hzy/hzy_test/CHAPT3/topic_ws/install/demo_cpp_topic/lib'
[1.105s] Level 1:colcon.colcon_core.environment:checking '/home/hzy/hzy_test/CHAPT3/topic_ws/install/demo_cpp_topic/bin'
[1.105s] Level 1:colcon.colcon_core.environment:checking '/home/hzy/hzy_test/CHAPT3/topic_ws/install/demo_cpp_topic/lib/pkgconfig/demo_cpp_topic.pc'
[1.105s] Level 1:colcon.colcon_core.environment:checking '/home/hzy/hzy_test/CHAPT3/topic_ws/install/demo_cpp_topic/lib/python3.12/site-packages'
[1.105s] Level 1:colcon.colcon_core.environment:checking '/home/hzy/hzy_test/CHAPT3/topic_ws/install/demo_cpp_topic/bin'
[1.106s] INFO:colcon.colcon_core.shell:Creating package script '/home/hzy/hzy_test/CHAPT3/topic_ws/install/demo_cpp_topic/share/demo_cpp_topic/package.ps1'
[1.106s] INFO:colcon.colcon_core.shell:Creating package descriptor '/home/hzy/hzy_test/CHAPT3/topic_ws/install/demo_cpp_topic/share/demo_cpp_topic/package.dsv'
[1.107s] INFO:colcon.colcon_core.shell:Creating package script '/home/hzy/hzy_test/CHAPT3/topic_ws/install/demo_cpp_topic/share/demo_cpp_topic/package.sh'
[1.107s] INFO:colcon.colcon_core.shell:Creating package script '/home/hzy/hzy_test/CHAPT3/topic_ws/install/demo_cpp_topic/share/demo_cpp_topic/package.bash'
[1.108s] INFO:colcon.colcon_core.shell:Creating package script '/home/hzy/hzy_test/CHAPT3/topic_ws/install/demo_cpp_topic/share/demo_cpp_topic/package.zsh'
[1.109s] Level 1:colcon.colcon_core.environment:create_file_with_runtime_dependencies(/home/hzy/hzy_test/CHAPT3/topic_ws/install/demo_cpp_topic/share/colcon-core/packages/demo_cpp_topic)
[1.109s] Level 1:colcon.colcon_core.environment:create_environment_scripts_only(demo_cpp_topic)
[1.110s] Level 1:colcon.colcon_core.environment:checking '/home/hzy/hzy_test/CHAPT3/topic_ws/install/demo_cpp_topic' for CMake module files
[1.110s] Level 1:colcon.colcon_core.environment:checking '/home/hzy/hzy_test/CHAPT3/topic_ws/install/demo_cpp_topic' for CMake config files
[1.110s] Level 1:colcon.colcon_core.shell:create_environment_hook('demo_cpp_topic', 'cmake_prefix_path')
[1.111s] INFO:colcon.colcon_core.shell:Creating environment hook '/home/hzy/hzy_test/CHAPT3/topic_ws/install/demo_cpp_topic/share/demo_cpp_topic/hook/cmake_prefix_path.ps1'
[1.111s] INFO:colcon.colcon_core.shell:Creating environment descriptor '/home/hzy/hzy_test/CHAPT3/topic_ws/install/demo_cpp_topic/share/demo_cpp_topic/hook/cmake_prefix_path.dsv'
[1.112s] INFO:colcon.colcon_core.shell:Creating environment hook '/home/hzy/hzy_test/CHAPT3/topic_ws/install/demo_cpp_topic/share/demo_cpp_topic/hook/cmake_prefix_path.sh'
[1.112s] Level 1:colcon.colcon_core.environment:checking '/home/hzy/hzy_test/CHAPT3/topic_ws/install/demo_cpp_topic/lib'
[1.112s] Level 1:colcon.colcon_core.environment:checking '/home/hzy/hzy_test/CHAPT3/topic_ws/install/demo_cpp_topic/bin'
[1.112s] Level 1:colcon.colcon_core.environment:checking '/home/hzy/hzy_test/CHAPT3/topic_ws/install/demo_cpp_topic/lib/pkgconfig/demo_cpp_topic.pc'
[1.113s] Level 1:colcon.colcon_core.environment:checking '/home/hzy/hzy_test/CHAPT3/topic_ws/install/demo_cpp_topic/lib/python3.12/site-packages'
[1.113s] Level 1:colcon.colcon_core.environment:checking '/home/hzy/hzy_test/CHAPT3/topic_ws/install/demo_cpp_topic/bin'
[1.113s] INFO:colcon.colcon_core.shell:Creating package script '/home/hzy/hzy_test/CHAPT3/topic_ws/install/demo_cpp_topic/share/demo_cpp_topic/package.ps1'
[1.114s] INFO:colcon.colcon_core.shell:Creating package descriptor '/home/hzy/hzy_test/CHAPT3/topic_ws/install/demo_cpp_topic/share/demo_cpp_topic/package.dsv'
[1.114s] INFO:colcon.colcon_core.shell:Creating package script '/home/hzy/hzy_test/CHAPT3/topic_ws/install/demo_cpp_topic/share/demo_cpp_topic/package.sh'
[1.115s] INFO:colcon.colcon_core.shell:Creating package script '/home/hzy/hzy_test/CHAPT3/topic_ws/install/demo_cpp_topic/share/demo_cpp_topic/package.bash'
[1.115s] INFO:colcon.colcon_core.shell:Creating package script '/home/hzy/hzy_test/CHAPT3/topic_ws/install/demo_cpp_topic/share/demo_cpp_topic/package.zsh'
[1.115s] Level 1:colcon.colcon_core.environment:create_file_with_runtime_dependencies(/home/hzy/hzy_test/CHAPT3/topic_ws/install/demo_cpp_topic/share/colcon-core/packages/demo_cpp_topic)
[1.117s] Level 1:colcon.colcon_core.environment:checking '/home/hzy/hzy_test/CHAPT3/topic_ws/install/demo_python_topic' for CMake module files
[1.118s] Level 1:colcon.colcon_core.environment:checking '/home/hzy/hzy_test/CHAPT3/topic_ws/install/demo_python_topic' for CMake config files
[1.118s] DEBUG:colcon.colcon_core.event_handler.log_command:Invoked command in '/home/hzy/hzy_test/CHAPT3/topic_ws/src/demo_python_topic' returned '0': DEBUGINFOD_URLS=https://debuginfod.ubuntu.com PYTHONPATH=/home/hzy/hzy_test/CHAPT3/topic_ws/build/demo_python_topic/prefix_override:/usr/lib/python3/dist-packages/colcon_core/task/python/colcon_distutils_commands:/home/hzy/hzy_test/CHAPT3/topic_ws/install/demo_python_topic/lib/python3.12/site-packages:${PYTHONPATH} /usr/bin/python3 -W ignore:setup.py install is deprecated -W ignore:easy_install command is deprecated setup.py egg_info --egg-base ../../build/demo_python_topic build --build-base /home/hzy/hzy_test/CHAPT3/topic_ws/build/demo_python_topic/build install --record /home/hzy/hzy_test/CHAPT3/topic_ws/build/demo_python_topic/install.log --single-version-externally-managed install_data
[1.119s] Level 1:colcon.colcon_core.environment:checking '/home/hzy/hzy_test/CHAPT3/topic_ws/install/demo_python_topic/lib'
[1.119s] Level 1:colcon.colcon_core.environment:checking '/home/hzy/hzy_test/CHAPT3/topic_ws/install/demo_python_topic/bin'
[1.119s] Level 1:colcon.colcon_core.environment:checking '/home/hzy/hzy_test/CHAPT3/topic_ws/install/demo_python_topic/lib/pkgconfig/demo_python_topic.pc'
[1.120s] Level 1:colcon.colcon_core.environment:checking '/home/hzy/hzy_test/CHAPT3/topic_ws/install/demo_python_topic/lib/python3.12/site-packages'
[1.120s] Level 1:colcon.colcon_core.shell:create_environment_hook('demo_python_topic', 'pythonpath')
[1.120s] INFO:colcon.colcon_core.shell:Creating environment hook '/home/hzy/hzy_test/CHAPT3/topic_ws/install/demo_python_topic/share/demo_python_topic/hook/pythonpath.ps1'
[1.120s] INFO:colcon.colcon_core.shell:Creating environment descriptor '/home/hzy/hzy_test/CHAPT3/topic_ws/install/demo_python_topic/share/demo_python_topic/hook/pythonpath.dsv'
[1.121s] INFO:colcon.colcon_core.shell:Creating environment hook '/home/hzy/hzy_test/CHAPT3/topic_ws/install/demo_python_topic/share/demo_python_topic/hook/pythonpath.sh'
[1.122s] Level 1:colcon.colcon_core.environment:checking '/home/hzy/hzy_test/CHAPT3/topic_ws/install/demo_python_topic/bin'
[1.123s] Level 1:colcon.colcon_core.environment:create_environment_scripts_only(demo_python_topic)
[1.123s] INFO:colcon.colcon_core.shell:Creating package script '/home/hzy/hzy_test/CHAPT3/topic_ws/install/demo_python_topic/share/demo_python_topic/package.ps1'
[1.123s] INFO:colcon.colcon_core.shell:Creating package descriptor '/home/hzy/hzy_test/CHAPT3/topic_ws/install/demo_python_topic/share/demo_python_topic/package.dsv'
[1.124s] INFO:colcon.colcon_core.shell:Creating package script '/home/hzy/hzy_test/CHAPT3/topic_ws/install/demo_python_topic/share/demo_python_topic/package.sh'
[1.124s] INFO:colcon.colcon_core.shell:Creating package script '/home/hzy/hzy_test/CHAPT3/topic_ws/install/demo_python_topic/share/demo_python_topic/package.bash'
[1.125s] INFO:colcon.colcon_core.shell:Creating package script '/home/hzy/hzy_test/CHAPT3/topic_ws/install/demo_python_topic/share/demo_python_topic/package.zsh'
[1.125s] Level 1:colcon.colcon_core.environment:create_file_with_runtime_dependencies(/home/hzy/hzy_test/CHAPT3/topic_ws/install/demo_python_topic/share/colcon-core/packages/demo_python_topic)
[1.125s] DEBUG:colcon.colcon_parallel_executor.executor.parallel:closing loop
[1.126s] DEBUG:colcon.colcon_parallel_executor.executor.parallel:loop closed
[1.126s] DEBUG:colcon.colcon_parallel_executor.executor.parallel:run_until_complete finished with '0'
[1.126s] DEBUG:colcon.colcon_core.event_reactor:joining thread
[1.133s] INFO:colcon.colcon_core.plugin_system:Skipping extension 'colcon_notification.desktop_notification.terminal_notifier': Not used on non-Darwin systems
[1.134s] INFO:colcon.colcon_core.plugin_system:Skipping extension 'colcon_notification.desktop_notification.win32': Not used on non-Windows systems
[1.134s] INFO:colcon.colcon_notification.desktop_notification:Sending desktop notification using 'notify2'
[1.156s] DEBUG:colcon.colcon_core.event_reactor:joined thread
[1.157s] INFO:colcon.colcon_core.shell:Creating prefix script '/home/hzy/hzy_test/CHAPT3/topic_ws/install/local_setup.ps1'
[1.158s] INFO:colcon.colcon_core.shell:Creating prefix util module '/home/hzy/hzy_test/CHAPT3/topic_ws/install/_local_setup_util_ps1.py'
[1.159s] INFO:colcon.colcon_core.shell:Creating prefix chain script '/home/hzy/hzy_test/CHAPT3/topic_ws/install/setup.ps1'
[1.160s] INFO:colcon.colcon_core.shell:Creating prefix script '/home/hzy/hzy_test/CHAPT3/topic_ws/install/local_setup.sh'
[1.161s] INFO:colcon.colcon_core.shell:Creating prefix util module '/home/hzy/hzy_test/CHAPT3/topic_ws/install/_local_setup_util_sh.py'
[1.163s] INFO:colcon.colcon_core.shell:Creating prefix chain script '/home/hzy/hzy_test/CHAPT3/topic_ws/install/setup.sh'
[1.164s] INFO:colcon.colcon_core.shell:Creating prefix script '/home/hzy/hzy_test/CHAPT3/topic_ws/install/local_setup.bash'
[1.165s] INFO:colcon.colcon_core.shell:Creating prefix chain script '/home/hzy/hzy_test/CHAPT3/topic_ws/install/setup.bash'
[1.166s] INFO:colcon.colcon_core.shell:Creating prefix script '/home/hzy/hzy_test/CHAPT3/topic_ws/install/local_setup.zsh'
[1.167s] INFO:colcon.colcon_core.shell:Creating prefix chain script '/home/hzy/hzy_test/CHAPT3/topic_ws/install/setup.zsh'
