[0.022s] Invoking command in '/home/hzy/hzy_test/CHAPT3/topic_ws/build/demo_cpp_topic': CMAKE_PREFIX_PATH=${CMAKE_PREFIX_PATH}:/home/hzy/hzy_test/CHAPT3/topic_ws/install/demo_python_topic:/opt/ros/jazzy DEBUGINFOD_URLS=https://debuginfod.ubuntu.com /usr/bin/cmake --build /home/hzy/hzy_test/CHAPT3/topic_ws/build/demo_cpp_topic -- -j8 -l8
[0.049s] -- Found ament_cmake: 2.5.5 (/opt/ros/jazzy/share/ament_cmake/cmake)
[0.223s] -- Found rclcpp: 28.1.16 (/opt/ros/jazzy/share/rclcpp/cmake)
[0.254s] -- Found rosidl_generator_c: 4.6.7 (/opt/ros/jazzy/share/rosidl_generator_c/cmake)
[0.254s] -- Found rosidl_generator_cpp: 4.6.7 (/opt/ros/jazzy/share/rosidl_generator_cpp/cmake)
[0.313s] -- Using all available rosidl_typesupport_c: rosidl_typesupport_fastrtps_c;rosidl_typesupport_introspection_c
[0.313s] -- Using all available rosidl_typesupport_cpp: rosidl_typesupport_fastrtps_cpp;rosidl_typesupport_introspection_cpp
[0.313s] -- Found rmw_implementation_cmake: 7.3.3 (/opt/ros/jazzy/share/rmw_implementation_cmake/cmake)
[0.313s] -- Found rmw_fastrtps_cpp: 8.4.3 (/opt/ros/jazzy/share/rmw_fastrtps_cpp/cmake)
[0.343s] -- Using RMW implementation 'rmw_fastrtps_cpp' as default
[0.403s] -- Found geometry_msgs: 5.3.6 (/opt/ros/jazzy/share/geometry_msgs/cmake)
[0.463s] -- Found turtlesim: 1.8.3 (/opt/ros/jazzy/share/turtlesim/cmake)
[0.463s] -- Found ament_lint_auto: 0.17.4 (/opt/ros/jazzy/share/ament_lint_auto/cmake)
[0.522s] -- Added test 'cppcheck' to perform static code analysis on C / C++ code
[0.522s] -- Configured cppcheck include dirs: 
[0.522s] -- Configured cppcheck exclude dirs and/or files: 
[0.522s] -- Added test 'lint_cmake' to check CMake code style
[0.523s] -- Added test 'uncrustify' to check C / C++ code style
[0.523s] -- Configured uncrustify additional arguments: 
[0.523s] -- Added test 'xmllint' to check XML markup files
[0.524s] -- Configuring done (0.5s)
[0.546s] -- Generating done (0.0s)
[0.553s] -- Build files have been written to: /home/hzy/hzy_test/CHAPT3/topic_ws/build/demo_cpp_topic
[0.596s] [ 25%] [32m[1mLinking CXX executable turtle_control[0m
[0.598s] [ 75%] Built target turtle_circle
[0.863s] [100%] Built target turtle_control
[0.880s] Invoked command in '/home/hzy/hzy_test/CHAPT3/topic_ws/build/demo_cpp_topic' returned '0': CMAKE_PREFIX_PATH=${CMAKE_PREFIX_PATH}:/home/hzy/hzy_test/CHAPT3/topic_ws/install/demo_python_topic:/opt/ros/jazzy DEBUGINFOD_URLS=https://debuginfod.ubuntu.com /usr/bin/cmake --build /home/hzy/hzy_test/CHAPT3/topic_ws/build/demo_cpp_topic -- -j8 -l8
[0.891s] Invoking command in '/home/hzy/hzy_test/CHAPT3/topic_ws/build/demo_cpp_topic': CMAKE_PREFIX_PATH=${CMAKE_PREFIX_PATH}:/home/hzy/hzy_test/CHAPT3/topic_ws/install/demo_python_topic:/opt/ros/jazzy DEBUGINFOD_URLS=https://debuginfod.ubuntu.com /usr/bin/cmake --install /home/hzy/hzy_test/CHAPT3/topic_ws/build/demo_cpp_topic
[0.900s] -- Install configuration: ""
[0.900s] -- Up-to-date: /home/hzy/hzy_test/CHAPT3/topic_ws/install/demo_cpp_topic/lib/demo_cpp_topic/turtle_circle
[0.900s] -- Installing: /home/hzy/hzy_test/CHAPT3/topic_ws/install/demo_cpp_topic/lib/demo_cpp_topic/turtle_control
[0.904s] -- Set non-toolchain portion of runtime path of "/home/hzy/hzy_test/CHAPT3/topic_ws/install/demo_cpp_topic/lib/demo_cpp_topic/turtle_control" to ""
[0.905s] -- Up-to-date: /home/hzy/hzy_test/CHAPT3/topic_ws/install/demo_cpp_topic/share/ament_index/resource_index/package_run_dependencies/demo_cpp_topic
[0.905s] -- Up-to-date: /home/hzy/hzy_test/CHAPT3/topic_ws/install/demo_cpp_topic/share/ament_index/resource_index/parent_prefix_path/demo_cpp_topic
[0.905s] -- Up-to-date: /home/hzy/hzy_test/CHAPT3/topic_ws/install/demo_cpp_topic/share/demo_cpp_topic/environment/ament_prefix_path.sh
[0.905s] -- Up-to-date: /home/hzy/hzy_test/CHAPT3/topic_ws/install/demo_cpp_topic/share/demo_cpp_topic/environment/ament_prefix_path.dsv
[0.905s] -- Up-to-date: /home/hzy/hzy_test/CHAPT3/topic_ws/install/demo_cpp_topic/share/demo_cpp_topic/environment/path.sh
[0.905s] -- Up-to-date: /home/hzy/hzy_test/CHAPT3/topic_ws/install/demo_cpp_topic/share/demo_cpp_topic/environment/path.dsv
[0.905s] -- Up-to-date: /home/hzy/hzy_test/CHAPT3/topic_ws/install/demo_cpp_topic/share/demo_cpp_topic/local_setup.bash
[0.905s] -- Up-to-date: /home/hzy/hzy_test/CHAPT3/topic_ws/install/demo_cpp_topic/share/demo_cpp_topic/local_setup.sh
[0.905s] -- Up-to-date: /home/hzy/hzy_test/CHAPT3/topic_ws/install/demo_cpp_topic/share/demo_cpp_topic/local_setup.zsh
[0.905s] -- Up-to-date: /home/hzy/hzy_test/CHAPT3/topic_ws/install/demo_cpp_topic/share/demo_cpp_topic/local_setup.dsv
[0.906s] -- Installing: /home/hzy/hzy_test/CHAPT3/topic_ws/install/demo_cpp_topic/share/demo_cpp_topic/package.dsv
[0.906s] -- Up-to-date: /home/hzy/hzy_test/CHAPT3/topic_ws/install/demo_cpp_topic/share/ament_index/resource_index/packages/demo_cpp_topic
[0.906s] -- Up-to-date: /home/hzy/hzy_test/CHAPT3/topic_ws/install/demo_cpp_topic/share/demo_cpp_topic/cmake/demo_cpp_topicConfig.cmake
[0.906s] -- Up-to-date: /home/hzy/hzy_test/CHAPT3/topic_ws/install/demo_cpp_topic/share/demo_cpp_topic/cmake/demo_cpp_topicConfig-version.cmake
[0.906s] -- Up-to-date: /home/hzy/hzy_test/CHAPT3/topic_ws/install/demo_cpp_topic/share/demo_cpp_topic/package.xml
[0.908s] Invoked command in '/home/hzy/hzy_test/CHAPT3/topic_ws/build/demo_cpp_topic' returned '0': CMAKE_PREFIX_PATH=${CMAKE_PREFIX_PATH}:/home/hzy/hzy_test/CHAPT3/topic_ws/install/demo_python_topic:/opt/ros/jazzy DEBUGINFOD_URLS=https://debuginfod.ubuntu.com /usr/bin/cmake --install /home/hzy/hzy_test/CHAPT3/topic_ws/build/demo_cpp_topic
