[0.561s] Invoking command in '/home/hzy/hzy_test/CHAPT3/topic_ws/src/demo_python_topic': DEBUGINFOD_URLS=https://debuginfod.ubuntu.com PYTHONPATH=/home/hzy/hzy_test/CHAPT3/topic_ws/build/demo_python_topic/prefix_override:/usr/lib/python3/dist-packages/colcon_core/task/python/colcon_distutils_commands:/home/hzy/hzy_test/CHAPT3/topic_ws/install/demo_python_topic/lib/python3.12/site-packages:${PYTHONPATH} /usr/bin/python3 -W ignore:setup.py install is deprecated -W ignore:easy_install command is deprecated setup.py egg_info --egg-base ../../build/demo_python_topic build --build-base /home/hzy/hzy_test/CHAPT3/topic_ws/build/demo_python_topic/build install --record /home/hzy/hzy_test/CHAPT3/topic_ws/build/demo_python_topic/install.log --single-version-externally-managed install_data
[0.704s] running egg_info
[0.719s] writing ../../build/demo_python_topic/demo_python_topic.egg-info/PKG-INFO
[0.719s] writing dependency_links to ../../build/demo_python_topic/demo_python_topic.egg-info/dependency_links.txt
[0.719s] writing entry points to ../../build/demo_python_topic/demo_python_topic.egg-info/entry_points.txt
[0.719s] writing requirements to ../../build/demo_python_topic/demo_python_topic.egg-info/requires.txt
[0.719s] writing top-level names to ../../build/demo_python_topic/demo_python_topic.egg-info/top_level.txt
[0.739s] reading manifest file '../../build/demo_python_topic/demo_python_topic.egg-info/SOURCES.txt'
[0.741s] adding license file 'LICENSE'
[0.742s] writing manifest file '../../build/demo_python_topic/demo_python_topic.egg-info/SOURCES.txt'
[0.742s] running build
[0.742s] running build_py
[0.742s] copying demo_python_topic/novel_pub_node.py -> /home/hzy/hzy_test/CHAPT3/topic_ws/build/demo_python_topic/build/lib/demo_python_topic
[0.742s] running install
[0.745s] running install_lib
[0.755s] copying /home/hzy/hzy_test/CHAPT3/topic_ws/build/demo_python_topic/build/lib/demo_python_topic/novel_pub_node.py -> /home/hzy/hzy_test/CHAPT3/topic_ws/install/demo_python_topic/lib/python3.12/site-packages/demo_python_topic
[0.755s] byte-compiling /home/hzy/hzy_test/CHAPT3/topic_ws/install/demo_python_topic/lib/python3.12/site-packages/demo_python_topic/novel_pub_node.py to novel_pub_node.cpython-312.pyc
[0.756s] running install_data
[0.757s] running install_egg_info
[0.768s] removing '/home/hzy/hzy_test/CHAPT3/topic_ws/install/demo_python_topic/lib/python3.12/site-packages/demo_python_topic-0.0.0-py3.12.egg-info' (and everything under it)
[0.768s] Copying ../../build/demo_python_topic/demo_python_topic.egg-info to /home/hzy/hzy_test/CHAPT3/topic_ws/install/demo_python_topic/lib/python3.12/site-packages/demo_python_topic-0.0.0-py3.12.egg-info
[0.768s] running install_scripts
[0.853s] Installing nove_pub_node script to /home/hzy/hzy_test/CHAPT3/topic_ws/install/demo_python_topic/lib/demo_python_topic
[0.853s] writing list of installed files to '/home/hzy/hzy_test/CHAPT3/topic_ws/build/demo_python_topic/install.log'
[0.877s] Invoked command in '/home/hzy/hzy_test/CHAPT3/topic_ws/src/demo_python_topic' returned '0': DEBUGINFOD_URLS=https://debuginfod.ubuntu.com PYTHONPATH=/home/hzy/hzy_test/CHAPT3/topic_ws/build/demo_python_topic/prefix_override:/usr/lib/python3/dist-packages/colcon_core/task/python/colcon_distutils_commands:/home/hzy/hzy_test/CHAPT3/topic_ws/install/demo_python_topic/lib/python3.12/site-packages:${PYTHONPATH} /usr/bin/python3 -W ignore:setup.py install is deprecated -W ignore:easy_install command is deprecated setup.py egg_info --egg-base ../../build/demo_python_topic build --build-base /home/hzy/hzy_test/CHAPT3/topic_ws/build/demo_python_topic/build install --record /home/hzy/hzy_test/CHAPT3/topic_ws/build/demo_python_topic/install.log --single-version-externally-managed install_data
