-- The C compiler identification is GNU 13.3.0
-- The CXX compiler identification is GNU 13.3.0
-- Detecting C compiler ABI info
-- Detecting C compiler ABI info - done
-- Check for working C compiler: /usr/bin/cc - skipped
-- Detecting C compile features
-- Detecting C compile features - done
-- Detecting CXX compiler ABI info
-- Detecting CXX compiler ABI info - done
-- Check for working CXX compiler: /usr/bin/c++ - skipped
-- Detecting CXX compile features
-- Detecting CXX compile features - done
-- Found ament_cmake: 2.5.5 (/opt/ros/jazzy/share/ament_cmake/cmake)
-- Found Python3: /usr/bin/python3 (found version "3.12.3") found components: Interpreter 
-- Found rclcpp: 28.1.16 (/opt/ros/jazzy/share/rclcpp/cmake)
-- Found rosidl_generator_c: 4.6.7 (/opt/ros/jazzy/share/rosidl_generator_c/cmake)
-- Found rosidl_generator_cpp: 4.6.7 (/opt/ros/jazzy/share/rosidl_generator_cpp/cmake)
-- Using all available rosidl_typesupport_c: rosidl_typesupport_fastrtps_c;rosidl_typesupport_introspection_c
-- Using all available rosidl_typesupport_cpp: rosidl_typesupport_fastrtps_cpp;rosidl_typesupport_introspection_cpp
-- Found rmw_implementation_cmake: 7.3.3 (/opt/ros/jazzy/share/rmw_implementation_cmake/cmake)
-- Found rmw_fastrtps_cpp: 8.4.3 (/opt/ros/jazzy/share/rmw_fastrtps_cpp/cmake)
-- Found OpenSSL: /usr/lib/x86_64-linux-gnu/libcrypto.so (found version "3.0.13")  
-- Found FastRTPS: /opt/ros/jazzy/include (Required is at least version "2.13") 
-- Using RMW implementation 'rmw_fastrtps_cpp' as default
-- Found ament_lint_auto: 0.17.4 (/opt/ros/jazzy/share/ament_lint_auto/cmake)
-- Added test 'cppcheck' to perform static code analysis on C / C++ code
-- Configured cppcheck include dirs: /home/hzy/hzy_test/ros2_ws/src/demo_cpp_pkg/include
-- Configured cppcheck exclude dirs and/or files: 
-- Added test 'flake8' to check Python code syntax and style conventions
-- Configured 'flake8' exclude dirs and/or files: 
-- Added test 'lint_cmake' to check CMake code style
-- Added test 'pep257' to check Python code against some of the docstring style conventions in PEP 257
-- Added test 'uncrustify' to check C / C++ code style
-- Configured uncrustify additional arguments: 
-- Added test 'xmllint' to check XML markup files
-- Configuring done (1.1s)
-- Generating done (0.0s)
-- Build files have been written to: /home/hzy/hzy_test/ros2_ws/build/demo_cpp_pkg
[  8%] [32mBuilding CXX object CMakeFiles/person_node.dir/src/person_node.cpp.o[0m
[ 16%] [32mBuilding CXX object CMakeFiles/learn_lambda.dir/src/learn_lambda.cpp.o[0m
[ 25%] [32mBuilding CXX object CMakeFiles/learn_funcational.dir/src/learn_funcational.cpp.o[0m
[ 33%] [32mBuilding CXX object CMakeFiles/cpp_node.dir/src/cpp_node.cpp.o[0m
[ 41%] [32mBuilding CXX object CMakeFiles/learn_shared_ptr.dir/src/learn_shared_ptr.cpp.o[0m
[ 50%] [32mBuilding CXX object CMakeFiles/learn_thread.dir/src/learn_thread.cpp.o[0m
[ 58%] [32m[1mLinking CXX executable learn_lambda[0m
[ 66%] [32m[1mLinking CXX executable learn_shared_ptr[0m
[ 66%] Built target learn_lambda
[ 75%] [32m[1mLinking CXX executable learn_funcational[0m
[ 75%] Built target learn_shared_ptr
[ 75%] Built target learn_funcational
[ 83%] [32m[1mLinking CXX executable cpp_node[0m
[ 83%] Built target cpp_node
[ 91%] [32m[1mLinking CXX executable person_node[0m
[ 91%] Built target person_node
[100%] [32m[1mLinking CXX executable learn_thread[0m
[100%] Built target learn_thread
-- Install configuration: ""
-- Installing: /home/hzy/hzy_test/ros2_ws/install/demo_cpp_pkg/lib/demo_cpp_pkg/cpp_node
-- Set non-toolchain portion of runtime path of "/home/hzy/hzy_test/ros2_ws/install/demo_cpp_pkg/lib/demo_cpp_pkg/cpp_node" to ""
-- Installing: /home/hzy/hzy_test/ros2_ws/install/demo_cpp_pkg/lib/demo_cpp_pkg/person_node
-- Set non-toolchain portion of runtime path of "/home/hzy/hzy_test/ros2_ws/install/demo_cpp_pkg/lib/demo_cpp_pkg/person_node" to ""
-- Installing: /home/hzy/hzy_test/ros2_ws/install/demo_cpp_pkg/lib/demo_cpp_pkg/learn_shared_ptr
-- Installing: /home/hzy/hzy_test/ros2_ws/install/demo_cpp_pkg/lib/demo_cpp_pkg/learn_lambda
-- Installing: /home/hzy/hzy_test/ros2_ws/install/demo_cpp_pkg/lib/demo_cpp_pkg/learn_funcational
-- Installing: /home/hzy/hzy_test/ros2_ws/install/demo_cpp_pkg/lib/demo_cpp_pkg/learn_thread
-- Installing: /home/hzy/hzy_test/ros2_ws/install/demo_cpp_pkg/share/ament_index/resource_index/package_run_dependencies/demo_cpp_pkg
-- Installing: /home/hzy/hzy_test/ros2_ws/install/demo_cpp_pkg/share/ament_index/resource_index/parent_prefix_path/demo_cpp_pkg
-- Installing: /home/hzy/hzy_test/ros2_ws/install/demo_cpp_pkg/share/demo_cpp_pkg/environment/ament_prefix_path.sh
-- Installing: /home/hzy/hzy_test/ros2_ws/install/demo_cpp_pkg/share/demo_cpp_pkg/environment/ament_prefix_path.dsv
-- Installing: /home/hzy/hzy_test/ros2_ws/install/demo_cpp_pkg/share/demo_cpp_pkg/environment/path.sh
-- Installing: /home/hzy/hzy_test/ros2_ws/install/demo_cpp_pkg/share/demo_cpp_pkg/environment/path.dsv
-- Installing: /home/hzy/hzy_test/ros2_ws/install/demo_cpp_pkg/share/demo_cpp_pkg/local_setup.bash
-- Installing: /home/hzy/hzy_test/ros2_ws/install/demo_cpp_pkg/share/demo_cpp_pkg/local_setup.sh
-- Installing: /home/hzy/hzy_test/ros2_ws/install/demo_cpp_pkg/share/demo_cpp_pkg/local_setup.zsh
-- Installing: /home/hzy/hzy_test/ros2_ws/install/demo_cpp_pkg/share/demo_cpp_pkg/local_setup.dsv
-- Installing: /home/hzy/hzy_test/ros2_ws/install/demo_cpp_pkg/share/demo_cpp_pkg/package.dsv
-- Installing: /home/hzy/hzy_test/ros2_ws/install/demo_cpp_pkg/share/ament_index/resource_index/packages/demo_cpp_pkg
-- Installing: /home/hzy/hzy_test/ros2_ws/install/demo_cpp_pkg/share/demo_cpp_pkg/cmake/demo_cpp_pkgConfig.cmake
-- Installing: /home/hzy/hzy_test/ros2_ws/install/demo_cpp_pkg/share/demo_cpp_pkg/cmake/demo_cpp_pkgConfig-version.cmake
-- Installing: /home/hzy/hzy_test/ros2_ws/install/demo_cpp_pkg/share/demo_cpp_pkg/package.xml
