[0.725s] Invoking command in '/home/hzy/hzy_test/ros2_ws/src/demo_python_pkg': DEBUGINFOD_URLS=https://debuginfod.ubuntu.com PYTHONPATH=/home/hzy/hzy_test/ros2_ws/build/demo_python_pkg/prefix_override:/usr/lib/python3/dist-packages/colcon_core/task/python/colcon_distutils_commands:/home/hzy/hzy_test/ros2_ws/install/demo_python_pkg/lib/python3.12/site-packages:${PYTHONPATH} /usr/bin/python3 -W ignore:setup.py install is deprecated -W ignore:easy_install command is deprecated setup.py egg_info --egg-base ../../build/demo_python_pkg build --build-base /home/hzy/hzy_test/ros2_ws/build/demo_python_pkg/build install --record /home/hzy/hzy_test/ros2_ws/build/demo_python_pkg/install.log --single-version-externally-managed install_data
[0.924s] running egg_info
[0.944s] writing ../../build/demo_python_pkg/demo_python_pkg.egg-info/PKG-INFO
[0.953s] writing dependency_links to ../../build/demo_python_pkg/demo_python_pkg.egg-info/dependency_links.txt
[0.953s] writing entry points to ../../build/demo_python_pkg/demo_python_pkg.egg-info/entry_points.txt
[0.963s] writing requirements to ../../build/demo_python_pkg/demo_python_pkg.egg-info/requires.txt
[0.963s] writing top-level names to ../../build/demo_python_pkg/demo_python_pkg.egg-info/top_level.txt
[0.992s] reading manifest file '../../build/demo_python_pkg/demo_python_pkg.egg-info/SOURCES.txt'
[0.993s] adding license file 'LICENSE'
[0.995s] writing manifest file '../../build/demo_python_pkg/demo_python_pkg.egg-info/SOURCES.txt'
[0.995s] running build
[0.995s] running build_py
[0.995s] running install
[1.001s] running install_lib
[1.014s] running install_data
[1.014s] running install_egg_info
[1.025s] removing '/home/hzy/hzy_test/ros2_ws/install/demo_python_pkg/lib/python3.12/site-packages/demo_python_pkg-0.0.0-py3.12.egg-info' (and everything under it)
[1.026s] Copying ../../build/demo_python_pkg/demo_python_pkg.egg-info to /home/hzy/hzy_test/ros2_ws/install/demo_python_pkg/lib/python3.12/site-packages/demo_python_pkg-0.0.0-py3.12.egg-info
[1.027s] running install_scripts
[1.115s] Installing learn_thread script to /home/hzy/hzy_test/ros2_ws/install/demo_python_pkg/lib/demo_python_pkg
[1.120s] Installing person_node script to /home/hzy/hzy_test/ros2_ws/install/demo_python_pkg/lib/demo_python_pkg
[1.123s] Installing python_node script to /home/hzy/hzy_test/ros2_ws/install/demo_python_pkg/lib/demo_python_pkg
[1.123s] Installing writer_node script to /home/hzy/hzy_test/ros2_ws/install/demo_python_pkg/lib/demo_python_pkg
[1.123s] writing list of installed files to '/home/hzy/hzy_test/ros2_ws/build/demo_python_pkg/install.log'
[1.158s] Invoked command in '/home/hzy/hzy_test/ros2_ws/src/demo_python_pkg' returned '0': DEBUGINFOD_URLS=https://debuginfod.ubuntu.com PYTHONPATH=/home/hzy/hzy_test/ros2_ws/build/demo_python_pkg/prefix_override:/usr/lib/python3/dist-packages/colcon_core/task/python/colcon_distutils_commands:/home/hzy/hzy_test/ros2_ws/install/demo_python_pkg/lib/python3.12/site-packages:${PYTHONPATH} /usr/bin/python3 -W ignore:setup.py install is deprecated -W ignore:easy_install command is deprecated setup.py egg_info --egg-base ../../build/demo_python_pkg build --build-base /home/hzy/hzy_test/ros2_ws/build/demo_python_pkg/build install --record /home/hzy/hzy_test/ros2_ws/build/demo_python_pkg/install.log --single-version-externally-managed install_data
