[0.892s] Invoking command in '/home/hzy/hzy_test/CHAPT3/topic_ws/src/demo_python_topic': DEBUGINFOD_URLS=https://debuginfod.ubuntu.com PYTHONPATH=/home/hzy/hzy_test/CHAPT3/topic_ws/build/demo_python_topic/prefix_override:/usr/lib/python3/dist-packages/colcon_core/task/python/colcon_distutils_commands:/home/hzy/hzy_test/CHAPT3/topic_ws/install/demo_python_topic/lib/python3.12/site-packages:${PYTHONPATH} /usr/bin/python3 -W ignore:setup.py install is deprecated -W ignore:easy_install command is deprecated setup.py egg_info --egg-base ../../build/demo_python_topic build --build-base /home/hzy/hzy_test/CHAPT3/topic_ws/build/demo_python_topic/build install --record /home/hzy/hzy_test/CHAPT3/topic_ws/build/demo_python_topic/install.log --single-version-externally-managed install_data
[1.106s] running egg_info
[1.107s] creating ../../build/demo_python_topic/demo_python_topic.egg-info
[1.123s] writing ../../build/demo_python_topic/demo_python_topic.egg-info/PKG-INFO
[1.123s] writing dependency_links to ../../build/demo_python_topic/demo_python_topic.egg-info/dependency_links.txt
[1.123s] writing requirements to ../../build/demo_python_topic/demo_python_topic.egg-info/requires.txt
[1.123s] writing top-level names to ../../build/demo_python_topic/demo_python_topic.egg-info/top_level.txt
[1.123s] writing manifest file '../../build/demo_python_topic/demo_python_topic.egg-info/SOURCES.txt'
[1.153s] reading manifest file '../../build/demo_python_topic/demo_python_topic.egg-info/SOURCES.txt'
[1.153s] adding license file 'LICENSE'
[1.153s] writing manifest file '../../build/demo_python_topic/demo_python_topic.egg-info/SOURCES.txt'
[1.153s] running build
[1.153s] running build_py
[1.153s] creating /home/hzy/hzy_test/CHAPT3/topic_ws/build/demo_python_topic/build
[1.153s] creating /home/hzy/hzy_test/CHAPT3/topic_ws/build/demo_python_topic/build/lib
[1.155s] creating /home/hzy/hzy_test/CHAPT3/topic_ws/build/demo_python_topic/build/lib/demo_python_topic
[1.155s] copying demo_python_topic/__init__.py -> /home/hzy/hzy_test/CHAPT3/topic_ws/build/demo_python_topic/build/lib/demo_python_topic
[1.155s] running install
[1.160s] running install_lib
[1.173s] creating /home/hzy/hzy_test/CHAPT3/topic_ws/install/demo_python_topic/lib/python3.12/site-packages/demo_python_topic
[1.174s] copying /home/hzy/hzy_test/CHAPT3/topic_ws/build/demo_python_topic/build/lib/demo_python_topic/__init__.py -> /home/hzy/hzy_test/CHAPT3/topic_ws/install/demo_python_topic/lib/python3.12/site-packages/demo_python_topic
[1.174s] byte-compiling /home/hzy/hzy_test/CHAPT3/topic_ws/install/demo_python_topic/lib/python3.12/site-packages/demo_python_topic/__init__.py to __init__.cpython-312.pyc
[1.174s] running install_data
[1.174s] creating /home/hzy/hzy_test/CHAPT3/topic_ws/install/demo_python_topic/share/ament_index
[1.175s] creating /home/hzy/hzy_test/CHAPT3/topic_ws/install/demo_python_topic/share/ament_index/resource_index
[1.175s] creating /home/hzy/hzy_test/CHAPT3/topic_ws/install/demo_python_topic/share/ament_index/resource_index/packages
[1.175s] copying resource/demo_python_topic -> /home/hzy/hzy_test/CHAPT3/topic_ws/install/demo_python_topic/share/ament_index/resource_index/packages
[1.175s] copying package.xml -> /home/hzy/hzy_test/CHAPT3/topic_ws/install/demo_python_topic/share/demo_python_topic
[1.175s] running install_egg_info
[1.186s] Copying ../../build/demo_python_topic/demo_python_topic.egg-info to /home/hzy/hzy_test/CHAPT3/topic_ws/install/demo_python_topic/lib/python3.12/site-packages/demo_python_topic-0.0.0-py3.12.egg-info
[1.193s] running install_scripts
[1.292s] writing list of installed files to '/home/hzy/hzy_test/CHAPT3/topic_ws/build/demo_python_topic/install.log'
[1.312s] Invoked command in '/home/hzy/hzy_test/CHAPT3/topic_ws/src/demo_python_topic' returned '0': DEBUGINFOD_URLS=https://debuginfod.ubuntu.com PYTHONPATH=/home/hzy/hzy_test/CHAPT3/topic_ws/build/demo_python_topic/prefix_override:/usr/lib/python3/dist-packages/colcon_core/task/python/colcon_distutils_commands:/home/hzy/hzy_test/CHAPT3/topic_ws/install/demo_python_topic/lib/python3.12/site-packages:${PYTHONPATH} /usr/bin/python3 -W ignore:setup.py install is deprecated -W ignore:easy_install command is deprecated setup.py egg_info --egg-base ../../build/demo_python_topic build --build-base /home/hzy/hzy_test/CHAPT3/topic_ws/build/demo_python_topic/build install --record /home/hzy/hzy_test/CHAPT3/topic_ws/build/demo_python_topic/install.log --single-version-externally-managed install_data
