[0.013s] Invoking command in '/home/hzy/hzy_test/CHAPT3/topic_ws/build/demo_cpp_topic': CMAKE_PREFIX_PATH=${CMAKE_PREFIX_PATH}:/opt/ros/jazzy DEBUGINFOD_URLS=https://debuginfod.ubuntu.com /usr/bin/cmake /home/hzy/hzy_test/CHAPT3/topic_ws/src/demo_cpp_topic -DCMAKE_INSTALL_PREFIX=/home/hzy/hzy_test/CHAPT3/topic_ws/install/demo_cpp_topic
[0.071s] -- The C compiler identification is GNU 13.3.0
[0.116s] -- The CXX compiler identification is GNU 13.3.0
[0.141s] -- Detecting C compiler ABI info
[0.245s] -- Detecting C compiler ABI info - done
[0.253s] -- Check for working C compiler: /usr/bin/cc - skipped
[0.255s] -- Detecting C compile features
[0.255s] -- Detecting C compile features - done
[0.265s] -- Detecting CXX compiler ABI info
[0.381s] -- Detecting CXX compiler ABI info - done
[0.382s] -- Check for working CXX compiler: /usr/bin/c++ - skipped
[0.383s] -- Detecting CXX compile features
[0.383s] -- Detecting CXX compile features - done
[0.385s] -- Found ament_cmake: 2.5.5 (/opt/ros/jazzy/share/ament_cmake/cmake)
[0.504s] -- Found Python3: /usr/bin/python3 (found version "3.12.3") found components: Interpreter 
[0.589s] -- Found rclcpp: 28.1.16 (/opt/ros/jazzy/share/rclcpp/cmake)
[0.608s] -- Found rosidl_generator_c: 4.6.7 (/opt/ros/jazzy/share/rosidl_generator_c/cmake)
[0.617s] -- Found rosidl_generator_cpp: 4.6.7 (/opt/ros/jazzy/share/rosidl_generator_cpp/cmake)
[0.628s] -- Using all available rosidl_typesupport_c: rosidl_typesupport_fastrtps_c;rosidl_typesupport_introspection_c
[0.667s] -- Using all available rosidl_typesupport_cpp: rosidl_typesupport_fastrtps_cpp;rosidl_typesupport_introspection_cpp
[0.734s] -- Found rmw_implementation_cmake: 7.3.3 (/opt/ros/jazzy/share/rmw_implementation_cmake/cmake)
[0.735s] -- Found rmw_fastrtps_cpp: 8.4.3 (/opt/ros/jazzy/share/rmw_fastrtps_cpp/cmake)
[0.814s] -- Found OpenSSL: /usr/lib/x86_64-linux-gnu/libcrypto.so (found version "3.0.13")  
[0.834s] -- Found FastRTPS: /opt/ros/jazzy/include (Required is at least version "2.13") 
[0.856s] -- Using RMW implementation 'rmw_fastrtps_cpp' as default
[0.909s] -- Found geometry_msgs: 5.3.6 (/opt/ros/jazzy/share/geometry_msgs/cmake)
[0.940s] -- Found turtlesim: 1.8.3 (/opt/ros/jazzy/share/turtlesim/cmake)
[0.984s] -- Found ament_lint_auto: 0.17.4 (/opt/ros/jazzy/share/ament_lint_auto/cmake)
[1.068s] -- Added test 'cppcheck' to perform static code analysis on C / C++ code
[1.068s] -- Configured cppcheck include dirs: 
[1.068s] -- Configured cppcheck exclude dirs and/or files: 
[1.069s] -- Added test 'lint_cmake' to check CMake code style
[1.070s] -- Added test 'uncrustify' to check C / C++ code style
[1.070s] -- Configured uncrustify additional arguments: 
[1.071s] -- Added test 'xmllint' to check XML markup files
[1.074s] -- Configuring done (1.1s)
[1.089s] -- Generating done (0.0s)
[1.095s] -- Build files have been written to: /home/hzy/hzy_test/CHAPT3/topic_ws/build/demo_cpp_topic
[1.107s] Invoked command in '/home/hzy/hzy_test/CHAPT3/topic_ws/build/demo_cpp_topic' returned '0': CMAKE_PREFIX_PATH=${CMAKE_PREFIX_PATH}:/opt/ros/jazzy DEBUGINFOD_URLS=https://debuginfod.ubuntu.com /usr/bin/cmake /home/hzy/hzy_test/CHAPT3/topic_ws/src/demo_cpp_topic -DCMAKE_INSTALL_PREFIX=/home/hzy/hzy_test/CHAPT3/topic_ws/install/demo_cpp_topic
[1.108s] Invoking command in '/home/hzy/hzy_test/CHAPT3/topic_ws/build/demo_cpp_topic': CMAKE_PREFIX_PATH=${CMAKE_PREFIX_PATH}:/opt/ros/jazzy DEBUGINFOD_URLS=https://debuginfod.ubuntu.com /usr/bin/cmake --build /home/hzy/hzy_test/CHAPT3/topic_ws/build/demo_cpp_topic -- -j8 -l8
[1.167s] [ 25%] [32mBuilding CXX object CMakeFiles/turtle_circle.dir/src/turtle_circle.cpp.o[0m
[1.168s] [ 50%] [32mBuilding CXX object CMakeFiles/turtle_control.dir/src/turtle_control.cpp.o[0m
[2.838s] In file included from [01m[K/opt/ros/jazzy/include/rclcpp/rclcpp/utilities.hpp:19[m[K,
[2.838s]                  from [01m[K/opt/ros/jazzy/include/rclcpp/rclcpp/logging.hpp:25[m[K,
[2.838s]                  from [01m[K/opt/ros/jazzy/include/rclcpp/rclcpp/copy_all_parameter_values.hpp:27[m[K,
[2.838s]                  from [01m[K/opt/ros/jazzy/include/rclcpp/rclcpp/rclcpp.hpp:171[m[K,
[2.838s]                  from [01m[K/home/hzy/hzy_test/CHAPT3/topic_ws/src/demo_cpp_topic/src/turtle_control.cpp:1[m[K:
[2.838s] /usr/include/c++/13/functional: In instantiation of ‘[01m[Kstruct std::_Bind_check_arity<void (TurtlrControlNode::*)(std::shared_ptr<turtlesim::msg::Pose_<std::allocator<void> > >), TurtlrControlNode*>[m[K’:
[2.839s] [01m[K/usr/include/c++/13/functional:859:12:[m[K   required from ‘[01m[Kstruct std::_Bind_helper<false, void (TurtlrControlNode::*)(std::shared_ptr<turtlesim::msg::Pose_<std::allocator<void> > >), TurtlrControlNode*>[m[K’
[2.839s] [01m[K/usr/include/c++/13/functional:881:5:[m[K   required by substitution of ‘[01m[Ktemplate<class _Func, class ... _BoundArgs> typename std::_Bind_helper<std::__is_socketlike<_Func>::value, _Func, _BoundArgs ...>::type std::[01;32m[Kbind[m[K(_Func&&, _BoundArgs&& ...) [35m[K[with _Func = void (TurtlrControlNode::*)(std::shared_ptr<turtlesim::msg::Pose_<std::allocator<void> > >); _BoundArgs = {TurtlrControlNode*}][m[K[m[K’
[2.839s] [01m[K/home/hzy/hzy_test/CHAPT3/topic_ws/src/demo_cpp_topic/src/turtle_control.cpp:27:44:[m[K   required from here
[2.839s] [01m[K/usr/include/c++/13/functional:847:21:[m[K [01;31m[Kerror: [m[Kstatic assertion failed: Wrong number of arguments for pointer-to-member
[2.839s]   846 |       static_assert(_Varargs::[01;31m[Kvalue[m[K
[2.839s]       |                               [01;31m[K~~~~~[m[K
[2.839s]   847 | [01;31m[K                    ? sizeof...(_BoundArgs) >= _Arity::value + 1[m[K
[2.839s]       |                     [01;31m[K^~~~~~~~~~~~~~~~~~~~~~~~~~~~~~~~~~~~~~~~~~~~[m[K
[2.839s]   848 | [01;31m[K                    : sizeof...(_BoundArgs) == _Arity::value + 1[m[K,
[2.839s]       |                     [01;31m[K~~~~~~~~~~~~~~~~~~~~~~~~~~~~~~~~~~~~~~~~~~~~[m[K
[2.839s] [01m[K/usr/include/c++/13/functional:847:21:[m[K [01;36m[Knote: [m[K‘[01m[K(false ? (1 >= (((long unsigned int)std::integral_constant<long unsigned int, 1>::value) + 1)) : (1 == (((long unsigned int)std::integral_constant<long unsigned int, 1>::value) + 1)))[m[K’ evaluates to false
[2.845s] [01m[K/home/hzy/hzy_test/CHAPT3/topic_ws/src/demo_cpp_topic/src/turtle_control.cpp:[m[K In member function ‘[01m[Kvoid TurtlrControlNode::[01;32m[Kon_pose_received_[m[K(turtlesim::msg::Pose_<std::allocator<void> >::SharedPtr)[m[K’:
[2.845s] [01m[K/home/hzy/hzy_test/CHAPT3/topic_ws/src/demo_cpp_topic/src/turtle_control.cpp:70:18:[m[K [01;31m[Kerror: [m[Kconflicting declaration ‘[01m[Kauto msg[m[K’
[2.845s]    70 |             auto [01;31m[Kmsg[m[K = geometry_msgs::msg::Twist();
[2.845s]       |                  [01;31m[K^~~[m[K
[2.845s] [01m[K/home/hzy/hzy_test/CHAPT3/topic_ws/src/demo_cpp_topic/src/turtle_control.cpp:50:18:[m[K [01;36m[Knote: [m[Kprevious declaration as ‘[01m[Kgeometry_msgs::msg::Twist_<std::allocator<void> > msg[m[K’
[2.845s]    50 |             auto [01;36m[Kmsg[m[K = geometry_msgs::msg::Twist();
[2.845s]       |                  [01;36m[K^~~[m[K
[3.324s] In file included from [01m[K/opt/ros/jazzy/include/rclcpp/rclcpp/subscription_base.hpp:32[m[K,
[3.324s]                  from [01m[K/opt/ros/jazzy/include/rclcpp/rclcpp/callback_group.hpp:29[m[K,
[3.324s]                  from [01m[K/opt/ros/jazzy/include/rclcpp/rclcpp/any_executable.hpp:20[m[K,
[3.324s]                  from [01m[K/opt/ros/jazzy/include/rclcpp/rclcpp/memory_strategy.hpp:25[m[K,
[3.325s]                  from [01m[K/opt/ros/jazzy/include/rclcpp/rclcpp/memory_strategies.hpp:18[m[K,
[3.325s]                  from [01m[K/opt/ros/jazzy/include/rclcpp/rclcpp/executor_options.hpp:22[m[K,
[3.325s]                  from [01m[K/opt/ros/jazzy/include/rclcpp/rclcpp/executor.hpp:38[m[K,
[3.325s]                  from [01m[K/opt/ros/jazzy/include/rclcpp/rclcpp/executors/multi_threaded_executor.hpp:25[m[K,
[3.325s]                  from [01m[K/opt/ros/jazzy/include/rclcpp/rclcpp/executors.hpp:21[m[K,
[3.325s]                  from [01m[K/opt/ros/jazzy/include/rclcpp/rclcpp/rclcpp.hpp:172[m[K:
[3.325s] /opt/ros/jazzy/include/rclcpp/rclcpp/any_subscription_callback.hpp: In instantiation of ‘[01m[Krclcpp::AnySubscriptionCallback<MessageT, AllocatorT> rclcpp::AnySubscriptionCallback<MessageT, AllocatorT>::[01;32m[Kset[m[K(CallbackT) [35m[K[with CallbackT = std::_Bind<void (TurtlrControlNode::*(TurtlrControlNode*))(std::shared_ptr<turtlesim::msg::Pose_<std::allocator<void> > >)>; MessageT = turtlesim::msg::Pose_<std::allocator<void> >; AllocatorT = std::allocator<void>][m[K[m[K’:
[3.325s] [01m[K/opt/ros/jazzy/include/rclcpp/rclcpp/subscription_factory.hpp:93:32:[m[K   required from ‘[01m[Krclcpp::SubscriptionFactory rclcpp::[01;32m[Kcreate_subscription_factory[m[K(CallbackT&&, const SubscriptionOptionsWithAllocator<AllocatorT>&, typename MessageMemoryStrategyT::SharedPtr, std::shared_ptr<topic_statistics::SubscriptionTopicStatistics>) [35m[K[with MessageT = turtlesim::msg::Pose_<std::allocator<void> >; CallbackT = std::_Bind<void (TurtlrControlNode::*(TurtlrControlNode*))(std::shared_ptr<turtlesim::msg::Pose_<std::allocator<void> > >)>; AllocatorT = std::allocator<void>; SubscriptionT = Subscription<turtlesim::msg::Pose_<std::allocator<void> > >; MessageMemoryStrategyT = message_memory_strategy::MessageMemoryStrategy<turtlesim::msg::Pose_<std::allocator<void> >, std::allocator<void> >; typename MessageMemoryStrategyT::SharedPtr = std::shared_ptr<message_memory_strategy::MessageMemoryStrategy<turtlesim::msg::Pose_<std::allocator<void> >, std::allocator<void> > >][m[K[m[K’
[3.325s] [01m[K/opt/ros/jazzy/include/rclcpp/rclcpp/create_subscription.hpp:121:63:[m[K   required from ‘[01m[Kstd::shared_ptr<ROSMessageT> rclcpp::detail::[01;32m[Kcreate_subscription[m[K(NodeParametersT&, NodeTopicsT&, const std::string&, const rclcpp::QoS&, CallbackT&&, const rclcpp::SubscriptionOptionsWithAllocator<AllocatorT>&, typename MessageMemoryStrategyT::SharedPtr) [35m[K[with MessageT = turtlesim::msg::Pose_<std::allocator<void> >; CallbackT = std::_Bind<void (TurtlrControlNode::*(TurtlrControlNode*))(std::shared_ptr<turtlesim::msg::Pose_<std::allocator<void> > >)>; AllocatorT = std::allocator<void>; SubscriptionT = rclcpp::Subscription<turtlesim::msg::Pose_<std::allocator<void> > >; MessageMemoryStrategyT = rclcpp::message_memory_strategy::MessageMemoryStrategy<turtlesim::msg::Pose_<std::allocator<void> >, std::allocator<void> >; NodeParametersT = rclcpp::Node; NodeTopicsT = rclcpp::Node; std::string = std::__cxx11::basic_string<char>; typename MessageMemoryStrategyT::SharedPtr = std::shared_ptr<rclcpp::message_memory_strategy::MessageMemoryStrategy<turtlesim::msg::Pose_<std::allocator<void> >, std::allocator<void> > >][m[K[m[K’
[3.325s] [01m[K/opt/ros/jazzy/include/rclcpp/rclcpp/create_subscription.hpp:190:76:[m[K   required from ‘[01m[Kstd::shared_ptr<ROSMessageT> rclcpp::[01;32m[Kcreate_subscription[m[K(NodeT&, const std::string&, const QoS&, CallbackT&&, const SubscriptionOptionsWithAllocator<AllocatorT>&, typename MessageMemoryStrategyT::SharedPtr) [35m[K[with MessageT = turtlesim::msg::Pose_<std::allocator<void> >; CallbackT = std::_Bind<void (TurtlrControlNode::*(TurtlrControlNode*))(std::shared_ptr<turtlesim::msg::Pose_<std::allocator<void> > >)>; AllocatorT = std::allocator<void>; SubscriptionT = Subscription<turtlesim::msg::Pose_<std::allocator<void> > >; MessageMemoryStrategyT = message_memory_strategy::MessageMemoryStrategy<turtlesim::msg::Pose_<std::allocator<void> >, std::allocator<void> >; NodeT = Node; std::string = std::__cxx11::basic_string<char>; typename MessageMemoryStrategyT::SharedPtr = std::shared_ptr<message_memory_strategy::MessageMemoryStrategy<turtlesim::msg::Pose_<std::allocator<void> >, std::allocator<void> > >][m[K[m[K’
[3.325s] [01m[K/opt/ros/jazzy/include/rclcpp/rclcpp/node_impl.hpp:99:47:[m[K   required from ‘[01m[Kstd::shared_ptr<ROSMessageT> rclcpp::Node::[01;32m[Kcreate_subscription[m[K(const std::string&, const rclcpp::QoS&, CallbackT&&, const rclcpp::SubscriptionOptionsWithAllocator<AllocatorT>&, typename MessageMemoryStrategyT::SharedPtr) [35m[K[with MessageT = turtlesim::msg::Pose_<std::allocator<void> >; CallbackT = std::_Bind<void (TurtlrControlNode::*(TurtlrControlNode*))(std::shared_ptr<turtlesim::msg::Pose_<std::allocator<void> > >)>; AllocatorT = std::allocator<void>; SubscriptionT = rclcpp::Subscription<turtlesim::msg::Pose_<std::allocator<void> > >; MessageMemoryStrategyT = rclcpp::message_memory_strategy::MessageMemoryStrategy<turtlesim::msg::Pose_<std::allocator<void> >, std::allocator<void> >; std::string = std::__cxx11::basic_string<char>; typename MessageMemoryStrategyT::SharedPtr = std::shared_ptr<rclcpp::message_memory_strategy::MessageMemoryStrategy<turtlesim::msg::Pose_<std::allocator<void> >, std::allocator<void> > >][m[K[m[K’
[3.325s] [01m[K/home/hzy/hzy_test/CHAPT3/topic_ws/src/demo_cpp_topic/src/turtle_control.cpp:26:76:[m[K   required from here
[3.325s] [01m[K/opt/ros/jazzy/include/rclcpp/rclcpp/any_subscription_callback.hpp:396:25:[m[K [01;31m[Kerror: [m[Kno matching function for call to ‘[01m[Kstd::function<void(std::shared_ptr<turtlesim::msg::Pose_<std::allocator<void> > >)>::function(std::_Bind<void (TurtlrControlNode::*(TurtlrControlNode*))(std::shared_ptr<turtlesim::msg::Pose_<std::allocator<void> > >)>&)[m[K’
[3.325s]   396 |     callback_variant_ = [01;31m[Kstatic_cast<typename scbth::callback_type>(callback)[m[K;
[3.325s]       |                         [01;31m[K^~~~~~~~~~~~~~~~~~~~~~~~~~~~~~~~~~~~~~~~~~~~~~~~~~~~[m[K
[3.325s] In file included from [01m[K/usr/include/c++/13/functional:59[m[K:
[3.325s] [01m[K/usr/include/c++/13/bits/std_function.h:435:9:[m[K [01;36m[Knote: [m[Kcandidate: ‘[01m[Ktemplate<class _Functor, class _Constraints> std::function<_Res(_ArgTypes ...)>::[01;32m[Kfunction[m[K(_Functor&&) [35m[K[with _Constraints = _Functor; _Res = void; _ArgTypes = {std::shared_ptr<turtlesim::msg::Pose_<std::allocator<void> > >}][m[K[m[K’
[3.325s]   435 |         [01;36m[Kfunction[m[K(_Functor&& __f)
[3.325s]       |         [01;36m[K^~~~~~~~[m[K
[3.325s] [01m[K/usr/include/c++/13/bits/std_function.h:435:9:[m[K [01;36m[Knote: [m[K  template argument deduction/substitution failed:
[3.326s] In file included from [01m[K/usr/include/c++/13/bits/move.h:37[m[K,
[3.326s]                  from [01m[K/usr/include/c++/13/bits/new_allocator.h:36[m[K,
[3.326s]                  from [01m[K/usr/include/x86_64-linux-gnu/c++/13/bits/c++allocator.h:33[m[K,
[3.326s]                  from [01m[K/usr/include/c++/13/bits/allocator.h:46[m[K,
[3.326s]                  from [01m[K/usr/include/c++/13/memory:65[m[K,
[3.326s]                  from [01m[K/opt/ros/jazzy/include/rclcpp/rclcpp/rclcpp.hpp:169[m[K:
[3.326s] /usr/include/c++/13/type_traits: In substitution of ‘[01m[Ktemplate<bool _Cond, class _Tp> using std::__enable_if_t = typename std::enable_if::type [35m[K[with bool _Cond = false; _Tp = void][m[K[m[K’:
[3.326s] [01m[K/usr/include/c++/13/bits/std_function.h:353:8:[m[K   required by substitution of ‘[01m[Ktemplate<class _Res, class ... _ArgTypes> template<class _Cond, class _Tp> using std::function<_Res(_ArgTypes ...)>::_Requires = std::__enable_if_t<_Cond::value, _Tp> [35m[K[with _Cond = std::function<void(std::shared_ptr<turtlesim::msg::Pose_<std::allocator<void> > >)>::_Callable<std::_Bind<void (TurtlrControlNode::*(TurtlrControlNode*))(std::shared_ptr<turtlesim::msg::Pose_<std::allocator<void> > >)>&, std::_Bind<void (TurtlrControlNode::*(TurtlrControlNode*))(std::shared_ptr<turtlesim::msg::Pose_<std::allocator<void> > >)>, std::__invoke_result<std::_Bind<void (TurtlrControlNode::*(TurtlrControlNode*))(std::shared_ptr<turtlesim::msg::Pose_<std::allocator<void> > >)>&, std::shared_ptr<turtlesim::msg::Pose_<std::allocator<void> > > > >; _Tp = void; _Res = void; _ArgTypes = {std::shared_ptr<turtlesim::msg::Pose_<std::allocator<void> > >}][m[K[m[K’
[3.326s] [01m[K/usr/include/c++/13/bits/std_function.h:434:9:[m[K   required from ‘[01m[Krclcpp::AnySubscriptionCallback<MessageT, AllocatorT> rclcpp::AnySubscriptionCallback<MessageT, AllocatorT>::[01;32m[Kset[m[K(CallbackT) [35m[K[with CallbackT = std::_Bind<void (TurtlrControlNode::*(TurtlrControlNode*))(std::shared_ptr<turtlesim::msg::Pose_<std::allocator<void> > >)>; MessageT = turtlesim::msg::Pose_<std::allocator<void> >; AllocatorT = std::allocator<void>][m[K[m[K’
[3.326s] [01m[K/opt/ros/jazzy/include/rclcpp/rclcpp/subscription_factory.hpp:93:32:[m[K   required from ‘[01m[Krclcpp::SubscriptionFactory rclcpp::[01;32m[Kcreate_subscription_factory[m[K(CallbackT&&, const SubscriptionOptionsWithAllocator<AllocatorT>&, typename MessageMemoryStrategyT::SharedPtr, std::shared_ptr<topic_statistics::SubscriptionTopicStatistics>) [35m[K[with MessageT = turtlesim::msg::Pose_<std::allocator<void> >; CallbackT = std::_Bind<void (TurtlrControlNode::*(TurtlrControlNode*))(std::shared_ptr<turtlesim::msg::Pose_<std::allocator<void> > >)>; AllocatorT = std::allocator<void>; SubscriptionT = Subscription<turtlesim::msg::Pose_<std::allocator<void> > >; MessageMemoryStrategyT = message_memory_strategy::MessageMemoryStrategy<turtlesim::msg::Pose_<std::allocator<void> >, std::allocator<void> >; typename MessageMemoryStrategyT::SharedPtr = std::shared_ptr<message_memory_strategy::MessageMemoryStrategy<turtlesim::msg::Pose_<std::allocator<void> >, std::allocator<void> > >][m[K[m[K’
[3.326s] [01m[K/opt/ros/jazzy/include/rclcpp/rclcpp/create_subscription.hpp:121:63:[m[K   required from ‘[01m[Kstd::shared_ptr<ROSMessageT> rclcpp::detail::[01;32m[Kcreate_subscription[m[K(NodeParametersT&, NodeTopicsT&, const std::string&, const rclcpp::QoS&, CallbackT&&, const rclcpp::SubscriptionOptionsWithAllocator<AllocatorT>&, typename MessageMemoryStrategyT::SharedPtr) [35m[K[with MessageT = turtlesim::msg::Pose_<std::allocator<void> >; CallbackT = std::_Bind<void (TurtlrControlNode::*(TurtlrControlNode*))(std::shared_ptr<turtlesim::msg::Pose_<std::allocator<void> > >)>; AllocatorT = std::allocator<void>; SubscriptionT = rclcpp::Subscription<turtlesim::msg::Pose_<std::allocator<void> > >; MessageMemoryStrategyT = rclcpp::message_memory_strategy::MessageMemoryStrategy<turtlesim::msg::Pose_<std::allocator<void> >, std::allocator<void> >; NodeParametersT = rclcpp::Node; NodeTopicsT = rclcpp::Node; std::string = std::__cxx11::basic_string<char>; typename MessageMemoryStrategyT::SharedPtr = std::shared_ptr<rclcpp::message_memory_strategy::MessageMemoryStrategy<turtlesim::msg::Pose_<std::allocator<void> >, std::allocator<void> > >][m[K[m[K’
[3.326s] [01m[K/opt/ros/jazzy/include/rclcpp/rclcpp/create_subscription.hpp:190:76:[m[K   required from ‘[01m[Kstd::shared_ptr<ROSMessageT> rclcpp::[01;32m[Kcreate_subscription[m[K(NodeT&, const std::string&, const QoS&, CallbackT&&, const SubscriptionOptionsWithAllocator<AllocatorT>&, typename MessageMemoryStrategyT::SharedPtr) [35m[K[with MessageT = turtlesim::msg::Pose_<std::allocator<void> >; CallbackT = std::_Bind<void (TurtlrControlNode::*(TurtlrControlNode*))(std::shared_ptr<turtlesim::msg::Pose_<std::allocator<void> > >)>; AllocatorT = std::allocator<void>; SubscriptionT = Subscription<turtlesim::msg::Pose_<std::allocator<void> > >; MessageMemoryStrategyT = message_memory_strategy::MessageMemoryStrategy<turtlesim::msg::Pose_<std::allocator<void> >, std::allocator<void> >; NodeT = Node; std::string = std::__cxx11::basic_string<char>; typename MessageMemoryStrategyT::SharedPtr = std::shared_ptr<message_memory_strategy::MessageMemoryStrategy<turtlesim::msg::Pose_<std::allocator<void> >, std::allocator<void> > >][m[K[m[K’
[3.326s] [01m[K/opt/ros/jazzy/include/rclcpp/rclcpp/node_impl.hpp:99:47:[m[K   required from ‘[01m[Kstd::shared_ptr<ROSMessageT> rclcpp::Node::[01;32m[Kcreate_subscription[m[K(const std::string&, const rclcpp::QoS&, CallbackT&&, const rclcpp::SubscriptionOptionsWithAllocator<AllocatorT>&, typename MessageMemoryStrategyT::SharedPtr) [35m[K[with MessageT = turtlesim::msg::Pose_<std::allocator<void> >; CallbackT = std::_Bind<void (TurtlrControlNode::*(TurtlrControlNode*))(std::shared_ptr<turtlesim::msg::Pose_<std::allocator<void> > >)>; AllocatorT = std::allocator<void>; SubscriptionT = rclcpp::Subscription<turtlesim::msg::Pose_<std::allocator<void> > >; MessageMemoryStrategyT = rclcpp::message_memory_strategy::MessageMemoryStrategy<turtlesim::msg::Pose_<std::allocator<void> >, std::allocator<void> >; std::string = std::__cxx11::basic_string<char>; typename MessageMemoryStrategyT::SharedPtr = std::shared_ptr<rclcpp::message_memory_strategy::MessageMemoryStrategy<turtlesim::msg::Pose_<std::allocator<void> >, std::allocator<void> > >][m[K[m[K’
[3.326s] [01m[K/home/hzy/hzy_test/CHAPT3/topic_ws/src/demo_cpp_topic/src/turtle_control.cpp:26:76:[m[K   required from here
[3.326s] [01m[K/usr/include/c++/13/type_traits:116:11:[m[K [01;31m[Kerror: [m[Kno type named ‘[01m[Ktype[m[K’ in ‘[01m[Kstruct std::enable_if<false, void>[m[K’
[3.326s]   116 |     using [01;31m[K__enable_if_t[m[K = typename enable_if<_Cond, _Tp>::type;
[3.326s]       |           [01;31m[K^~~~~~~~~~~~~[m[K
[3.326s] /opt/ros/jazzy/include/rclcpp/rclcpp/any_subscription_callback.hpp: In instantiation of ‘[01m[Krclcpp::AnySubscriptionCallback<MessageT, AllocatorT> rclcpp::AnySubscriptionCallback<MessageT, AllocatorT>::[01;32m[Kset[m[K(CallbackT) [35m[K[with CallbackT = std::_Bind<void (TurtlrControlNode::*(TurtlrControlNode*))(std::shared_ptr<turtlesim::msg::Pose_<std::allocator<void> > >)>; MessageT = turtlesim::msg::Pose_<std::allocator<void> >; AllocatorT = std::allocator<void>][m[K[m[K’:
[3.326s] [01m[K/opt/ros/jazzy/include/rclcpp/rclcpp/subscription_factory.hpp:93:32:[m[K   required from ‘[01m[Krclcpp::SubscriptionFactory rclcpp::[01;32m[Kcreate_subscription_factory[m[K(CallbackT&&, const SubscriptionOptionsWithAllocator<AllocatorT>&, typename MessageMemoryStrategyT::SharedPtr, std::shared_ptr<topic_statistics::SubscriptionTopicStatistics>) [35m[K[with MessageT = turtlesim::msg::Pose_<std::allocator<void> >; CallbackT = std::_Bind<void (TurtlrControlNode::*(TurtlrControlNode*))(std::shared_ptr<turtlesim::msg::Pose_<std::allocator<void> > >)>; AllocatorT = std::allocator<void>; SubscriptionT = Subscription<turtlesim::msg::Pose_<std::allocator<void> > >; MessageMemoryStrategyT = message_memory_strategy::MessageMemoryStrategy<turtlesim::msg::Pose_<std::allocator<void> >, std::allocator<void> >; typename MessageMemoryStrategyT::SharedPtr = std::shared_ptr<message_memory_strategy::MessageMemoryStrategy<turtlesim::msg::Pose_<std::allocator<void> >, std::allocator<void> > >][m[K[m[K’
[3.326s] [01m[K/opt/ros/jazzy/include/rclcpp/rclcpp/create_subscription.hpp:121:63:[m[K   required from ‘[01m[Kstd::shared_ptr<ROSMessageT> rclcpp::detail::[01;32m[Kcreate_subscription[m[K(NodeParametersT&, NodeTopicsT&, const std::string&, const rclcpp::QoS&, CallbackT&&, const rclcpp::SubscriptionOptionsWithAllocator<AllocatorT>&, typename MessageMemoryStrategyT::SharedPtr) [35m[K[with MessageT = turtlesim::msg::Pose_<std::allocator<void> >; CallbackT = std::_Bind<void (TurtlrControlNode::*(TurtlrControlNode*))(std::shared_ptr<turtlesim::msg::Pose_<std::allocator<void> > >)>; AllocatorT = std::allocator<void>; SubscriptionT = rclcpp::Subscription<turtlesim::msg::Pose_<std::allocator<void> > >; MessageMemoryStrategyT = rclcpp::message_memory_strategy::MessageMemoryStrategy<turtlesim::msg::Pose_<std::allocator<void> >, std::allocator<void> >; NodeParametersT = rclcpp::Node; NodeTopicsT = rclcpp::Node; std::string = std::__cxx11::basic_string<char>; typename MessageMemoryStrategyT::SharedPtr = std::shared_ptr<rclcpp::message_memory_strategy::MessageMemoryStrategy<turtlesim::msg::Pose_<std::allocator<void> >, std::allocator<void> > >][m[K[m[K’
[3.326s] [01m[K/opt/ros/jazzy/include/rclcpp/rclcpp/create_subscription.hpp:190:76:[m[K   required from ‘[01m[Kstd::shared_ptr<ROSMessageT> rclcpp::[01;32m[Kcreate_subscription[m[K(NodeT&, const std::string&, const QoS&, CallbackT&&, const SubscriptionOptionsWithAllocator<AllocatorT>&, typename MessageMemoryStrategyT::SharedPtr) [35m[K[with MessageT = turtlesim::msg::Pose_<std::allocator<void> >; CallbackT = std::_Bind<void (TurtlrControlNode::*(TurtlrControlNode*))(std::shared_ptr<turtlesim::msg::Pose_<std::allocator<void> > >)>; AllocatorT = std::allocator<void>; SubscriptionT = Subscription<turtlesim::msg::Pose_<std::allocator<void> > >; MessageMemoryStrategyT = message_memory_strategy::MessageMemoryStrategy<turtlesim::msg::Pose_<std::allocator<void> >, std::allocator<void> >; NodeT = Node; std::string = std::__cxx11::basic_string<char>; typename MessageMemoryStrategyT::SharedPtr = std::shared_ptr<message_memory_strategy::MessageMemoryStrategy<turtlesim::msg::Pose_<std::allocator<void> >, std::allocator<void> > >][m[K[m[K’
[3.326s] [01m[K/opt/ros/jazzy/include/rclcpp/rclcpp/node_impl.hpp:99:47:[m[K   required from ‘[01m[Kstd::shared_ptr<ROSMessageT> rclcpp::Node::[01;32m[Kcreate_subscription[m[K(const std::string&, const rclcpp::QoS&, CallbackT&&, const rclcpp::SubscriptionOptionsWithAllocator<AllocatorT>&, typename MessageMemoryStrategyT::SharedPtr) [35m[K[with MessageT = turtlesim::msg::Pose_<std::allocator<void> >; CallbackT = std::_Bind<void (TurtlrControlNode::*(TurtlrControlNode*))(std::shared_ptr<turtlesim::msg::Pose_<std::allocator<void> > >)>; AllocatorT = std::allocator<void>; SubscriptionT = rclcpp::Subscription<turtlesim::msg::Pose_<std::allocator<void> > >; MessageMemoryStrategyT = rclcpp::message_memory_strategy::MessageMemoryStrategy<turtlesim::msg::Pose_<std::allocator<void> >, std::allocator<void> >; std::string = std::__cxx11::basic_string<char>; typename MessageMemoryStrategyT::SharedPtr = std::shared_ptr<rclcpp::message_memory_strategy::MessageMemoryStrategy<turtlesim::msg::Pose_<std::allocator<void> >, std::allocator<void> > >][m[K[m[K’
[3.326s] [01m[K/home/hzy/hzy_test/CHAPT3/topic_ws/src/demo_cpp_topic/src/turtle_control.cpp:26:76:[m[K   required from here
[3.326s] [01m[K/usr/include/c++/13/bits/std_function.h:404:7:[m[K [01;36m[Knote: [m[Kcandidate: ‘[01m[Kstd::function<_Res(_ArgTypes ...)>::[01;32m[Kfunction[m[K(std::function<_Res(_ArgTypes ...)>&&) [35m[K[with _Res = void; _ArgTypes = {std::shared_ptr<turtlesim::msg::Pose_<std::allocator<void> > >}][m[K[m[K’
[3.326s]   404 |       [01;36m[Kfunction[m[K(function&& __x) noexcept
[3.326s]       |       [01;36m[K^~~~~~~~[m[K
[3.326s] [01m[K/usr/include/c++/13/bits/std_function.h:404:27:[m[K [01;36m[Knote: [m[K  no known conversion for argument 1 from ‘[01m[Kstd::_Bind<void (TurtlrControlNode::*(TurtlrControlNode*))(std::shared_ptr<turtlesim::msg::Pose_<std::allocator<void> > >)>[m[K’ to ‘[01m[Kstd::function<void(std::shared_ptr<turtlesim::msg::Pose_<std::allocator<void> > >)>&&[m[K’
[3.326s]   404 |       function([01;36m[Kfunction&& __x[m[K) noexcept
[3.326s]       |                [01;36m[K~~~~~~~~~~~^~~[m[K
[3.326s] [01m[K/usr/include/c++/13/bits/std_function.h:386:7:[m[K [01;36m[Knote: [m[Kcandidate: ‘[01m[Kstd::function<_Res(_ArgTypes ...)>::[01;32m[Kfunction[m[K(const std::function<_Res(_ArgTypes ...)>&) [35m[K[with _Res = void; _ArgTypes = {std::shared_ptr<turtlesim::msg::Pose_<std::allocator<void> > >}][m[K[m[K’
[3.326s]   386 |       [01;36m[Kfunction[m[K(const function& __x)
[3.326s]       |       [01;36m[K^~~~~~~~[m[K
[3.326s] [01m[K/usr/include/c++/13/bits/std_function.h:386:32:[m[K [01;36m[Knote: [m[K  no known conversion for argument 1 from ‘[01m[Kstd::_Bind<void (TurtlrControlNode::*(TurtlrControlNode*))(std::shared_ptr<turtlesim::msg::Pose_<std::allocator<void> > >)>[m[K’ to ‘[01m[Kconst std::function<void(std::shared_ptr<turtlesim::msg::Pose_<std::allocator<void> > >)>&[m[K’
[3.326s]   386 |       function([01;36m[Kconst function& __x[m[K)
[3.326s]       |                [01;36m[K~~~~~~~~~~~~~~~~^~~[m[K
[3.327s] [01m[K/usr/include/c++/13/bits/std_function.h:375:7:[m[K [01;36m[Knote: [m[Kcandidate: ‘[01m[Kstd::function<_Res(_ArgTypes ...)>::[01;32m[Kfunction[m[K(std::nullptr_t) [35m[K[with _Res = void; _ArgTypes = {std::shared_ptr<turtlesim::msg::Pose_<std::allocator<void> > >}; std::nullptr_t = std::nullptr_t][m[K[m[K’
[3.327s]   375 |       [01;36m[Kfunction[m[K(nullptr_t) noexcept
[3.327s]       |       [01;36m[K^~~~~~~~[m[K
[3.327s] [01m[K/usr/include/c++/13/bits/std_function.h:375:16:[m[K [01;36m[Knote: [m[K  no known conversion for argument 1 from ‘[01m[Kstd::_Bind<void (TurtlrControlNode::*(TurtlrControlNode*))(std::shared_ptr<turtlesim::msg::Pose_<std::allocator<void> > >)>[m[K’ to ‘[01m[Kstd::nullptr_t[m[K’
[3.327s]   375 |       function([01;36m[Knullptr_t[m[K) noexcept
[3.327s]       |                [01;36m[K^~~~~~~~~[m[K
[3.327s] [01m[K/usr/include/c++/13/bits/std_function.h:368:7:[m[K [01;36m[Knote: [m[Kcandidate: ‘[01m[Kstd::function<_Res(_ArgTypes ...)>::[01;32m[Kfunction[m[K() [35m[K[with _Res = void; _ArgTypes = {std::shared_ptr<turtlesim::msg::Pose_<std::allocator<void> > >}][m[K[m[K’
[3.327s]   368 |       [01;36m[Kfunction[m[K() noexcept
[3.327s]       |       [01;36m[K^~~~~~~~[m[K
[3.327s] [01m[K/usr/include/c++/13/bits/std_function.h:368:7:[m[K [01;36m[Knote: [m[K  candidate expects 0 arguments, 1 provided
[4.733s] [ 75%] [32m[1mLinking CXX executable turtle_circle[0m
[4.871s] [ 75%] Built target turtle_circle
[4.968s] gmake[2]: *** [CMakeFiles/turtle_control.dir/build.make:76：CMakeFiles/turtle_control.dir/src/turtle_control.cpp.o] 错误 1
[4.968s] gmake[1]: *** [CMakeFiles/Makefile2:165：CMakeFiles/turtle_control.dir/all] 错误 2
[4.969s] gmake: *** [Makefile:146：all] 错误 2
[4.972s] Invoked command in '/home/hzy/hzy_test/CHAPT3/topic_ws/build/demo_cpp_topic' returned '2': CMAKE_PREFIX_PATH=${CMAKE_PREFIX_PATH}:/opt/ros/jazzy DEBUGINFOD_URLS=https://debuginfod.ubuntu.com /usr/bin/cmake --build /home/hzy/hzy_test/CHAPT3/topic_ws/build/demo_cpp_topic -- -j8 -l8
