[  2%] Built target status_interfaces__rosidl_generator_type_description
[  2%] Built target ament_cmake_python_copy_status_interfaces
[  5%] Built target status_interfaces__cpp
[ 20%] Built target status_interfaces__rosidl_generator_c
[ 35%] Built target status_interfaces__rosidl_typesupport_c
[ 38%] Built target status_interfaces__rosidl_typesupport_introspection_cpp
[ 47%] Built target status_interfaces__rosidl_typesupport_introspection_c
[ 55%] Built target status_interfaces__rosidl_typesupport_fastrtps_cpp
[ 64%] Built target status_interfaces__rosidl_typesupport_fastrtps_c
[ 73%] Built target status_interfaces__rosidl_typesupport_cpp
[ 73%] Built target status_interfaces
[ 76%] Built target status_interfaces__py
[ 82%] Built target status_interfaces__rosidl_generator_py
[ 97%] Built target status_interfaces_s__rosidl_typesupport_fastrtps_c
[100%] Built target status_interfaces_s__rosidl_typesupport_c
[ 97%] Built target status_interfaces_s__rosidl_typesupport_introspection_c
running egg_info
writing status_interfaces.egg-info/PKG-INFO
writing dependency_links to status_interfaces.egg-info/dependency_links.txt
writing top-level names to status_interfaces.egg-info/top_level.txt
reading manifest file 'status_interfaces.egg-info/SOURCES.txt'
writing manifest file 'status_interfaces.egg-info/SOURCES.txt'
[100%] Built target ament_cmake_python_build_status_interfaces_egg
-- Install configuration: ""
-- Up-to-date: /home/hzy/hzy_test/CHAPT3/topic_practice_ws/install/status_interfaces/share/ament_index/resource_index/rosidl_interfaces/status_interfaces
-- Up-to-date: /home/hzy/hzy_test/CHAPT3/topic_practice_ws/install/status_interfaces/share/status_interfaces/msg/SystemStatus.json
-- Up-to-date: /home/hzy/hzy_test/CHAPT3/topic_practice_ws/install/status_interfaces/include/status_interfaces/status_interfaces
-- Up-to-date: /home/hzy/hzy_test/CHAPT3/topic_practice_ws/install/status_interfaces/include/status_interfaces/status_interfaces/msg
-- Up-to-date: /home/hzy/hzy_test/CHAPT3/topic_practice_ws/install/status_interfaces/include/status_interfaces/status_interfaces/msg/detail
-- Up-to-date: /home/hzy/hzy_test/CHAPT3/topic_practice_ws/install/status_interfaces/include/status_interfaces/status_interfaces/msg/detail/system_status__functions.c
-- Up-to-date: /home/hzy/hzy_test/CHAPT3/topic_practice_ws/install/status_interfaces/include/status_interfaces/status_interfaces/msg/detail/system_status__struct.h
-- Up-to-date: /home/hzy/hzy_test/CHAPT3/topic_practice_ws/install/status_interfaces/include/status_interfaces/status_interfaces/msg/detail/system_status__type_support.h
-- Up-to-date: /home/hzy/hzy_test/CHAPT3/topic_practice_ws/install/status_interfaces/include/status_interfaces/status_interfaces/msg/detail/system_status__description.c
-- Up-to-date: /home/hzy/hzy_test/CHAPT3/topic_practice_ws/install/status_interfaces/include/status_interfaces/status_interfaces/msg/detail/system_status__functions.h
-- Up-to-date: /home/hzy/hzy_test/CHAPT3/topic_practice_ws/install/status_interfaces/include/status_interfaces/status_interfaces/msg/detail/system_status__type_support.c
-- Up-to-date: /home/hzy/hzy_test/CHAPT3/topic_practice_ws/install/status_interfaces/include/status_interfaces/status_interfaces/msg/rosidl_generator_c__visibility_control.h
-- Up-to-date: /home/hzy/hzy_test/CHAPT3/topic_practice_ws/install/status_interfaces/include/status_interfaces/status_interfaces/msg/system_status.h
-- Up-to-date: /home/hzy/hzy_test/CHAPT3/topic_practice_ws/install/status_interfaces/share/status_interfaces/environment/library_path.sh
-- Up-to-date: /home/hzy/hzy_test/CHAPT3/topic_practice_ws/install/status_interfaces/share/status_interfaces/environment/library_path.dsv
-- Up-to-date: /home/hzy/hzy_test/CHAPT3/topic_practice_ws/install/status_interfaces/lib/libstatus_interfaces__rosidl_generator_c.so
-- Up-to-date: /home/hzy/hzy_test/CHAPT3/topic_practice_ws/install/status_interfaces/include/status_interfaces/status_interfaces
-- Up-to-date: /home/hzy/hzy_test/CHAPT3/topic_practice_ws/install/status_interfaces/include/status_interfaces/status_interfaces/msg
-- Up-to-date: /home/hzy/hzy_test/CHAPT3/topic_practice_ws/install/status_interfaces/include/status_interfaces/status_interfaces/msg/rosidl_typesupport_fastrtps_c__visibility_control.h
-- Up-to-date: /home/hzy/hzy_test/CHAPT3/topic_practice_ws/install/status_interfaces/include/status_interfaces/status_interfaces/msg/detail
-- Up-to-date: /home/hzy/hzy_test/CHAPT3/topic_practice_ws/install/status_interfaces/include/status_interfaces/status_interfaces/msg/detail/system_status__rosidl_typesupport_fastrtps_c.h
-- Up-to-date: /home/hzy/hzy_test/CHAPT3/topic_practice_ws/install/status_interfaces/lib/libstatus_interfaces__rosidl_typesupport_fastrtps_c.so
-- Up-to-date: /home/hzy/hzy_test/CHAPT3/topic_practice_ws/install/status_interfaces/include/status_interfaces/status_interfaces
-- Up-to-date: /home/hzy/hzy_test/CHAPT3/topic_practice_ws/install/status_interfaces/include/status_interfaces/status_interfaces/msg
-- Up-to-date: /home/hzy/hzy_test/CHAPT3/topic_practice_ws/install/status_interfaces/include/status_interfaces/status_interfaces/msg/system_status.hpp
-- Up-to-date: /home/hzy/hzy_test/CHAPT3/topic_practice_ws/install/status_interfaces/include/status_interfaces/status_interfaces/msg/detail
-- Up-to-date: /home/hzy/hzy_test/CHAPT3/topic_practice_ws/install/status_interfaces/include/status_interfaces/status_interfaces/msg/detail/system_status__builder.hpp
-- Up-to-date: /home/hzy/hzy_test/CHAPT3/topic_practice_ws/install/status_interfaces/include/status_interfaces/status_interfaces/msg/detail/system_status__struct.hpp
-- Up-to-date: /home/hzy/hzy_test/CHAPT3/topic_practice_ws/install/status_interfaces/include/status_interfaces/status_interfaces/msg/detail/system_status__traits.hpp
-- Up-to-date: /home/hzy/hzy_test/CHAPT3/topic_practice_ws/install/status_interfaces/include/status_interfaces/status_interfaces/msg/detail/system_status__type_support.hpp
-- Up-to-date: /home/hzy/hzy_test/CHAPT3/topic_practice_ws/install/status_interfaces/include/status_interfaces/status_interfaces/msg/rosidl_generator_cpp__visibility_control.hpp
-- Up-to-date: /home/hzy/hzy_test/CHAPT3/topic_practice_ws/install/status_interfaces/include/status_interfaces/status_interfaces
-- Up-to-date: /home/hzy/hzy_test/CHAPT3/topic_practice_ws/install/status_interfaces/include/status_interfaces/status_interfaces/msg
-- Up-to-date: /home/hzy/hzy_test/CHAPT3/topic_practice_ws/install/status_interfaces/include/status_interfaces/status_interfaces/msg/rosidl_typesupport_fastrtps_cpp__visibility_control.h
-- Up-to-date: /home/hzy/hzy_test/CHAPT3/topic_practice_ws/install/status_interfaces/include/status_interfaces/status_interfaces/msg/detail
-- Up-to-date: /home/hzy/hzy_test/CHAPT3/topic_practice_ws/install/status_interfaces/include/status_interfaces/status_interfaces/msg/detail/system_status__rosidl_typesupport_fastrtps_cpp.hpp
-- Up-to-date: /home/hzy/hzy_test/CHAPT3/topic_practice_ws/install/status_interfaces/include/status_interfaces/status_interfaces/msg/detail/dds_fastrtps
-- Up-to-date: /home/hzy/hzy_test/CHAPT3/topic_practice_ws/install/status_interfaces/lib/libstatus_interfaces__rosidl_typesupport_fastrtps_cpp.so
-- Up-to-date: /home/hzy/hzy_test/CHAPT3/topic_practice_ws/install/status_interfaces/include/status_interfaces/status_interfaces
-- Up-to-date: /home/hzy/hzy_test/CHAPT3/topic_practice_ws/install/status_interfaces/include/status_interfaces/status_interfaces/msg
-- Up-to-date: /home/hzy/hzy_test/CHAPT3/topic_practice_ws/install/status_interfaces/include/status_interfaces/status_interfaces/msg/detail
-- Up-to-date: /home/hzy/hzy_test/CHAPT3/topic_practice_ws/install/status_interfaces/include/status_interfaces/status_interfaces/msg/detail/system_status__rosidl_typesupport_introspection_c.h
-- Up-to-date: /home/hzy/hzy_test/CHAPT3/topic_practice_ws/install/status_interfaces/include/status_interfaces/status_interfaces/msg/detail/system_status__type_support.c
-- Up-to-date: /home/hzy/hzy_test/CHAPT3/topic_practice_ws/install/status_interfaces/include/status_interfaces/status_interfaces/msg/rosidl_typesupport_introspection_c__visibility_control.h
-- Up-to-date: /home/hzy/hzy_test/CHAPT3/topic_practice_ws/install/status_interfaces/lib/libstatus_interfaces__rosidl_typesupport_introspection_c.so
-- Up-to-date: /home/hzy/hzy_test/CHAPT3/topic_practice_ws/install/status_interfaces/lib/libstatus_interfaces__rosidl_typesupport_c.so
-- Up-to-date: /home/hzy/hzy_test/CHAPT3/topic_practice_ws/install/status_interfaces/include/status_interfaces/status_interfaces
-- Up-to-date: /home/hzy/hzy_test/CHAPT3/topic_practice_ws/install/status_interfaces/include/status_interfaces/status_interfaces/msg
-- Up-to-date: /home/hzy/hzy_test/CHAPT3/topic_practice_ws/install/status_interfaces/include/status_interfaces/status_interfaces/msg/detail
-- Up-to-date: /home/hzy/hzy_test/CHAPT3/topic_practice_ws/install/status_interfaces/include/status_interfaces/status_interfaces/msg/detail/system_status__type_support.cpp
-- Up-to-date: /home/hzy/hzy_test/CHAPT3/topic_practice_ws/install/status_interfaces/include/status_interfaces/status_interfaces/msg/detail/system_status__rosidl_typesupport_introspection_cpp.hpp
-- Up-to-date: /home/hzy/hzy_test/CHAPT3/topic_practice_ws/install/status_interfaces/lib/libstatus_interfaces__rosidl_typesupport_introspection_cpp.so
-- Up-to-date: /home/hzy/hzy_test/CHAPT3/topic_practice_ws/install/status_interfaces/lib/libstatus_interfaces__rosidl_typesupport_cpp.so
-- Up-to-date: /home/hzy/hzy_test/CHAPT3/topic_practice_ws/install/status_interfaces/share/status_interfaces/environment/pythonpath.sh
-- Up-to-date: /home/hzy/hzy_test/CHAPT3/topic_practice_ws/install/status_interfaces/share/status_interfaces/environment/pythonpath.dsv
-- Up-to-date: /home/hzy/hzy_test/CHAPT3/topic_practice_ws/install/status_interfaces/lib/python3.12/site-packages/status_interfaces-0.0.0-py3.12.egg-info
-- Installing: /home/hzy/hzy_test/CHAPT3/topic_practice_ws/install/status_interfaces/lib/python3.12/site-packages/status_interfaces-0.0.0-py3.12.egg-info/SOURCES.txt
-- Installing: /home/hzy/hzy_test/CHAPT3/topic_practice_ws/install/status_interfaces/lib/python3.12/site-packages/status_interfaces-0.0.0-py3.12.egg-info/dependency_links.txt
-- Installing: /home/hzy/hzy_test/CHAPT3/topic_practice_ws/install/status_interfaces/lib/python3.12/site-packages/status_interfaces-0.0.0-py3.12.egg-info/top_level.txt
-- Installing: /home/hzy/hzy_test/CHAPT3/topic_practice_ws/install/status_interfaces/lib/python3.12/site-packages/status_interfaces-0.0.0-py3.12.egg-info/PKG-INFO
-- Up-to-date: /home/hzy/hzy_test/CHAPT3/topic_practice_ws/install/status_interfaces/lib/python3.12/site-packages/status_interfaces
-- Up-to-date: /home/hzy/hzy_test/CHAPT3/topic_practice_ws/install/status_interfaces/lib/python3.12/site-packages/status_interfaces/_status_interfaces_s.ep.rosidl_typesupport_introspection_c.c
-- Up-to-date: /home/hzy/hzy_test/CHAPT3/topic_practice_ws/install/status_interfaces/lib/python3.12/site-packages/status_interfaces/_status_interfaces_s.ep.rosidl_typesupport_c.c
-- Up-to-date: /home/hzy/hzy_test/CHAPT3/topic_practice_ws/install/status_interfaces/lib/python3.12/site-packages/status_interfaces/status_interfaces_s__rosidl_typesupport_fastrtps_c.so
-- Up-to-date: /home/hzy/hzy_test/CHAPT3/topic_practice_ws/install/status_interfaces/lib/python3.12/site-packages/status_interfaces/_status_interfaces_s.ep.rosidl_typesupport_fastrtps_c.c
-- Up-to-date: /home/hzy/hzy_test/CHAPT3/topic_practice_ws/install/status_interfaces/lib/python3.12/site-packages/status_interfaces/status_interfaces_s__rosidl_typesupport_introspection_c.so
-- Up-to-date: /home/hzy/hzy_test/CHAPT3/topic_practice_ws/install/status_interfaces/lib/python3.12/site-packages/status_interfaces/status_interfaces_s__rosidl_typesupport_c.so
-- Up-to-date: /home/hzy/hzy_test/CHAPT3/topic_practice_ws/install/status_interfaces/lib/python3.12/site-packages/status_interfaces/msg
-- Up-to-date: /home/hzy/hzy_test/CHAPT3/topic_practice_ws/install/status_interfaces/lib/python3.12/site-packages/status_interfaces/msg/_system_status_s.c
-- Up-to-date: /home/hzy/hzy_test/CHAPT3/topic_practice_ws/install/status_interfaces/lib/python3.12/site-packages/status_interfaces/msg/_system_status.py
-- Up-to-date: /home/hzy/hzy_test/CHAPT3/topic_practice_ws/install/status_interfaces/lib/python3.12/site-packages/status_interfaces/msg/__init__.py
-- Up-to-date: /home/hzy/hzy_test/CHAPT3/topic_practice_ws/install/status_interfaces/lib/python3.12/site-packages/status_interfaces/__init__.py
Listing '/home/hzy/hzy_test/CHAPT3/topic_practice_ws/install/status_interfaces/lib/python3.12/site-packages/status_interfaces'...
Listing '/home/hzy/hzy_test/CHAPT3/topic_practice_ws/install/status_interfaces/lib/python3.12/site-packages/status_interfaces/msg'...
-- Up-to-date: /home/hzy/hzy_test/CHAPT3/topic_practice_ws/install/status_interfaces/lib/python3.12/site-packages/status_interfaces/status_interfaces_s__rosidl_typesupport_fastrtps_c.so
-- Up-to-date: /home/hzy/hzy_test/CHAPT3/topic_practice_ws/install/status_interfaces/lib/python3.12/site-packages/status_interfaces/status_interfaces_s__rosidl_typesupport_introspection_c.so
-- Up-to-date: /home/hzy/hzy_test/CHAPT3/topic_practice_ws/install/status_interfaces/lib/python3.12/site-packages/status_interfaces/status_interfaces_s__rosidl_typesupport_c.so
-- Up-to-date: /home/hzy/hzy_test/CHAPT3/topic_practice_ws/install/status_interfaces/lib/libstatus_interfaces__rosidl_generator_py.so
-- Up-to-date: /home/hzy/hzy_test/CHAPT3/topic_practice_ws/install/status_interfaces/share/status_interfaces/msg/SystemStatus.idl
-- Up-to-date: /home/hzy/hzy_test/CHAPT3/topic_practice_ws/install/status_interfaces/share/status_interfaces/msg/SystemStatus.msg
-- Up-to-date: /home/hzy/hzy_test/CHAPT3/topic_practice_ws/install/status_interfaces/share/ament_index/resource_index/package_run_dependencies/status_interfaces
-- Up-to-date: /home/hzy/hzy_test/CHAPT3/topic_practice_ws/install/status_interfaces/share/ament_index/resource_index/parent_prefix_path/status_interfaces
-- Up-to-date: /home/hzy/hzy_test/CHAPT3/topic_practice_ws/install/status_interfaces/share/status_interfaces/environment/ament_prefix_path.sh
-- Up-to-date: /home/hzy/hzy_test/CHAPT3/topic_practice_ws/install/status_interfaces/share/status_interfaces/environment/ament_prefix_path.dsv
-- Up-to-date: /home/hzy/hzy_test/CHAPT3/topic_practice_ws/install/status_interfaces/share/status_interfaces/environment/path.sh
-- Up-to-date: /home/hzy/hzy_test/CHAPT3/topic_practice_ws/install/status_interfaces/share/status_interfaces/environment/path.dsv
-- Up-to-date: /home/hzy/hzy_test/CHAPT3/topic_practice_ws/install/status_interfaces/share/status_interfaces/local_setup.bash
-- Up-to-date: /home/hzy/hzy_test/CHAPT3/topic_practice_ws/install/status_interfaces/share/status_interfaces/local_setup.sh
-- Up-to-date: /home/hzy/hzy_test/CHAPT3/topic_practice_ws/install/status_interfaces/share/status_interfaces/local_setup.zsh
-- Up-to-date: /home/hzy/hzy_test/CHAPT3/topic_practice_ws/install/status_interfaces/share/status_interfaces/local_setup.dsv
-- Installing: /home/hzy/hzy_test/CHAPT3/topic_practice_ws/install/status_interfaces/share/status_interfaces/package.dsv
-- Up-to-date: /home/hzy/hzy_test/CHAPT3/topic_practice_ws/install/status_interfaces/share/ament_index/resource_index/packages/status_interfaces
-- Up-to-date: /home/hzy/hzy_test/CHAPT3/topic_practice_ws/install/status_interfaces/share/status_interfaces/cmake/export_status_interfaces__rosidl_generator_cExport.cmake
-- Up-to-date: /home/hzy/hzy_test/CHAPT3/topic_practice_ws/install/status_interfaces/share/status_interfaces/cmake/export_status_interfaces__rosidl_generator_cExport-noconfig.cmake
-- Up-to-date: /home/hzy/hzy_test/CHAPT3/topic_practice_ws/install/status_interfaces/share/status_interfaces/cmake/export_status_interfaces__rosidl_typesupport_fastrtps_cExport.cmake
-- Up-to-date: /home/hzy/hzy_test/CHAPT3/topic_practice_ws/install/status_interfaces/share/status_interfaces/cmake/export_status_interfaces__rosidl_typesupport_fastrtps_cExport-noconfig.cmake
-- Up-to-date: /home/hzy/hzy_test/CHAPT3/topic_practice_ws/install/status_interfaces/share/status_interfaces/cmake/export_status_interfaces__rosidl_generator_cppExport.cmake
-- Up-to-date: /home/hzy/hzy_test/CHAPT3/topic_practice_ws/install/status_interfaces/share/status_interfaces/cmake/export_status_interfaces__rosidl_typesupport_fastrtps_cppExport.cmake
-- Up-to-date: /home/hzy/hzy_test/CHAPT3/topic_practice_ws/install/status_interfaces/share/status_interfaces/cmake/export_status_interfaces__rosidl_typesupport_fastrtps_cppExport-noconfig.cmake
-- Up-to-date: /home/hzy/hzy_test/CHAPT3/topic_practice_ws/install/status_interfaces/share/status_interfaces/cmake/status_interfaces__rosidl_typesupport_introspection_cExport.cmake
-- Up-to-date: /home/hzy/hzy_test/CHAPT3/topic_practice_ws/install/status_interfaces/share/status_interfaces/cmake/status_interfaces__rosidl_typesupport_introspection_cExport-noconfig.cmake
-- Up-to-date: /home/hzy/hzy_test/CHAPT3/topic_practice_ws/install/status_interfaces/share/status_interfaces/cmake/status_interfaces__rosidl_typesupport_cExport.cmake
-- Up-to-date: /home/hzy/hzy_test/CHAPT3/topic_practice_ws/install/status_interfaces/share/status_interfaces/cmake/status_interfaces__rosidl_typesupport_cExport-noconfig.cmake
-- Up-to-date: /home/hzy/hzy_test/CHAPT3/topic_practice_ws/install/status_interfaces/share/status_interfaces/cmake/status_interfaces__rosidl_typesupport_introspection_cppExport.cmake
-- Up-to-date: /home/hzy/hzy_test/CHAPT3/topic_practice_ws/install/status_interfaces/share/status_interfaces/cmake/status_interfaces__rosidl_typesupport_introspection_cppExport-noconfig.cmake
-- Up-to-date: /home/hzy/hzy_test/CHAPT3/topic_practice_ws/install/status_interfaces/share/status_interfaces/cmake/status_interfaces__rosidl_typesupport_cppExport.cmake
-- Up-to-date: /home/hzy/hzy_test/CHAPT3/topic_practice_ws/install/status_interfaces/share/status_interfaces/cmake/status_interfaces__rosidl_typesupport_cppExport-noconfig.cmake
-- Up-to-date: /home/hzy/hzy_test/CHAPT3/topic_practice_ws/install/status_interfaces/share/status_interfaces/cmake/export_status_interfaces__rosidl_generator_pyExport.cmake
-- Up-to-date: /home/hzy/hzy_test/CHAPT3/topic_practice_ws/install/status_interfaces/share/status_interfaces/cmake/export_status_interfaces__rosidl_generator_pyExport-noconfig.cmake
-- Up-to-date: /home/hzy/hzy_test/CHAPT3/topic_practice_ws/install/status_interfaces/share/status_interfaces/cmake/rosidl_cmake-extras.cmake
-- Up-to-date: /home/hzy/hzy_test/CHAPT3/topic_practice_ws/install/status_interfaces/share/status_interfaces/cmake/ament_cmake_export_dependencies-extras.cmake
-- Up-to-date: /home/hzy/hzy_test/CHAPT3/topic_practice_ws/install/status_interfaces/share/status_interfaces/cmake/ament_cmake_export_include_directories-extras.cmake
-- Up-to-date: /home/hzy/hzy_test/CHAPT3/topic_practice_ws/install/status_interfaces/share/status_interfaces/cmake/ament_cmake_export_libraries-extras.cmake
-- Up-to-date: /home/hzy/hzy_test/CHAPT3/topic_practice_ws/install/status_interfaces/share/status_interfaces/cmake/ament_cmake_export_targets-extras.cmake
-- Up-to-date: /home/hzy/hzy_test/CHAPT3/topic_practice_ws/install/status_interfaces/share/status_interfaces/cmake/rosidl_cmake_export_typesupport_targets-extras.cmake
-- Up-to-date: /home/hzy/hzy_test/CHAPT3/topic_practice_ws/install/status_interfaces/share/status_interfaces/cmake/rosidl_cmake_export_typesupport_libraries-extras.cmake
-- Up-to-date: /home/hzy/hzy_test/CHAPT3/topic_practice_ws/install/status_interfaces/share/status_interfaces/cmake/status_interfacesConfig.cmake
-- Up-to-date: /home/hzy/hzy_test/CHAPT3/topic_practice_ws/install/status_interfaces/share/status_interfaces/cmake/status_interfacesConfig-version.cmake
-- Up-to-date: /home/hzy/hzy_test/CHAPT3/topic_practice_ws/install/status_interfaces/share/status_interfaces/package.xml
