[0.013s] Invoking command in '/home/hzy/hzy_test/ros2_ws/build/demo_cpp_pkg': CMAKE_PREFIX_PATH=${CMAKE_PREFIX_PATH}:/home/hzy/hzy_test/ros2_ws/install/demo_python_pkg:/opt/ros/jazzy DEBUGINFOD_URLS=https://debuginfod.ubuntu.com /usr/bin/cmake --build /home/hzy/hzy_test/ros2_ws/build/demo_cpp_pkg -- -j8 -l8
[0.103s] [ 16%] Built target learn_lambda
[0.114s] [ 33%] Built target cpp_node
[0.114s] [ 50%] Built target learn_shared_ptr
[0.114s] [ 66%] Built target person_node
[0.117s] [ 83%] Built target learn_funcational
[0.126s] [100%] Built target learn_thread
[0.194s] Invoked command in '/home/hzy/hzy_test/ros2_ws/build/demo_cpp_pkg' returned '0': CMAKE_PREFIX_PATH=${CMAKE_PREFIX_PATH}:/home/hzy/hzy_test/ros2_ws/install/demo_python_pkg:/opt/ros/jazzy DEBUGINFOD_URLS=https://debuginfod.ubuntu.com /usr/bin/cmake --build /home/hzy/hzy_test/ros2_ws/build/demo_cpp_pkg -- -j8 -l8
[0.203s] Invoking command in '/home/hzy/hzy_test/ros2_ws/build/demo_cpp_pkg': CMAKE_PREFIX_PATH=${CMAKE_PREFIX_PATH}:/home/hzy/hzy_test/ros2_ws/install/demo_python_pkg:/opt/ros/jazzy DEBUGINFOD_URLS=https://debuginfod.ubuntu.com /usr/bin/cmake --install /home/hzy/hzy_test/ros2_ws/build/demo_cpp_pkg
[0.212s] -- Install configuration: ""
[0.213s] -- Up-to-date: /home/hzy/hzy_test/ros2_ws/install/demo_cpp_pkg/lib/demo_cpp_pkg/cpp_node
[0.216s] -- Up-to-date: /home/hzy/hzy_test/ros2_ws/install/demo_cpp_pkg/lib/demo_cpp_pkg/person_node
[0.216s] -- Up-to-date: /home/hzy/hzy_test/ros2_ws/install/demo_cpp_pkg/lib/demo_cpp_pkg/learn_shared_ptr
[0.216s] -- Up-to-date: /home/hzy/hzy_test/ros2_ws/install/demo_cpp_pkg/lib/demo_cpp_pkg/learn_lambda
[0.216s] -- Up-to-date: /home/hzy/hzy_test/ros2_ws/install/demo_cpp_pkg/lib/demo_cpp_pkg/learn_funcational
[0.225s] -- Up-to-date: /home/hzy/hzy_test/ros2_ws/install/demo_cpp_pkg/lib/demo_cpp_pkg/learn_thread
[0.225s] -- Up-to-date: /home/hzy/hzy_test/ros2_ws/install/demo_cpp_pkg/share/ament_index/resource_index/package_run_dependencies/demo_cpp_pkg
[0.225s] -- Up-to-date: /home/hzy/hzy_test/ros2_ws/install/demo_cpp_pkg/share/ament_index/resource_index/parent_prefix_path/demo_cpp_pkg
[0.225s] -- Up-to-date: /home/hzy/hzy_test/ros2_ws/install/demo_cpp_pkg/share/demo_cpp_pkg/environment/ament_prefix_path.sh
[0.226s] -- Up-to-date: /home/hzy/hzy_test/ros2_ws/install/demo_cpp_pkg/share/demo_cpp_pkg/environment/ament_prefix_path.dsv
[0.226s] -- Up-to-date: /home/hzy/hzy_test/ros2_ws/install/demo_cpp_pkg/share/demo_cpp_pkg/environment/path.sh
[0.226s] -- Up-to-date: /home/hzy/hzy_test/ros2_ws/install/demo_cpp_pkg/share/demo_cpp_pkg/environment/path.dsv
[0.226s] -- Up-to-date: /home/hzy/hzy_test/ros2_ws/install/demo_cpp_pkg/share/demo_cpp_pkg/local_setup.bash
[0.227s] -- Up-to-date: /home/hzy/hzy_test/ros2_ws/install/demo_cpp_pkg/share/demo_cpp_pkg/local_setup.sh
[0.227s] -- Up-to-date: /home/hzy/hzy_test/ros2_ws/install/demo_cpp_pkg/share/demo_cpp_pkg/local_setup.zsh
[0.227s] -- Up-to-date: /home/hzy/hzy_test/ros2_ws/install/demo_cpp_pkg/share/demo_cpp_pkg/local_setup.dsv
[0.227s] -- Installing: /home/hzy/hzy_test/ros2_ws/install/demo_cpp_pkg/share/demo_cpp_pkg/package.dsv
[0.227s] -- Up-to-date: /home/hzy/hzy_test/ros2_ws/install/demo_cpp_pkg/share/ament_index/resource_index/packages/demo_cpp_pkg
[0.227s] -- Up-to-date: /home/hzy/hzy_test/ros2_ws/install/demo_cpp_pkg/share/demo_cpp_pkg/cmake/demo_cpp_pkgConfig.cmake
[0.227s] -- Up-to-date: /home/hzy/hzy_test/ros2_ws/install/demo_cpp_pkg/share/demo_cpp_pkg/cmake/demo_cpp_pkgConfig-version.cmake
[0.227s] -- Up-to-date: /home/hzy/hzy_test/ros2_ws/install/demo_cpp_pkg/share/demo_cpp_pkg/package.xml
[0.229s] Invoked command in '/home/hzy/hzy_test/ros2_ws/build/demo_cpp_pkg' returned '0': CMAKE_PREFIX_PATH=${CMAKE_PREFIX_PATH}:/home/hzy/hzy_test/ros2_ws/install/demo_python_pkg:/opt/ros/jazzy DEBUGINFOD_URLS=https://debuginfod.ubuntu.com /usr/bin/cmake --install /home/hzy/hzy_test/ros2_ws/build/demo_cpp_pkg
