[0.017s] Invoking command in '/home/hzy/hzy_test/ros2_ws/build/demo_cpp_pkg': CMAKE_PREFIX_PATH=${CMAKE_PREFIX_PATH}:/home/hzy/hzy_test/ros2_ws/install/demo_python_pkg:/opt/ros/jazzy DEBUGINFOD_URLS=https://debuginfod.ubuntu.com /usr/bin/cmake --build /home/hzy/hzy_test/ros2_ws/build/demo_cpp_pkg -- -j8 -l8
[0.081s] [ 16%] Built target learn_lambda
[0.089s] [ 50%] Built target learn_shared_ptr
[0.089s] [ 75%] Built target cpp_node
[0.089s] [ 75%] Built target person_node
[0.089s] [ 50%] [32mBuilding CXX object CMakeFiles/learn_thread.dir/src/learn_thread.cpp.o[0m
[0.091s] [ 91%] Built target learn_funcational
[3.999s] [100%] [32m[1mLinking CXX executable learn_thread[0m
[4.129s] [100%] Built target learn_thread
[4.140s] Invoked command in '/home/hzy/hzy_test/ros2_ws/build/demo_cpp_pkg' returned '0': CMAKE_PREFIX_PATH=${CMAKE_PREFIX_PATH}:/home/hzy/hzy_test/ros2_ws/install/demo_python_pkg:/opt/ros/jazzy DEBUGINFOD_URLS=https://debuginfod.ubuntu.com /usr/bin/cmake --build /home/hzy/hzy_test/ros2_ws/build/demo_cpp_pkg -- -j8 -l8
[4.151s] Invoking command in '/home/hzy/hzy_test/ros2_ws/build/demo_cpp_pkg': CMAKE_PREFIX_PATH=${CMAKE_PREFIX_PATH}:/home/hzy/hzy_test/ros2_ws/install/demo_python_pkg:/opt/ros/jazzy DEBUGINFOD_URLS=https://debuginfod.ubuntu.com /usr/bin/cmake --install /home/hzy/hzy_test/ros2_ws/build/demo_cpp_pkg
[4.161s] -- Install configuration: ""
[4.161s] -- Up-to-date: /home/hzy/hzy_test/ros2_ws/install/demo_cpp_pkg/lib/demo_cpp_pkg/cpp_node
[4.162s] -- Up-to-date: /home/hzy/hzy_test/ros2_ws/install/demo_cpp_pkg/lib/demo_cpp_pkg/person_node
[4.162s] -- Up-to-date: /home/hzy/hzy_test/ros2_ws/install/demo_cpp_pkg/lib/demo_cpp_pkg/learn_shared_ptr
[4.162s] -- Up-to-date: /home/hzy/hzy_test/ros2_ws/install/demo_cpp_pkg/lib/demo_cpp_pkg/learn_lambda
[4.162s] -- Up-to-date: /home/hzy/hzy_test/ros2_ws/install/demo_cpp_pkg/lib/demo_cpp_pkg/learn_funcational
[4.162s] -- Installing: /home/hzy/hzy_test/ros2_ws/install/demo_cpp_pkg/lib/demo_cpp_pkg/learn_thread
[4.164s] -- Up-to-date: /home/hzy/hzy_test/ros2_ws/install/demo_cpp_pkg/share/ament_index/resource_index/package_run_dependencies/demo_cpp_pkg
[4.164s] -- Up-to-date: /home/hzy/hzy_test/ros2_ws/install/demo_cpp_pkg/share/ament_index/resource_index/parent_prefix_path/demo_cpp_pkg
[4.164s] -- Up-to-date: /home/hzy/hzy_test/ros2_ws/install/demo_cpp_pkg/share/demo_cpp_pkg/environment/ament_prefix_path.sh
[4.164s] -- Up-to-date: /home/hzy/hzy_test/ros2_ws/install/demo_cpp_pkg/share/demo_cpp_pkg/environment/ament_prefix_path.dsv
[4.164s] -- Up-to-date: /home/hzy/hzy_test/ros2_ws/install/demo_cpp_pkg/share/demo_cpp_pkg/environment/path.sh
[4.164s] -- Up-to-date: /home/hzy/hzy_test/ros2_ws/install/demo_cpp_pkg/share/demo_cpp_pkg/environment/path.dsv
[4.164s] -- Up-to-date: /home/hzy/hzy_test/ros2_ws/install/demo_cpp_pkg/share/demo_cpp_pkg/local_setup.bash
[4.164s] -- Up-to-date: /home/hzy/hzy_test/ros2_ws/install/demo_cpp_pkg/share/demo_cpp_pkg/local_setup.sh
[4.164s] -- Up-to-date: /home/hzy/hzy_test/ros2_ws/install/demo_cpp_pkg/share/demo_cpp_pkg/local_setup.zsh
[4.164s] -- Up-to-date: /home/hzy/hzy_test/ros2_ws/install/demo_cpp_pkg/share/demo_cpp_pkg/local_setup.dsv
[4.164s] -- Installing: /home/hzy/hzy_test/ros2_ws/install/demo_cpp_pkg/share/demo_cpp_pkg/package.dsv
[4.164s] -- Up-to-date: /home/hzy/hzy_test/ros2_ws/install/demo_cpp_pkg/share/ament_index/resource_index/packages/demo_cpp_pkg
[4.164s] -- Up-to-date: /home/hzy/hzy_test/ros2_ws/install/demo_cpp_pkg/share/demo_cpp_pkg/cmake/demo_cpp_pkgConfig.cmake
[4.164s] -- Up-to-date: /home/hzy/hzy_test/ros2_ws/install/demo_cpp_pkg/share/demo_cpp_pkg/cmake/demo_cpp_pkgConfig-version.cmake
[4.165s] -- Up-to-date: /home/hzy/hzy_test/ros2_ws/install/demo_cpp_pkg/share/demo_cpp_pkg/package.xml
[4.166s] Invoked command in '/home/hzy/hzy_test/ros2_ws/build/demo_cpp_pkg' returned '0': CMAKE_PREFIX_PATH=${CMAKE_PREFIX_PATH}:/home/hzy/hzy_test/ros2_ws/install/demo_python_pkg:/opt/ros/jazzy DEBUGINFOD_URLS=https://debuginfod.ubuntu.com /usr/bin/cmake --install /home/hzy/hzy_test/ros2_ws/build/demo_cpp_pkg
