running egg_info
writing ../../build/demo_python_pkg/demo_python_pkg.egg-info/PKG-INFO
writing dependency_links to ../../build/demo_python_pkg/demo_python_pkg.egg-info/dependency_links.txt
writing entry points to ../../build/demo_python_pkg/demo_python_pkg.egg-info/entry_points.txt
writing requirements to ../../build/demo_python_pkg/demo_python_pkg.egg-info/requires.txt
writing top-level names to ../../build/demo_python_pkg/demo_python_pkg.egg-info/top_level.txt
reading manifest file '../../build/demo_python_pkg/demo_python_pkg.egg-info/SOURCES.txt'
adding license file 'LICENSE'
writing manifest file '../../build/demo_python_pkg/demo_python_pkg.egg-info/SOURCES.txt'
running build
running build_py
running install
running install_lib
running install_data
running install_egg_info
removing '/home/hzy/hzy_test/ros2_ws/install/demo_python_pkg/lib/python3.12/site-packages/demo_python_pkg-0.0.0-py3.12.egg-info' (and everything under it)
Copying ../../build/demo_python_pkg/demo_python_pkg.egg-info to /home/hzy/hzy_test/ros2_ws/install/demo_python_pkg/lib/python3.12/site-packages/demo_python_pkg-0.0.0-py3.12.egg-info
running install_scripts
Installing learn_thread script to /home/hzy/hzy_test/ros2_ws/install/demo_python_pkg/lib/demo_python_pkg
Installing person_node script to /home/hzy/hzy_test/ros2_ws/install/demo_python_pkg/lib/demo_python_pkg
Installing python_node script to /home/hzy/hzy_test/ros2_ws/install/demo_python_pkg/lib/demo_python_pkg
Installing writer_node script to /home/hzy/hzy_test/ros2_ws/install/demo_python_pkg/lib/demo_python_pkg
writing list of installed files to '/home/hzy/hzy_test/ros2_ws/build/demo_python_pkg/install.log'
