[0.012s] Invoking command in '/home/hzy/hzy_test/CHAPT3/topic_practice_ws/build/status_interfaces': CMAKE_PREFIX_PATH=${CMAKE_PREFIX_PATH}:/home/hzy/hzy_test/CHAPT3/topic_practice_ws/install/status_publisher:/home/hzy/hzy_test/CHAPT3/topic_ws/install/demo_python_topic:/opt/ros/jazzy DEBUGINFOD_URLS=https://debuginfod.ubuntu.com /usr/bin/cmake --build /home/hzy/hzy_test/CHAPT3/topic_practice_ws/build/status_interfaces -- -j8 -l8
[0.067s] [  2%] Built target status_interfaces__rosidl_generator_type_description
[0.076s] [  2%] Built target ament_cmake_python_copy_status_interfaces
[0.091s] [ 17%] Built target status_interfaces__rosidl_generator_c
[0.091s] [ 20%] Built target status_interfaces__cpp
[0.114s] [ 35%] Built target status_interfaces__rosidl_typesupport_c
[0.114s] [ 41%] Built target status_interfaces__rosidl_typesupport_introspection_c
[0.114s] [ 47%] Built target status_interfaces__rosidl_typesupport_fastrtps_c
[0.120s] [ 55%] Built target status_interfaces__rosidl_typesupport_introspection_cpp
[0.122s] [ 64%] Built target status_interfaces__rosidl_typesupport_cpp
[0.129s] [ 73%] Built target status_interfaces__rosidl_typesupport_fastrtps_cpp
[0.147s] [ 73%] Built target status_interfaces
[0.166s] [ 76%] Built target status_interfaces__py
[0.196s] [ 82%] Built target status_interfaces__rosidl_generator_py
[0.230s] [ 91%] Built target status_interfaces_s__rosidl_typesupport_c
[0.230s] [ 94%] Built target status_interfaces_s__rosidl_typesupport_fastrtps_c
[0.231s] [100%] Built target status_interfaces_s__rosidl_typesupport_introspection_c
[0.237s] running egg_info
[0.252s] writing status_interfaces.egg-info/PKG-INFO
[0.253s] writing dependency_links to status_interfaces.egg-info/dependency_links.txt
[0.253s] writing top-level names to status_interfaces.egg-info/top_level.txt
[0.287s] reading manifest file 'status_interfaces.egg-info/SOURCES.txt'
[0.287s] writing manifest file 'status_interfaces.egg-info/SOURCES.txt'
[0.310s] [100%] Built target ament_cmake_python_build_status_interfaces_egg
[0.323s] Invoked command in '/home/hzy/hzy_test/CHAPT3/topic_practice_ws/build/status_interfaces' returned '0': CMAKE_PREFIX_PATH=${CMAKE_PREFIX_PATH}:/home/hzy/hzy_test/CHAPT3/topic_practice_ws/install/status_publisher:/home/hzy/hzy_test/CHAPT3/topic_ws/install/demo_python_topic:/opt/ros/jazzy DEBUGINFOD_URLS=https://debuginfod.ubuntu.com /usr/bin/cmake --build /home/hzy/hzy_test/CHAPT3/topic_practice_ws/build/status_interfaces -- -j8 -l8
[0.334s] Invoking command in '/home/hzy/hzy_test/CHAPT3/topic_practice_ws/build/status_interfaces': CMAKE_PREFIX_PATH=${CMAKE_PREFIX_PATH}:/home/hzy/hzy_test/CHAPT3/topic_practice_ws/install/status_publisher:/home/hzy/hzy_test/CHAPT3/topic_ws/install/demo_python_topic:/opt/ros/jazzy DEBUGINFOD_URLS=https://debuginfod.ubuntu.com /usr/bin/cmake --install /home/hzy/hzy_test/CHAPT3/topic_practice_ws/build/status_interfaces
[0.345s] -- Install configuration: ""
[0.345s] -- Up-to-date: /home/hzy/hzy_test/CHAPT3/topic_practice_ws/install/status_interfaces/share/ament_index/resource_index/rosidl_interfaces/status_interfaces
[0.345s] -- Up-to-date: /home/hzy/hzy_test/CHAPT3/topic_practice_ws/install/status_interfaces/share/status_interfaces/msg/SystemStatus.json
[0.345s] -- Up-to-date: /home/hzy/hzy_test/CHAPT3/topic_practice_ws/install/status_interfaces/include/status_interfaces/status_interfaces
[0.345s] -- Up-to-date: /home/hzy/hzy_test/CHAPT3/topic_practice_ws/install/status_interfaces/include/status_interfaces/status_interfaces/msg
[0.345s] -- Up-to-date: /home/hzy/hzy_test/CHAPT3/topic_practice_ws/install/status_interfaces/include/status_interfaces/status_interfaces/msg/detail
[0.345s] -- Up-to-date: /home/hzy/hzy_test/CHAPT3/topic_practice_ws/install/status_interfaces/include/status_interfaces/status_interfaces/msg/detail/system_status__functions.c
[0.345s] -- Up-to-date: /home/hzy/hzy_test/CHAPT3/topic_practice_ws/install/status_interfaces/include/status_interfaces/status_interfaces/msg/detail/system_status__struct.h
[0.345s] -- Up-to-date: /home/hzy/hzy_test/CHAPT3/topic_practice_ws/install/status_interfaces/include/status_interfaces/status_interfaces/msg/detail/system_status__type_support.h
[0.346s] -- Up-to-date: /home/hzy/hzy_test/CHAPT3/topic_practice_ws/install/status_interfaces/include/status_interfaces/status_interfaces/msg/detail/system_status__description.c
[0.346s] -- Up-to-date: /home/hzy/hzy_test/CHAPT3/topic_practice_ws/install/status_interfaces/include/status_interfaces/status_interfaces/msg/detail/system_status__functions.h
[0.346s] -- Up-to-date: /home/hzy/hzy_test/CHAPT3/topic_practice_ws/install/status_interfaces/include/status_interfaces/status_interfaces/msg/detail/system_status__type_support.c
[0.347s] -- Up-to-date: /home/hzy/hzy_test/CHAPT3/topic_practice_ws/install/status_interfaces/include/status_interfaces/status_interfaces/msg/rosidl_generator_c__visibility_control.h
[0.347s] -- Up-to-date: /home/hzy/hzy_test/CHAPT3/topic_practice_ws/install/status_interfaces/include/status_interfaces/status_interfaces/msg/system_status.h
[0.347s] -- Up-to-date: /home/hzy/hzy_test/CHAPT3/topic_practice_ws/install/status_interfaces/share/status_interfaces/environment/library_path.sh
[0.347s] -- Up-to-date: /home/hzy/hzy_test/CHAPT3/topic_practice_ws/install/status_interfaces/share/status_interfaces/environment/library_path.dsv
[0.347s] -- Up-to-date: /home/hzy/hzy_test/CHAPT3/topic_practice_ws/install/status_interfaces/lib/libstatus_interfaces__rosidl_generator_c.so
[0.347s] -- Up-to-date: /home/hzy/hzy_test/CHAPT3/topic_practice_ws/install/status_interfaces/include/status_interfaces/status_interfaces
[0.347s] -- Up-to-date: /home/hzy/hzy_test/CHAPT3/topic_practice_ws/install/status_interfaces/include/status_interfaces/status_interfaces/msg
[0.347s] -- Up-to-date: /home/hzy/hzy_test/CHAPT3/topic_practice_ws/install/status_interfaces/include/status_interfaces/status_interfaces/msg/rosidl_typesupport_fastrtps_c__visibility_control.h
[0.347s] -- Up-to-date: /home/hzy/hzy_test/CHAPT3/topic_practice_ws/install/status_interfaces/include/status_interfaces/status_interfaces/msg/detail
[0.347s] -- Up-to-date: /home/hzy/hzy_test/CHAPT3/topic_practice_ws/install/status_interfaces/include/status_interfaces/status_interfaces/msg/detail/system_status__rosidl_typesupport_fastrtps_c.h
[0.347s] -- Up-to-date: /home/hzy/hzy_test/CHAPT3/topic_practice_ws/install/status_interfaces/lib/libstatus_interfaces__rosidl_typesupport_fastrtps_c.so
[0.347s] -- Up-to-date: /home/hzy/hzy_test/CHAPT3/topic_practice_ws/install/status_interfaces/include/status_interfaces/status_interfaces
[0.348s] -- Up-to-date: /home/hzy/hzy_test/CHAPT3/topic_practice_ws/install/status_interfaces/include/status_interfaces/status_interfaces/msg
[0.348s] -- Up-to-date: /home/hzy/hzy_test/CHAPT3/topic_practice_ws/install/status_interfaces/include/status_interfaces/status_interfaces/msg/system_status.hpp
[0.348s] -- Up-to-date: /home/hzy/hzy_test/CHAPT3/topic_practice_ws/install/status_interfaces/include/status_interfaces/status_interfaces/msg/detail
[0.348s] -- Up-to-date: /home/hzy/hzy_test/CHAPT3/topic_practice_ws/install/status_interfaces/include/status_interfaces/status_interfaces/msg/detail/system_status__builder.hpp
[0.348s] -- Up-to-date: /home/hzy/hzy_test/CHAPT3/topic_practice_ws/install/status_interfaces/include/status_interfaces/status_interfaces/msg/detail/system_status__struct.hpp
[0.348s] -- Up-to-date: /home/hzy/hzy_test/CHAPT3/topic_practice_ws/install/status_interfaces/include/status_interfaces/status_interfaces/msg/detail/system_status__traits.hpp
[0.348s] -- Up-to-date: /home/hzy/hzy_test/CHAPT3/topic_practice_ws/install/status_interfaces/include/status_interfaces/status_interfaces/msg/detail/system_status__type_support.hpp
[0.348s] -- Up-to-date: /home/hzy/hzy_test/CHAPT3/topic_practice_ws/install/status_interfaces/include/status_interfaces/status_interfaces/msg/rosidl_generator_cpp__visibility_control.hpp
[0.348s] -- Up-to-date: /home/hzy/hzy_test/CHAPT3/topic_practice_ws/install/status_interfaces/include/status_interfaces/status_interfaces
[0.348s] -- Up-to-date: /home/hzy/hzy_test/CHAPT3/topic_practice_ws/install/status_interfaces/include/status_interfaces/status_interfaces/msg
[0.348s] -- Up-to-date: /home/hzy/hzy_test/CHAPT3/topic_practice_ws/install/status_interfaces/include/status_interfaces/status_interfaces/msg/rosidl_typesupport_fastrtps_cpp__visibility_control.h
[0.348s] -- Up-to-date: /home/hzy/hzy_test/CHAPT3/topic_practice_ws/install/status_interfaces/include/status_interfaces/status_interfaces/msg/detail
[0.348s] -- Up-to-date: /home/hzy/hzy_test/CHAPT3/topic_practice_ws/install/status_interfaces/include/status_interfaces/status_interfaces/msg/detail/system_status__rosidl_typesupport_fastrtps_cpp.hpp
[0.348s] -- Up-to-date: /home/hzy/hzy_test/CHAPT3/topic_practice_ws/install/status_interfaces/include/status_interfaces/status_interfaces/msg/detail/dds_fastrtps
[0.348s] -- Up-to-date: /home/hzy/hzy_test/CHAPT3/topic_practice_ws/install/status_interfaces/lib/libstatus_interfaces__rosidl_typesupport_fastrtps_cpp.so
[0.348s] -- Up-to-date: /home/hzy/hzy_test/CHAPT3/topic_practice_ws/install/status_interfaces/include/status_interfaces/status_interfaces
[0.348s] -- Up-to-date: /home/hzy/hzy_test/CHAPT3/topic_practice_ws/install/status_interfaces/include/status_interfaces/status_interfaces/msg
[0.348s] -- Up-to-date: /home/hzy/hzy_test/CHAPT3/topic_practice_ws/install/status_interfaces/include/status_interfaces/status_interfaces/msg/detail
[0.349s] -- Up-to-date: /home/hzy/hzy_test/CHAPT3/topic_practice_ws/install/status_interfaces/include/status_interfaces/status_interfaces/msg/detail/system_status__rosidl_typesupport_introspection_c.h
[0.349s] -- Up-to-date: /home/hzy/hzy_test/CHAPT3/topic_practice_ws/install/status_interfaces/include/status_interfaces/status_interfaces/msg/detail/system_status__type_support.c
[0.349s] -- Up-to-date: /home/hzy/hzy_test/CHAPT3/topic_practice_ws/install/status_interfaces/include/status_interfaces/status_interfaces/msg/rosidl_typesupport_introspection_c__visibility_control.h
[0.349s] -- Up-to-date: /home/hzy/hzy_test/CHAPT3/topic_practice_ws/install/status_interfaces/lib/libstatus_interfaces__rosidl_typesupport_introspection_c.so
[0.349s] -- Up-to-date: /home/hzy/hzy_test/CHAPT3/topic_practice_ws/install/status_interfaces/lib/libstatus_interfaces__rosidl_typesupport_c.so
[0.349s] -- Up-to-date: /home/hzy/hzy_test/CHAPT3/topic_practice_ws/install/status_interfaces/include/status_interfaces/status_interfaces
[0.349s] -- Up-to-date: /home/hzy/hzy_test/CHAPT3/topic_practice_ws/install/status_interfaces/include/status_interfaces/status_interfaces/msg
[0.349s] -- Up-to-date: /home/hzy/hzy_test/CHAPT3/topic_practice_ws/install/status_interfaces/include/status_interfaces/status_interfaces/msg/detail
[0.349s] -- Up-to-date: /home/hzy/hzy_test/CHAPT3/topic_practice_ws/install/status_interfaces/include/status_interfaces/status_interfaces/msg/detail/system_status__type_support.cpp
[0.349s] -- Up-to-date: /home/hzy/hzy_test/CHAPT3/topic_practice_ws/install/status_interfaces/include/status_interfaces/status_interfaces/msg/detail/system_status__rosidl_typesupport_introspection_cpp.hpp
[0.349s] -- Up-to-date: /home/hzy/hzy_test/CHAPT3/topic_practice_ws/install/status_interfaces/lib/libstatus_interfaces__rosidl_typesupport_introspection_cpp.so
[0.349s] -- Up-to-date: /home/hzy/hzy_test/CHAPT3/topic_practice_ws/install/status_interfaces/lib/libstatus_interfaces__rosidl_typesupport_cpp.so
[0.349s] -- Up-to-date: /home/hzy/hzy_test/CHAPT3/topic_practice_ws/install/status_interfaces/share/status_interfaces/environment/pythonpath.sh
[0.349s] -- Up-to-date: /home/hzy/hzy_test/CHAPT3/topic_practice_ws/install/status_interfaces/share/status_interfaces/environment/pythonpath.dsv
[0.349s] -- Up-to-date: /home/hzy/hzy_test/CHAPT3/topic_practice_ws/install/status_interfaces/lib/python3.12/site-packages/status_interfaces-0.0.0-py3.12.egg-info
[0.349s] -- Installing: /home/hzy/hzy_test/CHAPT3/topic_practice_ws/install/status_interfaces/lib/python3.12/site-packages/status_interfaces-0.0.0-py3.12.egg-info/SOURCES.txt
[0.349s] -- Installing: /home/hzy/hzy_test/CHAPT3/topic_practice_ws/install/status_interfaces/lib/python3.12/site-packages/status_interfaces-0.0.0-py3.12.egg-info/dependency_links.txt
[0.349s] -- Installing: /home/hzy/hzy_test/CHAPT3/topic_practice_ws/install/status_interfaces/lib/python3.12/site-packages/status_interfaces-0.0.0-py3.12.egg-info/top_level.txt
[0.349s] -- Installing: /home/hzy/hzy_test/CHAPT3/topic_practice_ws/install/status_interfaces/lib/python3.12/site-packages/status_interfaces-0.0.0-py3.12.egg-info/PKG-INFO
[0.349s] -- Up-to-date: /home/hzy/hzy_test/CHAPT3/topic_practice_ws/install/status_interfaces/lib/python3.12/site-packages/status_interfaces
[0.350s] -- Up-to-date: /home/hzy/hzy_test/CHAPT3/topic_practice_ws/install/status_interfaces/lib/python3.12/site-packages/status_interfaces/_status_interfaces_s.ep.rosidl_typesupport_introspection_c.c
[0.350s] -- Up-to-date: /home/hzy/hzy_test/CHAPT3/topic_practice_ws/install/status_interfaces/lib/python3.12/site-packages/status_interfaces/_status_interfaces_s.ep.rosidl_typesupport_c.c
[0.350s] -- Up-to-date: /home/hzy/hzy_test/CHAPT3/topic_practice_ws/install/status_interfaces/lib/python3.12/site-packages/status_interfaces/status_interfaces_s__rosidl_typesupport_fastrtps_c.so
[0.350s] -- Up-to-date: /home/hzy/hzy_test/CHAPT3/topic_practice_ws/install/status_interfaces/lib/python3.12/site-packages/status_interfaces/_status_interfaces_s.ep.rosidl_typesupport_fastrtps_c.c
[0.350s] -- Up-to-date: /home/hzy/hzy_test/CHAPT3/topic_practice_ws/install/status_interfaces/lib/python3.12/site-packages/status_interfaces/status_interfaces_s__rosidl_typesupport_introspection_c.so
[0.350s] -- Up-to-date: /home/hzy/hzy_test/CHAPT3/topic_practice_ws/install/status_interfaces/lib/python3.12/site-packages/status_interfaces/status_interfaces_s__rosidl_typesupport_c.so
[0.350s] -- Up-to-date: /home/hzy/hzy_test/CHAPT3/topic_practice_ws/install/status_interfaces/lib/python3.12/site-packages/status_interfaces/msg
[0.350s] -- Up-to-date: /home/hzy/hzy_test/CHAPT3/topic_practice_ws/install/status_interfaces/lib/python3.12/site-packages/status_interfaces/msg/_system_status_s.c
[0.350s] -- Up-to-date: /home/hzy/hzy_test/CHAPT3/topic_practice_ws/install/status_interfaces/lib/python3.12/site-packages/status_interfaces/msg/_system_status.py
[0.350s] -- Up-to-date: /home/hzy/hzy_test/CHAPT3/topic_practice_ws/install/status_interfaces/lib/python3.12/site-packages/status_interfaces/msg/__init__.py
[0.350s] -- Up-to-date: /home/hzy/hzy_test/CHAPT3/topic_practice_ws/install/status_interfaces/lib/python3.12/site-packages/status_interfaces/__init__.py
[0.380s] Listing '/home/hzy/hzy_test/CHAPT3/topic_practice_ws/install/status_interfaces/lib/python3.12/site-packages/status_interfaces'...
[0.381s] Listing '/home/hzy/hzy_test/CHAPT3/topic_practice_ws/install/status_interfaces/lib/python3.12/site-packages/status_interfaces/msg'...
[0.385s] -- Up-to-date: /home/hzy/hzy_test/CHAPT3/topic_practice_ws/install/status_interfaces/lib/python3.12/site-packages/status_interfaces/status_interfaces_s__rosidl_typesupport_fastrtps_c.so
[0.385s] -- Up-to-date: /home/hzy/hzy_test/CHAPT3/topic_practice_ws/install/status_interfaces/lib/python3.12/site-packages/status_interfaces/status_interfaces_s__rosidl_typesupport_introspection_c.so
[0.385s] -- Up-to-date: /home/hzy/hzy_test/CHAPT3/topic_practice_ws/install/status_interfaces/lib/python3.12/site-packages/status_interfaces/status_interfaces_s__rosidl_typesupport_c.so
[0.385s] -- Up-to-date: /home/hzy/hzy_test/CHAPT3/topic_practice_ws/install/status_interfaces/lib/libstatus_interfaces__rosidl_generator_py.so
[0.385s] -- Up-to-date: /home/hzy/hzy_test/CHAPT3/topic_practice_ws/install/status_interfaces/share/status_interfaces/msg/SystemStatus.idl
[0.385s] -- Up-to-date: /home/hzy/hzy_test/CHAPT3/topic_practice_ws/install/status_interfaces/share/status_interfaces/msg/SystemStatus.msg
[0.386s] -- Up-to-date: /home/hzy/hzy_test/CHAPT3/topic_practice_ws/install/status_interfaces/share/ament_index/resource_index/package_run_dependencies/status_interfaces
[0.386s] -- Up-to-date: /home/hzy/hzy_test/CHAPT3/topic_practice_ws/install/status_interfaces/share/ament_index/resource_index/parent_prefix_path/status_interfaces
[0.386s] -- Up-to-date: /home/hzy/hzy_test/CHAPT3/topic_practice_ws/install/status_interfaces/share/status_interfaces/environment/ament_prefix_path.sh
[0.386s] -- Up-to-date: /home/hzy/hzy_test/CHAPT3/topic_practice_ws/install/status_interfaces/share/status_interfaces/environment/ament_prefix_path.dsv
[0.386s] -- Up-to-date: /home/hzy/hzy_test/CHAPT3/topic_practice_ws/install/status_interfaces/share/status_interfaces/environment/path.sh
[0.386s] -- Up-to-date: /home/hzy/hzy_test/CHAPT3/topic_practice_ws/install/status_interfaces/share/status_interfaces/environment/path.dsv
[0.386s] -- Up-to-date: /home/hzy/hzy_test/CHAPT3/topic_practice_ws/install/status_interfaces/share/status_interfaces/local_setup.bash
[0.386s] -- Up-to-date: /home/hzy/hzy_test/CHAPT3/topic_practice_ws/install/status_interfaces/share/status_interfaces/local_setup.sh
[0.386s] -- Up-to-date: /home/hzy/hzy_test/CHAPT3/topic_practice_ws/install/status_interfaces/share/status_interfaces/local_setup.zsh
[0.386s] -- Up-to-date: /home/hzy/hzy_test/CHAPT3/topic_practice_ws/install/status_interfaces/share/status_interfaces/local_setup.dsv
[0.386s] -- Installing: /home/hzy/hzy_test/CHAPT3/topic_practice_ws/install/status_interfaces/share/status_interfaces/package.dsv
[0.386s] -- Up-to-date: /home/hzy/hzy_test/CHAPT3/topic_practice_ws/install/status_interfaces/share/ament_index/resource_index/packages/status_interfaces
[0.386s] -- Up-to-date: /home/hzy/hzy_test/CHAPT3/topic_practice_ws/install/status_interfaces/share/status_interfaces/cmake/export_status_interfaces__rosidl_generator_cExport.cmake
[0.386s] -- Up-to-date: /home/hzy/hzy_test/CHAPT3/topic_practice_ws/install/status_interfaces/share/status_interfaces/cmake/export_status_interfaces__rosidl_generator_cExport-noconfig.cmake
[0.386s] -- Up-to-date: /home/hzy/hzy_test/CHAPT3/topic_practice_ws/install/status_interfaces/share/status_interfaces/cmake/export_status_interfaces__rosidl_typesupport_fastrtps_cExport.cmake
[0.386s] -- Up-to-date: /home/hzy/hzy_test/CHAPT3/topic_practice_ws/install/status_interfaces/share/status_interfaces/cmake/export_status_interfaces__rosidl_typesupport_fastrtps_cExport-noconfig.cmake
[0.387s] -- Up-to-date: /home/hzy/hzy_test/CHAPT3/topic_practice_ws/install/status_interfaces/share/status_interfaces/cmake/export_status_interfaces__rosidl_generator_cppExport.cmake
[0.387s] -- Up-to-date: /home/hzy/hzy_test/CHAPT3/topic_practice_ws/install/status_interfaces/share/status_interfaces/cmake/export_status_interfaces__rosidl_typesupport_fastrtps_cppExport.cmake
[0.387s] -- Up-to-date: /home/hzy/hzy_test/CHAPT3/topic_practice_ws/install/status_interfaces/share/status_interfaces/cmake/export_status_interfaces__rosidl_typesupport_fastrtps_cppExport-noconfig.cmake
[0.387s] -- Up-to-date: /home/hzy/hzy_test/CHAPT3/topic_practice_ws/install/status_interfaces/share/status_interfaces/cmake/status_interfaces__rosidl_typesupport_introspection_cExport.cmake
[0.387s] -- Up-to-date: /home/hzy/hzy_test/CHAPT3/topic_practice_ws/install/status_interfaces/share/status_interfaces/cmake/status_interfaces__rosidl_typesupport_introspection_cExport-noconfig.cmake
[0.387s] -- Up-to-date: /home/hzy/hzy_test/CHAPT3/topic_practice_ws/install/status_interfaces/share/status_interfaces/cmake/status_interfaces__rosidl_typesupport_cExport.cmake
[0.387s] -- Up-to-date: /home/hzy/hzy_test/CHAPT3/topic_practice_ws/install/status_interfaces/share/status_interfaces/cmake/status_interfaces__rosidl_typesupport_cExport-noconfig.cmake
[0.387s] -- Up-to-date: /home/hzy/hzy_test/CHAPT3/topic_practice_ws/install/status_interfaces/share/status_interfaces/cmake/status_interfaces__rosidl_typesupport_introspection_cppExport.cmake
[0.387s] -- Up-to-date: /home/hzy/hzy_test/CHAPT3/topic_practice_ws/install/status_interfaces/share/status_interfaces/cmake/status_interfaces__rosidl_typesupport_introspection_cppExport-noconfig.cmake
[0.387s] -- Up-to-date: /home/hzy/hzy_test/CHAPT3/topic_practice_ws/install/status_interfaces/share/status_interfaces/cmake/status_interfaces__rosidl_typesupport_cppExport.cmake
[0.387s] -- Up-to-date: /home/hzy/hzy_test/CHAPT3/topic_practice_ws/install/status_interfaces/share/status_interfaces/cmake/status_interfaces__rosidl_typesupport_cppExport-noconfig.cmake
[0.387s] -- Up-to-date: /home/hzy/hzy_test/CHAPT3/topic_practice_ws/install/status_interfaces/share/status_interfaces/cmake/export_status_interfaces__rosidl_generator_pyExport.cmake
[0.387s] -- Up-to-date: /home/hzy/hzy_test/CHAPT3/topic_practice_ws/install/status_interfaces/share/status_interfaces/cmake/export_status_interfaces__rosidl_generator_pyExport-noconfig.cmake
[0.387s] -- Up-to-date: /home/hzy/hzy_test/CHAPT3/topic_practice_ws/install/status_interfaces/share/status_interfaces/cmake/rosidl_cmake-extras.cmake
[0.388s] -- Up-to-date: /home/hzy/hzy_test/CHAPT3/topic_practice_ws/install/status_interfaces/share/status_interfaces/cmake/ament_cmake_export_dependencies-extras.cmake
[0.388s] -- Up-to-date: /home/hzy/hzy_test/CHAPT3/topic_practice_ws/install/status_interfaces/share/status_interfaces/cmake/ament_cmake_export_include_directories-extras.cmake
[0.388s] -- Up-to-date: /home/hzy/hzy_test/CHAPT3/topic_practice_ws/install/status_interfaces/share/status_interfaces/cmake/ament_cmake_export_libraries-extras.cmake
[0.388s] -- Up-to-date: /home/hzy/hzy_test/CHAPT3/topic_practice_ws/install/status_interfaces/share/status_interfaces/cmake/ament_cmake_export_targets-extras.cmake
[0.388s] -- Up-to-date: /home/hzy/hzy_test/CHAPT3/topic_practice_ws/install/status_interfaces/share/status_interfaces/cmake/rosidl_cmake_export_typesupport_targets-extras.cmake
[0.388s] -- Up-to-date: /home/hzy/hzy_test/CHAPT3/topic_practice_ws/install/status_interfaces/share/status_interfaces/cmake/rosidl_cmake_export_typesupport_libraries-extras.cmake
[0.388s] -- Up-to-date: /home/hzy/hzy_test/CHAPT3/topic_practice_ws/install/status_interfaces/share/status_interfaces/cmake/status_interfacesConfig.cmake
[0.388s] -- Up-to-date: /home/hzy/hzy_test/CHAPT3/topic_practice_ws/install/status_interfaces/share/status_interfaces/cmake/status_interfacesConfig-version.cmake
[0.389s] -- Up-to-date: /home/hzy/hzy_test/CHAPT3/topic_practice_ws/install/status_interfaces/share/status_interfaces/package.xml
[0.390s] Invoked command in '/home/hzy/hzy_test/CHAPT3/topic_practice_ws/build/status_interfaces' returned '0': CMAKE_PREFIX_PATH=${CMAKE_PREFIX_PATH}:/home/hzy/hzy_test/CHAPT3/topic_practice_ws/install/status_publisher:/home/hzy/hzy_test/CHAPT3/topic_ws/install/demo_python_topic:/opt/ros/jazzy DEBUGINFOD_URLS=https://debuginfod.ubuntu.com /usr/bin/cmake --install /home/hzy/hzy_test/CHAPT3/topic_practice_ws/build/status_interfaces
