[0.603s] Invoking command in '/home/hzy/hzy_test/ros2_ws/src/demo_python_pkg': DEBUGINFOD_URLS=https://debuginfod.ubuntu.com PYTHONPATH=/home/hzy/hzy_test/ros2_ws/build/demo_python_pkg/prefix_override:/usr/lib/python3/dist-packages/colcon_core/task/python/colcon_distutils_commands:/home/hzy/hzy_test/ros2_ws/install/demo_python_pkg/lib/python3.12/site-packages:${PYTHONPATH} /usr/bin/python3 -W ignore:setup.py install is deprecated -W ignore:easy_install command is deprecated setup.py egg_info --egg-base ../../build/demo_python_pkg build --build-base /home/hzy/hzy_test/ros2_ws/build/demo_python_pkg/build install --record /home/hzy/hzy_test/ros2_ws/build/demo_python_pkg/install.log --single-version-externally-managed install_data
[0.774s] running egg_info
[0.774s] creating ../../build/demo_python_pkg/demo_python_pkg.egg-info
[0.783s] writing ../../build/demo_python_pkg/demo_python_pkg.egg-info/PKG-INFO
[0.783s] writing dependency_links to ../../build/demo_python_pkg/demo_python_pkg.egg-info/dependency_links.txt
[0.784s] writing entry points to ../../build/demo_python_pkg/demo_python_pkg.egg-info/entry_points.txt
[0.784s] writing requirements to ../../build/demo_python_pkg/demo_python_pkg.egg-info/requires.txt
[0.784s] writing top-level names to ../../build/demo_python_pkg/demo_python_pkg.egg-info/top_level.txt
[0.784s] writing manifest file '../../build/demo_python_pkg/demo_python_pkg.egg-info/SOURCES.txt'
[0.803s] reading manifest file '../../build/demo_python_pkg/demo_python_pkg.egg-info/SOURCES.txt'
[0.803s] adding license file 'LICENSE'
[0.803s] writing manifest file '../../build/demo_python_pkg/demo_python_pkg.egg-info/SOURCES.txt'
[0.804s] running build
[0.804s] running build_py
[0.804s] creating /home/hzy/hzy_test/ros2_ws/build/demo_python_pkg/build
[0.804s] creating /home/hzy/hzy_test/ros2_ws/build/demo_python_pkg/build/lib
[0.804s] creating /home/hzy/hzy_test/ros2_ws/build/demo_python_pkg/build/lib/demo_python_pkg
[0.804s] copying demo_python_pkg/writer_node.py -> /home/hzy/hzy_test/ros2_ws/build/demo_python_pkg/build/lib/demo_python_pkg
[0.804s] copying demo_python_pkg/ros2_person_node.py -> /home/hzy/hzy_test/ros2_ws/build/demo_python_pkg/build/lib/demo_python_pkg
[0.805s] copying demo_python_pkg/learn_thread.py -> /home/hzy/hzy_test/ros2_ws/build/demo_python_pkg/build/lib/demo_python_pkg
[0.805s] copying demo_python_pkg/python_node.py -> /home/hzy/hzy_test/ros2_ws/build/demo_python_pkg/build/lib/demo_python_pkg
[0.805s] copying demo_python_pkg/__init__.py -> /home/hzy/hzy_test/ros2_ws/build/demo_python_pkg/build/lib/demo_python_pkg
[0.805s] running install
[0.809s] running install_lib
[0.821s] creating /home/hzy/hzy_test/ros2_ws/install/demo_python_pkg/lib/python3.12/site-packages/demo_python_pkg
[0.821s] copying /home/hzy/hzy_test/ros2_ws/build/demo_python_pkg/build/lib/demo_python_pkg/writer_node.py -> /home/hzy/hzy_test/ros2_ws/install/demo_python_pkg/lib/python3.12/site-packages/demo_python_pkg
[0.821s] copying /home/hzy/hzy_test/ros2_ws/build/demo_python_pkg/build/lib/demo_python_pkg/ros2_person_node.py -> /home/hzy/hzy_test/ros2_ws/install/demo_python_pkg/lib/python3.12/site-packages/demo_python_pkg
[0.821s] copying /home/hzy/hzy_test/ros2_ws/build/demo_python_pkg/build/lib/demo_python_pkg/learn_thread.py -> /home/hzy/hzy_test/ros2_ws/install/demo_python_pkg/lib/python3.12/site-packages/demo_python_pkg
[0.823s] copying /home/hzy/hzy_test/ros2_ws/build/demo_python_pkg/build/lib/demo_python_pkg/python_node.py -> /home/hzy/hzy_test/ros2_ws/install/demo_python_pkg/lib/python3.12/site-packages/demo_python_pkg
[0.824s] copying /home/hzy/hzy_test/ros2_ws/build/demo_python_pkg/build/lib/demo_python_pkg/__init__.py -> /home/hzy/hzy_test/ros2_ws/install/demo_python_pkg/lib/python3.12/site-packages/demo_python_pkg
[0.824s] byte-compiling /home/hzy/hzy_test/ros2_ws/install/demo_python_pkg/lib/python3.12/site-packages/demo_python_pkg/writer_node.py to writer_node.cpython-312.pyc
[0.826s] byte-compiling /home/hzy/hzy_test/ros2_ws/install/demo_python_pkg/lib/python3.12/site-packages/demo_python_pkg/ros2_person_node.py to ros2_person_node.cpython-312.pyc
[0.827s] byte-compiling /home/hzy/hzy_test/ros2_ws/install/demo_python_pkg/lib/python3.12/site-packages/demo_python_pkg/learn_thread.py to learn_thread.cpython-312.pyc
[0.827s] byte-compiling /home/hzy/hzy_test/ros2_ws/install/demo_python_pkg/lib/python3.12/site-packages/demo_python_pkg/python_node.py to python_node.cpython-312.pyc
[0.828s] byte-compiling /home/hzy/hzy_test/ros2_ws/install/demo_python_pkg/lib/python3.12/site-packages/demo_python_pkg/__init__.py to __init__.cpython-312.pyc
[0.831s] running install_data
[0.831s] creating /home/hzy/hzy_test/ros2_ws/install/demo_python_pkg/share/ament_index
[0.831s] creating /home/hzy/hzy_test/ros2_ws/install/demo_python_pkg/share/ament_index/resource_index
[0.831s] creating /home/hzy/hzy_test/ros2_ws/install/demo_python_pkg/share/ament_index/resource_index/packages
[0.831s] copying resource/demo_python_pkg -> /home/hzy/hzy_test/ros2_ws/install/demo_python_pkg/share/ament_index/resource_index/packages
[0.833s] copying package.xml -> /home/hzy/hzy_test/ros2_ws/install/demo_python_pkg/share/demo_python_pkg
[0.834s] running install_egg_info
[0.845s] Copying ../../build/demo_python_pkg/demo_python_pkg.egg-info to /home/hzy/hzy_test/ros2_ws/install/demo_python_pkg/lib/python3.12/site-packages/demo_python_pkg-0.0.0-py3.12.egg-info
[0.848s] running install_scripts
[0.928s] Installing learn_thread script to /home/hzy/hzy_test/ros2_ws/install/demo_python_pkg/lib/demo_python_pkg
[0.928s] Installing person_node script to /home/hzy/hzy_test/ros2_ws/install/demo_python_pkg/lib/demo_python_pkg
[0.928s] Installing python_node script to /home/hzy/hzy_test/ros2_ws/install/demo_python_pkg/lib/demo_python_pkg
[0.928s] Installing writer_node script to /home/hzy/hzy_test/ros2_ws/install/demo_python_pkg/lib/demo_python_pkg
[0.928s] writing list of installed files to '/home/hzy/hzy_test/ros2_ws/build/demo_python_pkg/install.log'
[0.952s] Invoked command in '/home/hzy/hzy_test/ros2_ws/src/demo_python_pkg' returned '0': DEBUGINFOD_URLS=https://debuginfod.ubuntu.com PYTHONPATH=/home/hzy/hzy_test/ros2_ws/build/demo_python_pkg/prefix_override:/usr/lib/python3/dist-packages/colcon_core/task/python/colcon_distutils_commands:/home/hzy/hzy_test/ros2_ws/install/demo_python_pkg/lib/python3.12/site-packages:${PYTHONPATH} /usr/bin/python3 -W ignore:setup.py install is deprecated -W ignore:easy_install command is deprecated setup.py egg_info --egg-base ../../build/demo_python_pkg build --build-base /home/hzy/hzy_test/ros2_ws/build/demo_python_pkg/build install --record /home/hzy/hzy_test/ros2_ws/build/demo_python_pkg/install.log --single-version-externally-managed install_data
