-- The C compiler identification is GNU 13.3.0
-- The CXX compiler identification is GNU 13.3.0
-- Detecting C compiler ABI info
-- Detecting C compiler ABI info - done
-- Check for working C compiler: /usr/bin/cc - skipped
-- Detecting C compile features
-- Detecting C compile features - done
-- Detecting CXX compiler ABI info
-- Detecting CXX compiler ABI info - done
-- Check for working CXX compiler: /usr/bin/c++ - skipped
-- Detecting CXX compile features
-- Detecting CXX compile features - done
-- Found ament_cmake: 2.5.5 (/opt/ros/jazzy/share/ament_cmake/cmake)
-- Found Python3: /usr/bin/python3 (found version "3.12.3") found components: Interpreter 
-- Found builtin_interfaces: 2.0.3 (/opt/ros/jazzy/share/builtin_interfaces/cmake)
-- Found rosidl_generator_c: 4.6.7 (/opt/ros/jazzy/share/rosidl_generator_c/cmake)
-- Found rosidl_generator_cpp: 4.6.7 (/opt/ros/jazzy/share/rosidl_generator_cpp/cmake)
-- Using all available rosidl_typesupport_c: rosidl_typesupport_fastrtps_c;rosidl_typesupport_introspection_c
-- Using all available rosidl_typesupport_cpp: rosidl_typesupport_fastrtps_cpp;rosidl_typesupport_introspection_cpp
-- Found rosidl_default_generators: 1.6.0 (/opt/ros/jazzy/share/rosidl_default_generators/cmake)
-- Found rosidl_adapter: 4.6.7 (/opt/ros/jazzy/share/rosidl_adapter/cmake)
-- Found ament_cmake_ros: 0.12.0 (/opt/ros/jazzy/share/ament_cmake_ros/cmake)
-- Using all available rosidl_typesupport_c: rosidl_typesupport_fastrtps_c;rosidl_typesupport_introspection_c
-- Using all available rosidl_typesupport_cpp: rosidl_typesupport_fastrtps_cpp;rosidl_typesupport_introspection_cpp
-- Found python_cmake_module: 0.11.1 (/opt/ros/jazzy/share/python_cmake_module/cmake)
-- Found PythonExtra: /usr/bin/python3  
-- Found Python3: /usr/bin/python3 (found version "3.12.3") found components: Interpreter Development NumPy Development.Module Development.Embed 
-- Found ament_lint_auto: 0.17.4 (/opt/ros/jazzy/share/ament_lint_auto/cmake)
-- Added test 'lint_cmake' to check CMake code style
-- Added test 'xmllint' to check XML markup files
-- Configuring done (2.6s)
-- Generating done (0.0s)
-- Build files have been written to: /home/hzy/hzy_test/CHAPT3/topic_practice_ws/build/status_interfaces
[  2%] [34m[1mGenerating type hashes for ROS interfaces[0m
[  2%] Built target ament_cmake_python_copy_status_interfaces
running egg_info
creating status_interfaces.egg-info
writing status_interfaces.egg-info/PKG-INFO
writing dependency_links to status_interfaces.egg-info/dependency_links.txt
writing top-level names to status_interfaces.egg-info/top_level.txt
writing manifest file 'status_interfaces.egg-info/SOURCES.txt'
[  2%] Built target status_interfaces__rosidl_generator_type_description
[  5%] [34m[1mGenerating C code for ROS interfaces[0m
[  8%] [34m[1mGenerating C++ code for ROS interfaces[0m
reading manifest file 'status_interfaces.egg-info/SOURCES.txt'
writing manifest file 'status_interfaces.egg-info/SOURCES.txt'
[  8%] Built target ament_cmake_python_build_status_interfaces_egg
[  8%] Built target status_interfaces__cpp
[ 11%] [32mBuilding C object CMakeFiles/status_interfaces__rosidl_generator_c.dir/rosidl_generator_c/status_interfaces/msg/detail/system_status__type_support.c.o[0m
[ 17%] [32mBuilding C object CMakeFiles/status_interfaces__rosidl_generator_c.dir/rosidl_generator_c/status_interfaces/msg/detail/system_status__functions.c.o[0m
[ 17%] [32mBuilding C object CMakeFiles/status_interfaces__rosidl_generator_c.dir/rosidl_generator_c/status_interfaces/msg/detail/system_status__description.c.o[0m
[ 20%] [32m[1mLinking C shared library libstatus_interfaces__rosidl_generator_c.so[0m
[ 20%] Built target status_interfaces__rosidl_generator_c
[ 23%] [34m[1mGenerating C introspection for ROS interfaces[0m
[ 29%] [34m[1mGenerating C type support dispatch for ROS interfaces[0m
[ 29%] [34m[1mGenerating C++ introspection for ROS interfaces[0m
[ 32%] [34m[1mGenerating C++ type support for eProsima Fast-RTPS[0m
[ 35%] [34m[1mGenerating C++ type support dispatch for ROS interfaces[0m
[ 38%] [34m[1mGenerating C type support for eProsima Fast-RTPS[0m
[ 41%] [32mBuilding C object CMakeFiles/status_interfaces__rosidl_typesupport_introspection_c.dir/rosidl_typesupport_introspection_c/status_interfaces/msg/detail/system_status__type_support.c.o[0m
[ 44%] [32mBuilding CXX object CMakeFiles/status_interfaces__rosidl_typesupport_cpp.dir/rosidl_typesupport_cpp/status_interfaces/msg/system_status__type_support.cpp.o[0m
[ 47%] [32mBuilding CXX object CMakeFiles/status_interfaces__rosidl_typesupport_c.dir/rosidl_typesupport_c/status_interfaces/msg/system_status__type_support.cpp.o[0m
[ 50%] [32m[1mLinking C shared library libstatus_interfaces__rosidl_typesupport_introspection_c.so[0m
[ 52%] [32mBuilding CXX object CMakeFiles/status_interfaces__rosidl_typesupport_fastrtps_c.dir/rosidl_typesupport_fastrtps_c/status_interfaces/msg/detail/system_status__type_support_c.cpp.o[0m
[ 55%] [32mBuilding CXX object CMakeFiles/status_interfaces__rosidl_typesupport_introspection_cpp.dir/rosidl_typesupport_introspection_cpp/status_interfaces/msg/detail/system_status__type_support.cpp.o[0m
[ 58%] [32mBuilding CXX object CMakeFiles/status_interfaces__rosidl_typesupport_fastrtps_cpp.dir/rosidl_typesupport_fastrtps_cpp/status_interfaces/msg/detail/dds_fastrtps/system_status__type_support.cpp.o[0m
[ 61%] [32m[1mLinking CXX shared library libstatus_interfaces__rosidl_typesupport_c.so[0m
[ 61%] Built target status_interfaces__rosidl_typesupport_introspection_c
[ 61%] Built target status_interfaces__rosidl_typesupport_c
[ 64%] [32m[1mLinking CXX shared library libstatus_interfaces__rosidl_typesupport_cpp.so[0m
[ 67%] [32m[1mLinking CXX shared library libstatus_interfaces__rosidl_typesupport_introspection_cpp.so[0m
[ 67%] Built target status_interfaces__rosidl_typesupport_cpp
[ 67%] Built target status_interfaces__rosidl_typesupport_introspection_cpp
[ 70%] [32m[1mLinking CXX shared library libstatus_interfaces__rosidl_typesupport_fastrtps_cpp.so[0m
[ 73%] [32m[1mLinking CXX shared library libstatus_interfaces__rosidl_typesupport_fastrtps_c.so[0m
[ 73%] Built target status_interfaces__rosidl_typesupport_fastrtps_cpp
[ 73%] Built target status_interfaces__rosidl_typesupport_fastrtps_c
[ 73%] Built target status_interfaces
[ 76%] [34m[1mGenerating Python code for ROS interfaces[0m
[ 76%] Built target status_interfaces__py
[ 79%] [32mBuilding C object CMakeFiles/status_interfaces__rosidl_generator_py.dir/rosidl_generator_py/status_interfaces/msg/_system_status_s.c.o[0m
[ 82%] [32m[1mLinking C shared library libstatus_interfaces__rosidl_generator_py.so[0m
[ 82%] Built target status_interfaces__rosidl_generator_py
[ 85%] [32mBuilding C object CMakeFiles/status_interfaces_s__rosidl_typesupport_fastrtps_c.dir/rosidl_generator_py/status_interfaces/_status_interfaces_s.ep.rosidl_typesupport_fastrtps_c.c.o[0m
[ 88%] [32mBuilding C object CMakeFiles/status_interfaces_s__rosidl_typesupport_c.dir/rosidl_generator_py/status_interfaces/_status_interfaces_s.ep.rosidl_typesupport_c.c.o[0m
[ 91%] [32mBuilding C object CMakeFiles/status_interfaces_s__rosidl_typesupport_introspection_c.dir/rosidl_generator_py/status_interfaces/_status_interfaces_s.ep.rosidl_typesupport_introspection_c.c.o[0m
[ 94%] [32m[1mLinking C shared module rosidl_generator_py/status_interfaces/status_interfaces_s__rosidl_typesupport_fastrtps_c.so[0m
[100%] [32m[1mLinking C shared module rosidl_generator_py/status_interfaces/status_interfaces_s__rosidl_typesupport_c.so[0m
[100%] [32m[1mLinking C shared module rosidl_generator_py/status_interfaces/status_interfaces_s__rosidl_typesupport_introspection_c.so[0m
[100%] Built target status_interfaces_s__rosidl_typesupport_fastrtps_c
[100%] Built target status_interfaces_s__rosidl_typesupport_introspection_c
[100%] Built target status_interfaces_s__rosidl_typesupport_c
-- Install configuration: ""
-- Installing: /home/hzy/hzy_test/CHAPT3/topic_practice_ws/install/status_interfaces/share/ament_index/resource_index/rosidl_interfaces/status_interfaces
-- Installing: /home/hzy/hzy_test/CHAPT3/topic_practice_ws/install/status_interfaces/share/status_interfaces/msg/SystemStatus.json
-- Installing: /home/hzy/hzy_test/CHAPT3/topic_practice_ws/install/status_interfaces/include/status_interfaces/status_interfaces
-- Installing: /home/hzy/hzy_test/CHAPT3/topic_practice_ws/install/status_interfaces/include/status_interfaces/status_interfaces/msg
-- Installing: /home/hzy/hzy_test/CHAPT3/topic_practice_ws/install/status_interfaces/include/status_interfaces/status_interfaces/msg/detail
-- Installing: /home/hzy/hzy_test/CHAPT3/topic_practice_ws/install/status_interfaces/include/status_interfaces/status_interfaces/msg/detail/system_status__functions.c
-- Installing: /home/hzy/hzy_test/CHAPT3/topic_practice_ws/install/status_interfaces/include/status_interfaces/status_interfaces/msg/detail/system_status__struct.h
-- Installing: /home/hzy/hzy_test/CHAPT3/topic_practice_ws/install/status_interfaces/include/status_interfaces/status_interfaces/msg/detail/system_status__type_support.h
-- Installing: /home/hzy/hzy_test/CHAPT3/topic_practice_ws/install/status_interfaces/include/status_interfaces/status_interfaces/msg/detail/system_status__description.c
-- Installing: /home/hzy/hzy_test/CHAPT3/topic_practice_ws/install/status_interfaces/include/status_interfaces/status_interfaces/msg/detail/system_status__functions.h
-- Installing: /home/hzy/hzy_test/CHAPT3/topic_practice_ws/install/status_interfaces/include/status_interfaces/status_interfaces/msg/detail/system_status__type_support.c
-- Installing: /home/hzy/hzy_test/CHAPT3/topic_practice_ws/install/status_interfaces/include/status_interfaces/status_interfaces/msg/rosidl_generator_c__visibility_control.h
-- Installing: /home/hzy/hzy_test/CHAPT3/topic_practice_ws/install/status_interfaces/include/status_interfaces/status_interfaces/msg/system_status.h
-- Installing: /home/hzy/hzy_test/CHAPT3/topic_practice_ws/install/status_interfaces/share/status_interfaces/environment/library_path.sh
-- Installing: /home/hzy/hzy_test/CHAPT3/topic_practice_ws/install/status_interfaces/share/status_interfaces/environment/library_path.dsv
-- Installing: /home/hzy/hzy_test/CHAPT3/topic_practice_ws/install/status_interfaces/lib/libstatus_interfaces__rosidl_generator_c.so
-- Set non-toolchain portion of runtime path of "/home/hzy/hzy_test/CHAPT3/topic_practice_ws/install/status_interfaces/lib/libstatus_interfaces__rosidl_generator_c.so" to ""
-- Up-to-date: /home/hzy/hzy_test/CHAPT3/topic_practice_ws/install/status_interfaces/include/status_interfaces/status_interfaces
-- Up-to-date: /home/hzy/hzy_test/CHAPT3/topic_practice_ws/install/status_interfaces/include/status_interfaces/status_interfaces/msg
-- Installing: /home/hzy/hzy_test/CHAPT3/topic_practice_ws/install/status_interfaces/include/status_interfaces/status_interfaces/msg/rosidl_typesupport_fastrtps_c__visibility_control.h
-- Up-to-date: /home/hzy/hzy_test/CHAPT3/topic_practice_ws/install/status_interfaces/include/status_interfaces/status_interfaces/msg/detail
-- Installing: /home/hzy/hzy_test/CHAPT3/topic_practice_ws/install/status_interfaces/include/status_interfaces/status_interfaces/msg/detail/system_status__rosidl_typesupport_fastrtps_c.h
-- Installing: /home/hzy/hzy_test/CHAPT3/topic_practice_ws/install/status_interfaces/lib/libstatus_interfaces__rosidl_typesupport_fastrtps_c.so
-- Set non-toolchain portion of runtime path of "/home/hzy/hzy_test/CHAPT3/topic_practice_ws/install/status_interfaces/lib/libstatus_interfaces__rosidl_typesupport_fastrtps_c.so" to ""
-- Up-to-date: /home/hzy/hzy_test/CHAPT3/topic_practice_ws/install/status_interfaces/include/status_interfaces/status_interfaces
-- Up-to-date: /home/hzy/hzy_test/CHAPT3/topic_practice_ws/install/status_interfaces/include/status_interfaces/status_interfaces/msg
-- Installing: /home/hzy/hzy_test/CHAPT3/topic_practice_ws/install/status_interfaces/include/status_interfaces/status_interfaces/msg/system_status.hpp
-- Up-to-date: /home/hzy/hzy_test/CHAPT3/topic_practice_ws/install/status_interfaces/include/status_interfaces/status_interfaces/msg/detail
-- Installing: /home/hzy/hzy_test/CHAPT3/topic_practice_ws/install/status_interfaces/include/status_interfaces/status_interfaces/msg/detail/system_status__builder.hpp
-- Installing: /home/hzy/hzy_test/CHAPT3/topic_practice_ws/install/status_interfaces/include/status_interfaces/status_interfaces/msg/detail/system_status__struct.hpp
-- Installing: /home/hzy/hzy_test/CHAPT3/topic_practice_ws/install/status_interfaces/include/status_interfaces/status_interfaces/msg/detail/system_status__traits.hpp
-- Installing: /home/hzy/hzy_test/CHAPT3/topic_practice_ws/install/status_interfaces/include/status_interfaces/status_interfaces/msg/detail/system_status__type_support.hpp
-- Installing: /home/hzy/hzy_test/CHAPT3/topic_practice_ws/install/status_interfaces/include/status_interfaces/status_interfaces/msg/rosidl_generator_cpp__visibility_control.hpp
-- Up-to-date: /home/hzy/hzy_test/CHAPT3/topic_practice_ws/install/status_interfaces/include/status_interfaces/status_interfaces
-- Up-to-date: /home/hzy/hzy_test/CHAPT3/topic_practice_ws/install/status_interfaces/include/status_interfaces/status_interfaces/msg
-- Installing: /home/hzy/hzy_test/CHAPT3/topic_practice_ws/install/status_interfaces/include/status_interfaces/status_interfaces/msg/rosidl_typesupport_fastrtps_cpp__visibility_control.h
-- Up-to-date: /home/hzy/hzy_test/CHAPT3/topic_practice_ws/install/status_interfaces/include/status_interfaces/status_interfaces/msg/detail
-- Installing: /home/hzy/hzy_test/CHAPT3/topic_practice_ws/install/status_interfaces/include/status_interfaces/status_interfaces/msg/detail/system_status__rosidl_typesupport_fastrtps_cpp.hpp
-- Installing: /home/hzy/hzy_test/CHAPT3/topic_practice_ws/install/status_interfaces/include/status_interfaces/status_interfaces/msg/detail/dds_fastrtps
-- Installing: /home/hzy/hzy_test/CHAPT3/topic_practice_ws/install/status_interfaces/lib/libstatus_interfaces__rosidl_typesupport_fastrtps_cpp.so
-- Set non-toolchain portion of runtime path of "/home/hzy/hzy_test/CHAPT3/topic_practice_ws/install/status_interfaces/lib/libstatus_interfaces__rosidl_typesupport_fastrtps_cpp.so" to ""
-- Up-to-date: /home/hzy/hzy_test/CHAPT3/topic_practice_ws/install/status_interfaces/include/status_interfaces/status_interfaces
-- Up-to-date: /home/hzy/hzy_test/CHAPT3/topic_practice_ws/install/status_interfaces/include/status_interfaces/status_interfaces/msg
-- Up-to-date: /home/hzy/hzy_test/CHAPT3/topic_practice_ws/install/status_interfaces/include/status_interfaces/status_interfaces/msg/detail
-- Installing: /home/hzy/hzy_test/CHAPT3/topic_practice_ws/install/status_interfaces/include/status_interfaces/status_interfaces/msg/detail/system_status__rosidl_typesupport_introspection_c.h
-- Up-to-date: /home/hzy/hzy_test/CHAPT3/topic_practice_ws/install/status_interfaces/include/status_interfaces/status_interfaces/msg/detail/system_status__type_support.c
-- Installing: /home/hzy/hzy_test/CHAPT3/topic_practice_ws/install/status_interfaces/include/status_interfaces/status_interfaces/msg/rosidl_typesupport_introspection_c__visibility_control.h
-- Installing: /home/hzy/hzy_test/CHAPT3/topic_practice_ws/install/status_interfaces/lib/libstatus_interfaces__rosidl_typesupport_introspection_c.so
-- Set non-toolchain portion of runtime path of "/home/hzy/hzy_test/CHAPT3/topic_practice_ws/install/status_interfaces/lib/libstatus_interfaces__rosidl_typesupport_introspection_c.so" to ""
-- Installing: /home/hzy/hzy_test/CHAPT3/topic_practice_ws/install/status_interfaces/lib/libstatus_interfaces__rosidl_typesupport_c.so
-- Set non-toolchain portion of runtime path of "/home/hzy/hzy_test/CHAPT3/topic_practice_ws/install/status_interfaces/lib/libstatus_interfaces__rosidl_typesupport_c.so" to ""
-- Up-to-date: /home/hzy/hzy_test/CHAPT3/topic_practice_ws/install/status_interfaces/include/status_interfaces/status_interfaces
-- Up-to-date: /home/hzy/hzy_test/CHAPT3/topic_practice_ws/install/status_interfaces/include/status_interfaces/status_interfaces/msg
-- Up-to-date: /home/hzy/hzy_test/CHAPT3/topic_practice_ws/install/status_interfaces/include/status_interfaces/status_interfaces/msg/detail
-- Installing: /home/hzy/hzy_test/CHAPT3/topic_practice_ws/install/status_interfaces/include/status_interfaces/status_interfaces/msg/detail/system_status__type_support.cpp
-- Installing: /home/hzy/hzy_test/CHAPT3/topic_practice_ws/install/status_interfaces/include/status_interfaces/status_interfaces/msg/detail/system_status__rosidl_typesupport_introspection_cpp.hpp
-- Installing: /home/hzy/hzy_test/CHAPT3/topic_practice_ws/install/status_interfaces/lib/libstatus_interfaces__rosidl_typesupport_introspection_cpp.so
-- Set non-toolchain portion of runtime path of "/home/hzy/hzy_test/CHAPT3/topic_practice_ws/install/status_interfaces/lib/libstatus_interfaces__rosidl_typesupport_introspection_cpp.so" to ""
-- Installing: /home/hzy/hzy_test/CHAPT3/topic_practice_ws/install/status_interfaces/lib/libstatus_interfaces__rosidl_typesupport_cpp.so
-- Set non-toolchain portion of runtime path of "/home/hzy/hzy_test/CHAPT3/topic_practice_ws/install/status_interfaces/lib/libstatus_interfaces__rosidl_typesupport_cpp.so" to ""
-- Installing: /home/hzy/hzy_test/CHAPT3/topic_practice_ws/install/status_interfaces/share/status_interfaces/environment/pythonpath.sh
-- Installing: /home/hzy/hzy_test/CHAPT3/topic_practice_ws/install/status_interfaces/share/status_interfaces/environment/pythonpath.dsv
-- Installing: /home/hzy/hzy_test/CHAPT3/topic_practice_ws/install/status_interfaces/lib/python3.12/site-packages/status_interfaces-0.0.0-py3.12.egg-info
-- Installing: /home/hzy/hzy_test/CHAPT3/topic_practice_ws/install/status_interfaces/lib/python3.12/site-packages/status_interfaces-0.0.0-py3.12.egg-info/SOURCES.txt
-- Installing: /home/hzy/hzy_test/CHAPT3/topic_practice_ws/install/status_interfaces/lib/python3.12/site-packages/status_interfaces-0.0.0-py3.12.egg-info/dependency_links.txt
-- Installing: /home/hzy/hzy_test/CHAPT3/topic_practice_ws/install/status_interfaces/lib/python3.12/site-packages/status_interfaces-0.0.0-py3.12.egg-info/top_level.txt
-- Installing: /home/hzy/hzy_test/CHAPT3/topic_practice_ws/install/status_interfaces/lib/python3.12/site-packages/status_interfaces-0.0.0-py3.12.egg-info/PKG-INFO
-- Installing: /home/hzy/hzy_test/CHAPT3/topic_practice_ws/install/status_interfaces/lib/python3.12/site-packages/status_interfaces
-- Installing: /home/hzy/hzy_test/CHAPT3/topic_practice_ws/install/status_interfaces/lib/python3.12/site-packages/status_interfaces/_status_interfaces_s.ep.rosidl_typesupport_introspection_c.c
-- Installing: /home/hzy/hzy_test/CHAPT3/topic_practice_ws/install/status_interfaces/lib/python3.12/site-packages/status_interfaces/_status_interfaces_s.ep.rosidl_typesupport_c.c
-- Installing: /home/hzy/hzy_test/CHAPT3/topic_practice_ws/install/status_interfaces/lib/python3.12/site-packages/status_interfaces/status_interfaces_s__rosidl_typesupport_fastrtps_c.so
-- Installing: /home/hzy/hzy_test/CHAPT3/topic_practice_ws/install/status_interfaces/lib/python3.12/site-packages/status_interfaces/_status_interfaces_s.ep.rosidl_typesupport_fastrtps_c.c
-- Installing: /home/hzy/hzy_test/CHAPT3/topic_practice_ws/install/status_interfaces/lib/python3.12/site-packages/status_interfaces/status_interfaces_s__rosidl_typesupport_introspection_c.so
-- Installing: /home/hzy/hzy_test/CHAPT3/topic_practice_ws/install/status_interfaces/lib/python3.12/site-packages/status_interfaces/status_interfaces_s__rosidl_typesupport_c.so
-- Installing: /home/hzy/hzy_test/CHAPT3/topic_practice_ws/install/status_interfaces/lib/python3.12/site-packages/status_interfaces/msg
-- Installing: /home/hzy/hzy_test/CHAPT3/topic_practice_ws/install/status_interfaces/lib/python3.12/site-packages/status_interfaces/msg/_system_status_s.c
-- Installing: /home/hzy/hzy_test/CHAPT3/topic_practice_ws/install/status_interfaces/lib/python3.12/site-packages/status_interfaces/msg/_system_status.py
-- Installing: /home/hzy/hzy_test/CHAPT3/topic_practice_ws/install/status_interfaces/lib/python3.12/site-packages/status_interfaces/msg/__init__.py
-- Installing: /home/hzy/hzy_test/CHAPT3/topic_practice_ws/install/status_interfaces/lib/python3.12/site-packages/status_interfaces/__init__.py
Listing '/home/hzy/hzy_test/CHAPT3/topic_practice_ws/install/status_interfaces/lib/python3.12/site-packages/status_interfaces'...
Compiling '/home/hzy/hzy_test/CHAPT3/topic_practice_ws/install/status_interfaces/lib/python3.12/site-packages/status_interfaces/__init__.py'...
Listing '/home/hzy/hzy_test/CHAPT3/topic_practice_ws/install/status_interfaces/lib/python3.12/site-packages/status_interfaces/msg'...
Compiling '/home/hzy/hzy_test/CHAPT3/topic_practice_ws/install/status_interfaces/lib/python3.12/site-packages/status_interfaces/msg/__init__.py'...
Compiling '/home/hzy/hzy_test/CHAPT3/topic_practice_ws/install/status_interfaces/lib/python3.12/site-packages/status_interfaces/msg/_system_status.py'...
-- Installing: /home/hzy/hzy_test/CHAPT3/topic_practice_ws/install/status_interfaces/lib/python3.12/site-packages/status_interfaces/status_interfaces_s__rosidl_typesupport_fastrtps_c.so
-- Set non-toolchain portion of runtime path of "/home/hzy/hzy_test/CHAPT3/topic_practice_ws/install/status_interfaces/lib/python3.12/site-packages/status_interfaces/status_interfaces_s__rosidl_typesupport_fastrtps_c.so" to ""
-- Installing: /home/hzy/hzy_test/CHAPT3/topic_practice_ws/install/status_interfaces/lib/python3.12/site-packages/status_interfaces/status_interfaces_s__rosidl_typesupport_introspection_c.so
-- Set non-toolchain portion of runtime path of "/home/hzy/hzy_test/CHAPT3/topic_practice_ws/install/status_interfaces/lib/python3.12/site-packages/status_interfaces/status_interfaces_s__rosidl_typesupport_introspection_c.so" to ""
-- Installing: /home/hzy/hzy_test/CHAPT3/topic_practice_ws/install/status_interfaces/lib/python3.12/site-packages/status_interfaces/status_interfaces_s__rosidl_typesupport_c.so
-- Set non-toolchain portion of runtime path of "/home/hzy/hzy_test/CHAPT3/topic_practice_ws/install/status_interfaces/lib/python3.12/site-packages/status_interfaces/status_interfaces_s__rosidl_typesupport_c.so" to ""
-- Installing: /home/hzy/hzy_test/CHAPT3/topic_practice_ws/install/status_interfaces/lib/libstatus_interfaces__rosidl_generator_py.so
-- Set non-toolchain portion of runtime path of "/home/hzy/hzy_test/CHAPT3/topic_practice_ws/install/status_interfaces/lib/libstatus_interfaces__rosidl_generator_py.so" to ""
-- Installing: /home/hzy/hzy_test/CHAPT3/topic_practice_ws/install/status_interfaces/share/status_interfaces/msg/SystemStatus.idl
-- Installing: /home/hzy/hzy_test/CHAPT3/topic_practice_ws/install/status_interfaces/share/status_interfaces/msg/SystemStatus.msg
-- Installing: /home/hzy/hzy_test/CHAPT3/topic_practice_ws/install/status_interfaces/share/ament_index/resource_index/package_run_dependencies/status_interfaces
-- Installing: /home/hzy/hzy_test/CHAPT3/topic_practice_ws/install/status_interfaces/share/ament_index/resource_index/parent_prefix_path/status_interfaces
-- Installing: /home/hzy/hzy_test/CHAPT3/topic_practice_ws/install/status_interfaces/share/status_interfaces/environment/ament_prefix_path.sh
-- Installing: /home/hzy/hzy_test/CHAPT3/topic_practice_ws/install/status_interfaces/share/status_interfaces/environment/ament_prefix_path.dsv
-- Installing: /home/hzy/hzy_test/CHAPT3/topic_practice_ws/install/status_interfaces/share/status_interfaces/environment/path.sh
-- Installing: /home/hzy/hzy_test/CHAPT3/topic_practice_ws/install/status_interfaces/share/status_interfaces/environment/path.dsv
-- Installing: /home/hzy/hzy_test/CHAPT3/topic_practice_ws/install/status_interfaces/share/status_interfaces/local_setup.bash
-- Installing: /home/hzy/hzy_test/CHAPT3/topic_practice_ws/install/status_interfaces/share/status_interfaces/local_setup.sh
-- Installing: /home/hzy/hzy_test/CHAPT3/topic_practice_ws/install/status_interfaces/share/status_interfaces/local_setup.zsh
-- Installing: /home/hzy/hzy_test/CHAPT3/topic_practice_ws/install/status_interfaces/share/status_interfaces/local_setup.dsv
-- Installing: /home/hzy/hzy_test/CHAPT3/topic_practice_ws/install/status_interfaces/share/status_interfaces/package.dsv
-- Installing: /home/hzy/hzy_test/CHAPT3/topic_practice_ws/install/status_interfaces/share/ament_index/resource_index/packages/status_interfaces
-- Installing: /home/hzy/hzy_test/CHAPT3/topic_practice_ws/install/status_interfaces/share/status_interfaces/cmake/export_status_interfaces__rosidl_generator_cExport.cmake
-- Installing: /home/hzy/hzy_test/CHAPT3/topic_practice_ws/install/status_interfaces/share/status_interfaces/cmake/export_status_interfaces__rosidl_generator_cExport-noconfig.cmake
-- Installing: /home/hzy/hzy_test/CHAPT3/topic_practice_ws/install/status_interfaces/share/status_interfaces/cmake/export_status_interfaces__rosidl_typesupport_fastrtps_cExport.cmake
-- Installing: /home/hzy/hzy_test/CHAPT3/topic_practice_ws/install/status_interfaces/share/status_interfaces/cmake/export_status_interfaces__rosidl_typesupport_fastrtps_cExport-noconfig.cmake
-- Installing: /home/hzy/hzy_test/CHAPT3/topic_practice_ws/install/status_interfaces/share/status_interfaces/cmake/export_status_interfaces__rosidl_generator_cppExport.cmake
-- Installing: /home/hzy/hzy_test/CHAPT3/topic_practice_ws/install/status_interfaces/share/status_interfaces/cmake/export_status_interfaces__rosidl_typesupport_fastrtps_cppExport.cmake
-- Installing: /home/hzy/hzy_test/CHAPT3/topic_practice_ws/install/status_interfaces/share/status_interfaces/cmake/export_status_interfaces__rosidl_typesupport_fastrtps_cppExport-noconfig.cmake
-- Installing: /home/hzy/hzy_test/CHAPT3/topic_practice_ws/install/status_interfaces/share/status_interfaces/cmake/status_interfaces__rosidl_typesupport_introspection_cExport.cmake
-- Installing: /home/hzy/hzy_test/CHAPT3/topic_practice_ws/install/status_interfaces/share/status_interfaces/cmake/status_interfaces__rosidl_typesupport_introspection_cExport-noconfig.cmake
-- Installing: /home/hzy/hzy_test/CHAPT3/topic_practice_ws/install/status_interfaces/share/status_interfaces/cmake/status_interfaces__rosidl_typesupport_cExport.cmake
-- Installing: /home/hzy/hzy_test/CHAPT3/topic_practice_ws/install/status_interfaces/share/status_interfaces/cmake/status_interfaces__rosidl_typesupport_cExport-noconfig.cmake
-- Installing: /home/hzy/hzy_test/CHAPT3/topic_practice_ws/install/status_interfaces/share/status_interfaces/cmake/status_interfaces__rosidl_typesupport_introspection_cppExport.cmake
-- Installing: /home/hzy/hzy_test/CHAPT3/topic_practice_ws/install/status_interfaces/share/status_interfaces/cmake/status_interfaces__rosidl_typesupport_introspection_cppExport-noconfig.cmake
-- Installing: /home/hzy/hzy_test/CHAPT3/topic_practice_ws/install/status_interfaces/share/status_interfaces/cmake/status_interfaces__rosidl_typesupport_cppExport.cmake
-- Installing: /home/hzy/hzy_test/CHAPT3/topic_practice_ws/install/status_interfaces/share/status_interfaces/cmake/status_interfaces__rosidl_typesupport_cppExport-noconfig.cmake
-- Installing: /home/hzy/hzy_test/CHAPT3/topic_practice_ws/install/status_interfaces/share/status_interfaces/cmake/export_status_interfaces__rosidl_generator_pyExport.cmake
-- Installing: /home/hzy/hzy_test/CHAPT3/topic_practice_ws/install/status_interfaces/share/status_interfaces/cmake/export_status_interfaces__rosidl_generator_pyExport-noconfig.cmake
-- Installing: /home/hzy/hzy_test/CHAPT3/topic_practice_ws/install/status_interfaces/share/status_interfaces/cmake/rosidl_cmake-extras.cmake
-- Installing: /home/hzy/hzy_test/CHAPT3/topic_practice_ws/install/status_interfaces/share/status_interfaces/cmake/ament_cmake_export_dependencies-extras.cmake
-- Installing: /home/hzy/hzy_test/CHAPT3/topic_practice_ws/install/status_interfaces/share/status_interfaces/cmake/ament_cmake_export_include_directories-extras.cmake
-- Installing: /home/hzy/hzy_test/CHAPT3/topic_practice_ws/install/status_interfaces/share/status_interfaces/cmake/ament_cmake_export_libraries-extras.cmake
-- Installing: /home/hzy/hzy_test/CHAPT3/topic_practice_ws/install/status_interfaces/share/status_interfaces/cmake/ament_cmake_export_targets-extras.cmake
-- Installing: /home/hzy/hzy_test/CHAPT3/topic_practice_ws/install/status_interfaces/share/status_interfaces/cmake/rosidl_cmake_export_typesupport_targets-extras.cmake
-- Installing: /home/hzy/hzy_test/CHAPT3/topic_practice_ws/install/status_interfaces/share/status_interfaces/cmake/rosidl_cmake_export_typesupport_libraries-extras.cmake
-- Installing: /home/hzy/hzy_test/CHAPT3/topic_practice_ws/install/status_interfaces/share/status_interfaces/cmake/status_interfacesConfig.cmake
-- Installing: /home/hzy/hzy_test/CHAPT3/topic_practice_ws/install/status_interfaces/share/status_interfaces/cmake/status_interfacesConfig-version.cmake
-- Installing: /home/hzy/hzy_test/CHAPT3/topic_practice_ws/install/status_interfaces/share/status_interfaces/package.xml
