[0.809s] Invoking command in '/home/hzy/hzy_test/CHAPT3/topic_practice_ws/src/status_publisher': DEBUGINFOD_URLS=https://debuginfod.ubuntu.com PYTHONPATH=/home/hzy/hzy_test/CHAPT3/topic_practice_ws/build/status_publisher/prefix_override:/usr/lib/python3/dist-packages/colcon_core/task/python/colcon_distutils_commands:/home/hzy/hzy_test/CHAPT3/topic_practice_ws/install/status_publisher/lib/python3.12/site-packages:${PYTHONPATH} /usr/bin/python3 -W ignore:setup.py install is deprecated -W ignore:easy_install command is deprecated setup.py egg_info --egg-base ../../build/status_publisher build --build-base /home/hzy/hzy_test/CHAPT3/topic_practice_ws/build/status_publisher/build install --record /home/hzy/hzy_test/CHAPT3/topic_practice_ws/build/status_publisher/install.log --single-version-externally-managed install_data
[0.990s] running egg_info
[0.990s] creating ../../build/status_publisher/status_publisher.egg-info
[0.999s] writing ../../build/status_publisher/status_publisher.egg-info/PKG-INFO
[0.999s] writing dependency_links to ../../build/status_publisher/status_publisher.egg-info/dependency_links.txt
[1.000s] writing entry points to ../../build/status_publisher/status_publisher.egg-info/entry_points.txt
[1.000s] writing requirements to ../../build/status_publisher/status_publisher.egg-info/requires.txt
[1.000s] writing top-level names to ../../build/status_publisher/status_publisher.egg-info/top_level.txt
[1.000s] writing manifest file '../../build/status_publisher/status_publisher.egg-info/SOURCES.txt'
[1.025s] reading manifest file '../../build/status_publisher/status_publisher.egg-info/SOURCES.txt'
[1.025s] adding license file 'LICENSE'
[1.026s] writing manifest file '../../build/status_publisher/status_publisher.egg-info/SOURCES.txt'
[1.026s] running build
[1.026s] running build_py
[1.026s] creating /home/hzy/hzy_test/CHAPT3/topic_practice_ws/build/status_publisher/build
[1.026s] creating /home/hzy/hzy_test/CHAPT3/topic_practice_ws/build/status_publisher/build/lib
[1.026s] creating /home/hzy/hzy_test/CHAPT3/topic_practice_ws/build/status_publisher/build/lib/status_publisher
[1.026s] copying status_publisher/sys_status_pub..py -> /home/hzy/hzy_test/CHAPT3/topic_practice_ws/build/status_publisher/build/lib/status_publisher
[1.027s] copying status_publisher/__init__.py -> /home/hzy/hzy_test/CHAPT3/topic_practice_ws/build/status_publisher/build/lib/status_publisher
[1.027s] running install
[1.031s] running install_lib
[1.045s] creating /home/hzy/hzy_test/CHAPT3/topic_practice_ws/install/status_publisher/lib/python3.12/site-packages/status_publisher
[1.045s] copying /home/hzy/hzy_test/CHAPT3/topic_practice_ws/build/status_publisher/build/lib/status_publisher/sys_status_pub..py -> /home/hzy/hzy_test/CHAPT3/topic_practice_ws/install/status_publisher/lib/python3.12/site-packages/status_publisher
[1.045s] copying /home/hzy/hzy_test/CHAPT3/topic_practice_ws/build/status_publisher/build/lib/status_publisher/__init__.py -> /home/hzy/hzy_test/CHAPT3/topic_practice_ws/install/status_publisher/lib/python3.12/site-packages/status_publisher
[1.046s] byte-compiling /home/hzy/hzy_test/CHAPT3/topic_practice_ws/install/status_publisher/lib/python3.12/site-packages/status_publisher/sys_status_pub..py to sys_status_pub..cpython-312.pyc
[1.048s] byte-compiling /home/hzy/hzy_test/CHAPT3/topic_practice_ws/install/status_publisher/lib/python3.12/site-packages/status_publisher/__init__.py to __init__.cpython-312.pyc
[1.048s] running install_data
[1.048s] creating /home/hzy/hzy_test/CHAPT3/topic_practice_ws/install/status_publisher/share/ament_index
[1.048s] creating /home/hzy/hzy_test/CHAPT3/topic_practice_ws/install/status_publisher/share/ament_index/resource_index
[1.048s] creating /home/hzy/hzy_test/CHAPT3/topic_practice_ws/install/status_publisher/share/ament_index/resource_index/packages
[1.048s] copying resource/status_publisher -> /home/hzy/hzy_test/CHAPT3/topic_practice_ws/install/status_publisher/share/ament_index/resource_index/packages
[1.048s] copying package.xml -> /home/hzy/hzy_test/CHAPT3/topic_practice_ws/install/status_publisher/share/status_publisher
[1.048s] running install_egg_info
[1.061s] Copying ../../build/status_publisher/status_publisher.egg-info to /home/hzy/hzy_test/CHAPT3/topic_practice_ws/install/status_publisher/lib/python3.12/site-packages/status_publisher-0.0.0-py3.12.egg-info
[1.061s] running install_scripts
[1.149s] Installing sys_status_pub script to /home/hzy/hzy_test/CHAPT3/topic_practice_ws/install/status_publisher/lib/status_publisher
[1.149s] writing list of installed files to '/home/hzy/hzy_test/CHAPT3/topic_practice_ws/build/status_publisher/install.log'
[1.174s] Invoked command in '/home/hzy/hzy_test/CHAPT3/topic_practice_ws/src/status_publisher' returned '0': DEBUGINFOD_URLS=https://debuginfod.ubuntu.com PYTHONPATH=/home/hzy/hzy_test/CHAPT3/topic_practice_ws/build/status_publisher/prefix_override:/usr/lib/python3/dist-packages/colcon_core/task/python/colcon_distutils_commands:/home/hzy/hzy_test/CHAPT3/topic_practice_ws/install/status_publisher/lib/python3.12/site-packages:${PYTHONPATH} /usr/bin/python3 -W ignore:setup.py install is deprecated -W ignore:easy_install command is deprecated setup.py egg_info --egg-base ../../build/status_publisher build --build-base /home/hzy/hzy_test/CHAPT3/topic_practice_ws/build/status_publisher/build install --record /home/hzy/hzy_test/CHAPT3/topic_practice_ws/build/status_publisher/install.log --single-version-externally-managed install_data
