[0.086s] DEBUG:colcon:Command line arguments: ['/usr/bin/colcon', 'build']
[0.086s] DEBUG:colcon:Parsed command line arguments: Namespace(log_base=None, log_level=None, verb_name='build', build_base='build', install_base='install', merge_install=False, symlink_install=False, test_result_base=None, continue_on_error=False, executor='parallel', parallel_workers=8, event_handlers=None, ignore_user_meta=False, metas=['./colcon.meta'], base_paths=['.'], packages_ignore=None, packages_ignore_regex=None, paths=None, packages_up_to=None, packages_up_to_regex=None, packages_above=None, packages_above_and_dependencies=None, packages_above_depth=None, packages_select_by_dep=None, packages_skip_by_dep=None, packages_skip_up_to=None, packages_select_build_failed=False, packages_skip_build_finished=False, packages_select_test_failures=False, packages_skip_test_passed=False, packages_select=None, packages_skip=None, packages_select_regex=None, packages_skip_regex=None, packages_start=None, packages_end=None, allow_overriding=[], cmake_args=None, cmake_target=None, cmake_target_skip_unavailable=False, cmake_clean_cache=False, cmake_clean_first=False, cmake_force_configure=False, ament_cmake_args=None, catkin_cmake_args=None, catkin_skip_building_tests=False, verb_parser=<colcon_defaults.argument_parser.defaults.DefaultArgumentsDecorator object at 0x74580a33cce0>, verb_extension=<colcon_core.verb.build.BuildVerb object at 0x74580a495490>, main=<bound method BuildVerb.main of <colcon_core.verb.build.BuildVerb object at 0x74580a495490>>)
[0.117s] Level 1:colcon.colcon_core.package_discovery:discover_packages(colcon_meta) check parameters
[0.117s] Level 1:colcon.colcon_core.package_discovery:discover_packages(recursive) check parameters
[0.117s] Level 1:colcon.colcon_core.package_discovery:discover_packages(ignore) check parameters
[0.117s] Level 1:colcon.colcon_core.package_discovery:discover_packages(path) check parameters
[0.117s] Level 1:colcon.colcon_core.package_discovery:discover_packages(colcon_meta) discover
[0.117s] Level 1:colcon.colcon_core.package_discovery:discover_packages(recursive) discover
[0.117s] INFO:colcon.colcon_core.package_discovery:Crawling recursively for packages in '/home/hzy/hzy_test/ros2_ws'
[0.117s] Level 1:colcon.colcon_core.package_identification:_identify(.) by extensions ['ignore', 'ignore_ament_install']
[0.117s] Level 1:colcon.colcon_core.package_identification:_identify(.) by extension 'ignore'
[0.117s] Level 1:colcon.colcon_core.package_identification:_identify(.) by extension 'ignore_ament_install'
[0.118s] Level 1:colcon.colcon_core.package_identification:_identify(.) by extensions ['colcon_pkg']
[0.118s] Level 1:colcon.colcon_core.package_identification:_identify(.) by extension 'colcon_pkg'
[0.118s] Level 1:colcon.colcon_core.package_identification:_identify(.) by extensions ['colcon_meta']
[0.118s] Level 1:colcon.colcon_core.package_identification:_identify(.) by extension 'colcon_meta'
[0.118s] Level 1:colcon.colcon_core.package_identification:_identify(.) by extensions ['ros']
[0.118s] Level 1:colcon.colcon_core.package_identification:_identify(.) by extension 'ros'
[0.136s] Level 1:colcon.colcon_core.package_identification:_identify(.) by extensions ['cmake', 'python']
[0.136s] Level 1:colcon.colcon_core.package_identification:_identify(.) by extension 'cmake'
[0.137s] Level 1:colcon.colcon_core.package_identification:_identify(.) by extension 'python'
[0.137s] Level 1:colcon.colcon_core.package_identification:_identify(.) by extensions ['python_setup_py']
[0.137s] Level 1:colcon.colcon_core.package_identification:_identify(.) by extension 'python_setup_py'
[0.137s] Level 1:colcon.colcon_core.package_identification:_identify(build) by extensions ['ignore', 'ignore_ament_install']
[0.137s] Level 1:colcon.colcon_core.package_identification:_identify(build) by extension 'ignore'
[0.137s] Level 1:colcon.colcon_core.package_identification:_identify(build) ignored
[0.137s] Level 1:colcon.colcon_core.package_identification:_identify(install) by extensions ['ignore', 'ignore_ament_install']
[0.137s] Level 1:colcon.colcon_core.package_identification:_identify(install) by extension 'ignore'
[0.137s] Level 1:colcon.colcon_core.package_identification:_identify(install) ignored
[0.137s] Level 1:colcon.colcon_core.package_identification:_identify(log) by extensions ['ignore', 'ignore_ament_install']
[0.137s] Level 1:colcon.colcon_core.package_identification:_identify(log) by extension 'ignore'
[0.137s] Level 1:colcon.colcon_core.package_identification:_identify(log) ignored
[0.138s] Level 1:colcon.colcon_core.package_identification:_identify(src) by extensions ['ignore', 'ignore_ament_install']
[0.138s] Level 1:colcon.colcon_core.package_identification:_identify(src) by extension 'ignore'
[0.138s] Level 1:colcon.colcon_core.package_identification:_identify(src) by extension 'ignore_ament_install'
[0.138s] Level 1:colcon.colcon_core.package_identification:_identify(src) by extensions ['colcon_pkg']
[0.138s] Level 1:colcon.colcon_core.package_identification:_identify(src) by extension 'colcon_pkg'
[0.138s] Level 1:colcon.colcon_core.package_identification:_identify(src) by extensions ['colcon_meta']
[0.138s] Level 1:colcon.colcon_core.package_identification:_identify(src) by extension 'colcon_meta'
[0.138s] Level 1:colcon.colcon_core.package_identification:_identify(src) by extensions ['ros']
[0.138s] Level 1:colcon.colcon_core.package_identification:_identify(src) by extension 'ros'
[0.138s] Level 1:colcon.colcon_core.package_identification:_identify(src) by extensions ['cmake', 'python']
[0.138s] Level 1:colcon.colcon_core.package_identification:_identify(src) by extension 'cmake'
[0.138s] Level 1:colcon.colcon_core.package_identification:_identify(src) by extension 'python'
[0.138s] Level 1:colcon.colcon_core.package_identification:_identify(src) by extensions ['python_setup_py']
[0.138s] Level 1:colcon.colcon_core.package_identification:_identify(src) by extension 'python_setup_py'
[0.138s] Level 1:colcon.colcon_core.package_identification:_identify(src/demo_cpp_pkg) by extensions ['ignore', 'ignore_ament_install']
[0.138s] Level 1:colcon.colcon_core.package_identification:_identify(src/demo_cpp_pkg) by extension 'ignore'
[0.138s] Level 1:colcon.colcon_core.package_identification:_identify(src/demo_cpp_pkg) by extension 'ignore_ament_install'
[0.138s] Level 1:colcon.colcon_core.package_identification:_identify(src/demo_cpp_pkg) by extensions ['colcon_pkg']
[0.138s] Level 1:colcon.colcon_core.package_identification:_identify(src/demo_cpp_pkg) by extension 'colcon_pkg'
[0.138s] Level 1:colcon.colcon_core.package_identification:_identify(src/demo_cpp_pkg) by extensions ['colcon_meta']
[0.138s] Level 1:colcon.colcon_core.package_identification:_identify(src/demo_cpp_pkg) by extension 'colcon_meta'
[0.138s] Level 1:colcon.colcon_core.package_identification:_identify(src/demo_cpp_pkg) by extensions ['ros']
[0.138s] Level 1:colcon.colcon_core.package_identification:_identify(src/demo_cpp_pkg) by extension 'ros'
[0.140s] DEBUG:colcon.colcon_core.package_identification:Package 'src/demo_cpp_pkg' with type 'ros.ament_cmake' and name 'demo_cpp_pkg'
[0.142s] Level 1:colcon.colcon_core.package_identification:_identify(src/demo_python_pkg) by extensions ['ignore', 'ignore_ament_install']
[0.142s] Level 1:colcon.colcon_core.package_identification:_identify(src/demo_python_pkg) by extension 'ignore'
[0.142s] Level 1:colcon.colcon_core.package_identification:_identify(src/demo_python_pkg) by extension 'ignore_ament_install'
[0.142s] Level 1:colcon.colcon_core.package_identification:_identify(src/demo_python_pkg) by extensions ['colcon_pkg']
[0.142s] Level 1:colcon.colcon_core.package_identification:_identify(src/demo_python_pkg) by extension 'colcon_pkg'
[0.142s] Level 1:colcon.colcon_core.package_identification:_identify(src/demo_python_pkg) by extensions ['colcon_meta']
[0.142s] Level 1:colcon.colcon_core.package_identification:_identify(src/demo_python_pkg) by extension 'colcon_meta'
[0.142s] Level 1:colcon.colcon_core.package_identification:_identify(src/demo_python_pkg) by extensions ['ros']
[0.142s] Level 1:colcon.colcon_core.package_identification:_identify(src/demo_python_pkg) by extension 'ros'
[0.142s] DEBUG:colcon.colcon_core.package_identification:Package 'src/demo_python_pkg' with type 'ros.ament_python' and name 'demo_python_pkg'
[0.142s] Level 1:colcon.colcon_core.package_discovery:discover_packages(recursive) using defaults
[0.142s] Level 1:colcon.colcon_core.package_discovery:discover_packages(ignore) discover
[0.142s] Level 1:colcon.colcon_core.package_discovery:discover_packages(ignore) using defaults
[0.143s] Level 1:colcon.colcon_core.package_discovery:discover_packages(path) discover
[0.143s] Level 1:colcon.colcon_core.package_discovery:discover_packages(path) using defaults
[0.155s] Level 1:colcon.colcon_core.package_discovery:discover_packages(prefix_path) check parameters
[0.155s] Level 1:colcon.colcon_core.package_discovery:discover_packages(prefix_path) discover
[0.155s] WARNING:colcon.colcon_core.prefix_path.colcon:The path '/home/hzy/hzy_test/ros2_ws/src/demo_cpp_pkg/install' in the environment variable COLCON_PREFIX_PATH doesn't exist
[0.156s] WARNING:colcon.colcon_ros.prefix_path.ament:The path '/home/hzy/hzy_test/ros2_ws/src/demo_cpp_pkg/install/demo_cpp_pkg' in the environment variable AMENT_PREFIX_PATH doesn't exist
[0.156s] WARNING:colcon.colcon_ros.prefix_path.catkin:The path '/home/hzy/hzy_test/ros2_ws/src/demo_cpp_pkg/install/demo_cpp_pkg' in the environment variable CMAKE_PREFIX_PATH doesn't exist
[0.157s] DEBUG:colcon.colcon_installed_package_information.package_discovery:Found 2 installed packages in /home/hzy/hzy_test/ros2_ws/install
[0.158s] DEBUG:colcon.colcon_installed_package_information.package_discovery:Found 286 installed packages in /opt/ros/jazzy
[0.158s] Level 1:colcon.colcon_core.package_discovery:discover_packages(prefix_path) using defaults
[0.184s] Level 5:colcon.colcon_core.verb:set package 'demo_cpp_pkg' build argument 'cmake_args' from command line to 'None'
[0.184s] Level 5:colcon.colcon_core.verb:set package 'demo_cpp_pkg' build argument 'cmake_target' from command line to 'None'
[0.184s] Level 5:colcon.colcon_core.verb:set package 'demo_cpp_pkg' build argument 'cmake_target_skip_unavailable' from command line to 'False'
[0.184s] Level 5:colcon.colcon_core.verb:set package 'demo_cpp_pkg' build argument 'cmake_clean_cache' from command line to 'False'
[0.184s] Level 5:colcon.colcon_core.verb:set package 'demo_cpp_pkg' build argument 'cmake_clean_first' from command line to 'False'
[0.184s] Level 5:colcon.colcon_core.verb:set package 'demo_cpp_pkg' build argument 'cmake_force_configure' from command line to 'False'
[0.184s] Level 5:colcon.colcon_core.verb:set package 'demo_cpp_pkg' build argument 'ament_cmake_args' from command line to 'None'
[0.184s] Level 5:colcon.colcon_core.verb:set package 'demo_cpp_pkg' build argument 'catkin_cmake_args' from command line to 'None'
[0.184s] Level 5:colcon.colcon_core.verb:set package 'demo_cpp_pkg' build argument 'catkin_skip_building_tests' from command line to 'False'
[0.184s] DEBUG:colcon.colcon_core.verb:Building package 'demo_cpp_pkg' with the following arguments: {'ament_cmake_args': None, 'build_base': '/home/hzy/hzy_test/ros2_ws/build/demo_cpp_pkg', 'catkin_cmake_args': None, 'catkin_skip_building_tests': False, 'cmake_args': None, 'cmake_clean_cache': False, 'cmake_clean_first': False, 'cmake_force_configure': False, 'cmake_target': None, 'cmake_target_skip_unavailable': False, 'install_base': '/home/hzy/hzy_test/ros2_ws/install/demo_cpp_pkg', 'merge_install': False, 'path': '/home/hzy/hzy_test/ros2_ws/src/demo_cpp_pkg', 'symlink_install': False, 'test_result_base': None}
[0.184s] Level 5:colcon.colcon_core.verb:set package 'demo_python_pkg' build argument 'cmake_args' from command line to 'None'
[0.184s] Level 5:colcon.colcon_core.verb:set package 'demo_python_pkg' build argument 'cmake_target' from command line to 'None'
[0.184s] Level 5:colcon.colcon_core.verb:set package 'demo_python_pkg' build argument 'cmake_target_skip_unavailable' from command line to 'False'
[0.184s] Level 5:colcon.colcon_core.verb:set package 'demo_python_pkg' build argument 'cmake_clean_cache' from command line to 'False'
[0.184s] Level 5:colcon.colcon_core.verb:set package 'demo_python_pkg' build argument 'cmake_clean_first' from command line to 'False'
[0.184s] Level 5:colcon.colcon_core.verb:set package 'demo_python_pkg' build argument 'cmake_force_configure' from command line to 'False'
[0.184s] Level 5:colcon.colcon_core.verb:set package 'demo_python_pkg' build argument 'ament_cmake_args' from command line to 'None'
[0.184s] Level 5:colcon.colcon_core.verb:set package 'demo_python_pkg' build argument 'catkin_cmake_args' from command line to 'None'
[0.184s] Level 5:colcon.colcon_core.verb:set package 'demo_python_pkg' build argument 'catkin_skip_building_tests' from command line to 'False'
[0.184s] DEBUG:colcon.colcon_core.verb:Building package 'demo_python_pkg' with the following arguments: {'ament_cmake_args': None, 'build_base': '/home/hzy/hzy_test/ros2_ws/build/demo_python_pkg', 'catkin_cmake_args': None, 'catkin_skip_building_tests': False, 'cmake_args': None, 'cmake_clean_cache': False, 'cmake_clean_first': False, 'cmake_force_configure': False, 'cmake_target': None, 'cmake_target_skip_unavailable': False, 'install_base': '/home/hzy/hzy_test/ros2_ws/install/demo_python_pkg', 'merge_install': False, 'path': '/home/hzy/hzy_test/ros2_ws/src/demo_python_pkg', 'symlink_install': False, 'test_result_base': None}
[0.184s] INFO:colcon.colcon_core.executor:Executing jobs using 'parallel' executor
[0.185s] DEBUG:colcon.colcon_parallel_executor.executor.parallel:run_until_complete
[0.186s] INFO:colcon.colcon_ros.task.ament_cmake.build:Building ROS package in '/home/hzy/hzy_test/ros2_ws/src/demo_cpp_pkg' with build type 'ament_cmake'
[0.186s] INFO:colcon.colcon_cmake.task.cmake.build:Building CMake package in '/home/hzy/hzy_test/ros2_ws/src/demo_cpp_pkg'
[0.188s] INFO:colcon.colcon_core.plugin_system:Skipping extension 'colcon_core.shell.bat': Not used on non-Windows systems
[0.188s] INFO:colcon.colcon_core.shell:Skip shell extension 'powershell' for command environment: Not usable outside of PowerShell
[0.188s] DEBUG:colcon.colcon_core.shell:Skip shell extension 'dsv' for command environment
[0.191s] INFO:colcon.colcon_ros.task.ament_python.build:Building ROS package in '/home/hzy/hzy_test/ros2_ws/src/demo_python_pkg' with build type 'ament_python'
[0.192s] Level 1:colcon.colcon_core.shell:create_environment_hook('demo_python_pkg', 'ament_prefix_path')
[0.192s] INFO:colcon.colcon_core.shell:Creating environment hook '/home/hzy/hzy_test/ros2_ws/install/demo_python_pkg/share/demo_python_pkg/hook/ament_prefix_path.ps1'
[0.193s] INFO:colcon.colcon_core.shell:Creating environment descriptor '/home/hzy/hzy_test/ros2_ws/install/demo_python_pkg/share/demo_python_pkg/hook/ament_prefix_path.dsv'
[0.193s] INFO:colcon.colcon_core.shell:Creating environment hook '/home/hzy/hzy_test/ros2_ws/install/demo_python_pkg/share/demo_python_pkg/hook/ament_prefix_path.sh'
[0.194s] INFO:colcon.colcon_core.shell:Skip shell extension 'powershell' for command environment: Not usable outside of PowerShell
[0.194s] DEBUG:colcon.colcon_core.shell:Skip shell extension 'dsv' for command environment
[0.204s] DEBUG:colcon.colcon_core.event_handler.log_command:Invoking command in '/home/hzy/hzy_test/ros2_ws/build/demo_cpp_pkg': CMAKE_PREFIX_PATH=${CMAKE_PREFIX_PATH}:/home/hzy/hzy_test/ros2_ws/install/demo_python_pkg:/opt/ros/jazzy DEBUGINFOD_URLS=https://debuginfod.ubuntu.com /usr/bin/cmake --build /home/hzy/hzy_test/ros2_ws/build/demo_cpp_pkg -- -j8 -l8
[0.384s] INFO:colcon.colcon_core.task.python.build:Building Python package in '/home/hzy/hzy_test/ros2_ws/src/demo_python_pkg'
[0.384s] INFO:colcon.colcon_core.shell:Skip shell extension 'powershell' for command environment: Not usable outside of PowerShell
[0.384s] DEBUG:colcon.colcon_core.shell:Skip shell extension 'dsv' for command environment
[0.810s] DEBUG:colcon.colcon_core.event_handler.log_command:Invoking command in '/home/hzy/hzy_test/ros2_ws/src/demo_python_pkg': DEBUGINFOD_URLS=https://debuginfod.ubuntu.com PYTHONPATH=/home/hzy/hzy_test/ros2_ws/build/demo_python_pkg/prefix_override:/usr/lib/python3/dist-packages/colcon_core/task/python/colcon_distutils_commands:/home/hzy/hzy_test/ros2_ws/install/demo_python_pkg/lib/python3.12/site-packages:${PYTHONPATH} /usr/bin/python3 -W ignore:setup.py install is deprecated -W ignore:easy_install command is deprecated setup.py egg_info --egg-base ../../build/demo_python_pkg build --build-base /home/hzy/hzy_test/ros2_ws/build/demo_python_pkg/build install --record /home/hzy/hzy_test/ros2_ws/build/demo_python_pkg/install.log --single-version-externally-managed install_data
[1.253s] DEBUG:colcon.colcon_core.event_handler.log_command:Invoked command in '/home/hzy/hzy_test/ros2_ws/src/demo_python_pkg' returned '0': DEBUGINFOD_URLS=https://debuginfod.ubuntu.com PYTHONPATH=/home/hzy/hzy_test/ros2_ws/build/demo_python_pkg/prefix_override:/usr/lib/python3/dist-packages/colcon_core/task/python/colcon_distutils_commands:/home/hzy/hzy_test/ros2_ws/install/demo_python_pkg/lib/python3.12/site-packages:${PYTHONPATH} /usr/bin/python3 -W ignore:setup.py install is deprecated -W ignore:easy_install command is deprecated setup.py egg_info --egg-base ../../build/demo_python_pkg build --build-base /home/hzy/hzy_test/ros2_ws/build/demo_python_pkg/build install --record /home/hzy/hzy_test/ros2_ws/build/demo_python_pkg/install.log --single-version-externally-managed install_data
[1.255s] Level 1:colcon.colcon_core.environment:checking '/home/hzy/hzy_test/ros2_ws/install/demo_python_pkg' for CMake module files
[1.255s] Level 1:colcon.colcon_core.environment:checking '/home/hzy/hzy_test/ros2_ws/install/demo_python_pkg' for CMake config files
[1.256s] Level 1:colcon.colcon_core.environment:checking '/home/hzy/hzy_test/ros2_ws/install/demo_python_pkg/lib'
[1.256s] Level 1:colcon.colcon_core.environment:checking '/home/hzy/hzy_test/ros2_ws/install/demo_python_pkg/bin'
[1.256s] Level 1:colcon.colcon_core.environment:checking '/home/hzy/hzy_test/ros2_ws/install/demo_python_pkg/lib/pkgconfig/demo_python_pkg.pc'
[1.256s] Level 1:colcon.colcon_core.environment:checking '/home/hzy/hzy_test/ros2_ws/install/demo_python_pkg/lib/python3.12/site-packages'
[1.256s] Level 1:colcon.colcon_core.shell:create_environment_hook('demo_python_pkg', 'pythonpath')
[1.256s] INFO:colcon.colcon_core.shell:Creating environment hook '/home/hzy/hzy_test/ros2_ws/install/demo_python_pkg/share/demo_python_pkg/hook/pythonpath.ps1'
[1.259s] INFO:colcon.colcon_core.shell:Creating environment descriptor '/home/hzy/hzy_test/ros2_ws/install/demo_python_pkg/share/demo_python_pkg/hook/pythonpath.dsv'
[1.259s] INFO:colcon.colcon_core.shell:Creating environment hook '/home/hzy/hzy_test/ros2_ws/install/demo_python_pkg/share/demo_python_pkg/hook/pythonpath.sh'
[1.264s] Level 1:colcon.colcon_core.environment:checking '/home/hzy/hzy_test/ros2_ws/install/demo_python_pkg/bin'
[1.264s] Level 1:colcon.colcon_core.environment:create_environment_scripts_only(demo_python_pkg)
[1.265s] INFO:colcon.colcon_core.shell:Creating package script '/home/hzy/hzy_test/ros2_ws/install/demo_python_pkg/share/demo_python_pkg/package.ps1'
[1.267s] INFO:colcon.colcon_core.shell:Creating package descriptor '/home/hzy/hzy_test/ros2_ws/install/demo_python_pkg/share/demo_python_pkg/package.dsv'
[1.267s] INFO:colcon.colcon_core.shell:Creating package script '/home/hzy/hzy_test/ros2_ws/install/demo_python_pkg/share/demo_python_pkg/package.sh'
[1.268s] INFO:colcon.colcon_core.shell:Creating package script '/home/hzy/hzy_test/ros2_ws/install/demo_python_pkg/share/demo_python_pkg/package.bash'
[1.269s] INFO:colcon.colcon_core.shell:Creating package script '/home/hzy/hzy_test/ros2_ws/install/demo_python_pkg/share/demo_python_pkg/package.zsh'
[1.271s] Level 1:colcon.colcon_core.environment:create_file_with_runtime_dependencies(/home/hzy/hzy_test/ros2_ws/install/demo_python_pkg/share/colcon-core/packages/demo_python_pkg)
[4.327s] DEBUG:colcon.colcon_core.event_handler.log_command:Invoked command in '/home/hzy/hzy_test/ros2_ws/build/demo_cpp_pkg' returned '0': CMAKE_PREFIX_PATH=${CMAKE_PREFIX_PATH}:/home/hzy/hzy_test/ros2_ws/install/demo_python_pkg:/opt/ros/jazzy DEBUGINFOD_URLS=https://debuginfod.ubuntu.com /usr/bin/cmake --build /home/hzy/hzy_test/ros2_ws/build/demo_cpp_pkg -- -j8 -l8
[4.338s] DEBUG:colcon.colcon_core.event_handler.log_command:Invoking command in '/home/hzy/hzy_test/ros2_ws/build/demo_cpp_pkg': CMAKE_PREFIX_PATH=${CMAKE_PREFIX_PATH}:/home/hzy/hzy_test/ros2_ws/install/demo_python_pkg:/opt/ros/jazzy DEBUGINFOD_URLS=https://debuginfod.ubuntu.com /usr/bin/cmake --install /home/hzy/hzy_test/ros2_ws/build/demo_cpp_pkg
[4.352s] Level 1:colcon.colcon_core.environment:create_environment_scripts_only(demo_cpp_pkg)
[4.352s] Level 1:colcon.colcon_core.environment:checking '/home/hzy/hzy_test/ros2_ws/install/demo_cpp_pkg' for CMake module files
[4.353s] DEBUG:colcon.colcon_core.event_handler.log_command:Invoked command in '/home/hzy/hzy_test/ros2_ws/build/demo_cpp_pkg' returned '0': CMAKE_PREFIX_PATH=${CMAKE_PREFIX_PATH}:/home/hzy/hzy_test/ros2_ws/install/demo_python_pkg:/opt/ros/jazzy DEBUGINFOD_URLS=https://debuginfod.ubuntu.com /usr/bin/cmake --install /home/hzy/hzy_test/ros2_ws/build/demo_cpp_pkg
[4.353s] Level 1:colcon.colcon_core.environment:checking '/home/hzy/hzy_test/ros2_ws/install/demo_cpp_pkg' for CMake config files
[4.354s] Level 1:colcon.colcon_core.shell:create_environment_hook('demo_cpp_pkg', 'cmake_prefix_path')
[4.354s] INFO:colcon.colcon_core.shell:Creating environment hook '/home/hzy/hzy_test/ros2_ws/install/demo_cpp_pkg/share/demo_cpp_pkg/hook/cmake_prefix_path.ps1'
[4.354s] INFO:colcon.colcon_core.shell:Creating environment descriptor '/home/hzy/hzy_test/ros2_ws/install/demo_cpp_pkg/share/demo_cpp_pkg/hook/cmake_prefix_path.dsv'
[4.355s] INFO:colcon.colcon_core.shell:Creating environment hook '/home/hzy/hzy_test/ros2_ws/install/demo_cpp_pkg/share/demo_cpp_pkg/hook/cmake_prefix_path.sh'
[4.356s] Level 1:colcon.colcon_core.environment:checking '/home/hzy/hzy_test/ros2_ws/install/demo_cpp_pkg/lib'
[4.356s] Level 1:colcon.colcon_core.environment:checking '/home/hzy/hzy_test/ros2_ws/install/demo_cpp_pkg/bin'
[4.356s] Level 1:colcon.colcon_core.environment:checking '/home/hzy/hzy_test/ros2_ws/install/demo_cpp_pkg/lib/pkgconfig/demo_cpp_pkg.pc'
[4.356s] Level 1:colcon.colcon_core.environment:checking '/home/hzy/hzy_test/ros2_ws/install/demo_cpp_pkg/lib/python3.12/site-packages'
[4.357s] Level 1:colcon.colcon_core.environment:checking '/home/hzy/hzy_test/ros2_ws/install/demo_cpp_pkg/bin'
[4.357s] INFO:colcon.colcon_core.shell:Creating package script '/home/hzy/hzy_test/ros2_ws/install/demo_cpp_pkg/share/demo_cpp_pkg/package.ps1'
[4.357s] INFO:colcon.colcon_core.shell:Creating package descriptor '/home/hzy/hzy_test/ros2_ws/install/demo_cpp_pkg/share/demo_cpp_pkg/package.dsv'
[4.358s] INFO:colcon.colcon_core.shell:Creating package script '/home/hzy/hzy_test/ros2_ws/install/demo_cpp_pkg/share/demo_cpp_pkg/package.sh'
[4.359s] INFO:colcon.colcon_core.shell:Creating package script '/home/hzy/hzy_test/ros2_ws/install/demo_cpp_pkg/share/demo_cpp_pkg/package.bash'
[4.359s] INFO:colcon.colcon_core.shell:Creating package script '/home/hzy/hzy_test/ros2_ws/install/demo_cpp_pkg/share/demo_cpp_pkg/package.zsh'
[4.359s] Level 1:colcon.colcon_core.environment:create_file_with_runtime_dependencies(/home/hzy/hzy_test/ros2_ws/install/demo_cpp_pkg/share/colcon-core/packages/demo_cpp_pkg)
[4.360s] Level 1:colcon.colcon_core.environment:create_environment_scripts_only(demo_cpp_pkg)
[4.360s] Level 1:colcon.colcon_core.environment:checking '/home/hzy/hzy_test/ros2_ws/install/demo_cpp_pkg' for CMake module files
[4.360s] Level 1:colcon.colcon_core.environment:checking '/home/hzy/hzy_test/ros2_ws/install/demo_cpp_pkg' for CMake config files
[4.361s] Level 1:colcon.colcon_core.shell:create_environment_hook('demo_cpp_pkg', 'cmake_prefix_path')
[4.361s] INFO:colcon.colcon_core.shell:Creating environment hook '/home/hzy/hzy_test/ros2_ws/install/demo_cpp_pkg/share/demo_cpp_pkg/hook/cmake_prefix_path.ps1'
[4.361s] INFO:colcon.colcon_core.shell:Creating environment descriptor '/home/hzy/hzy_test/ros2_ws/install/demo_cpp_pkg/share/demo_cpp_pkg/hook/cmake_prefix_path.dsv'
[4.362s] INFO:colcon.colcon_core.shell:Creating environment hook '/home/hzy/hzy_test/ros2_ws/install/demo_cpp_pkg/share/demo_cpp_pkg/hook/cmake_prefix_path.sh'
[4.362s] Level 1:colcon.colcon_core.environment:checking '/home/hzy/hzy_test/ros2_ws/install/demo_cpp_pkg/lib'
[4.363s] Level 1:colcon.colcon_core.environment:checking '/home/hzy/hzy_test/ros2_ws/install/demo_cpp_pkg/bin'
[4.363s] Level 1:colcon.colcon_core.environment:checking '/home/hzy/hzy_test/ros2_ws/install/demo_cpp_pkg/lib/pkgconfig/demo_cpp_pkg.pc'
[4.363s] Level 1:colcon.colcon_core.environment:checking '/home/hzy/hzy_test/ros2_ws/install/demo_cpp_pkg/lib/python3.12/site-packages'
[4.363s] Level 1:colcon.colcon_core.environment:checking '/home/hzy/hzy_test/ros2_ws/install/demo_cpp_pkg/bin'
[4.363s] INFO:colcon.colcon_core.shell:Creating package script '/home/hzy/hzy_test/ros2_ws/install/demo_cpp_pkg/share/demo_cpp_pkg/package.ps1'
[4.364s] INFO:colcon.colcon_core.shell:Creating package descriptor '/home/hzy/hzy_test/ros2_ws/install/demo_cpp_pkg/share/demo_cpp_pkg/package.dsv'
[4.364s] INFO:colcon.colcon_core.shell:Creating package script '/home/hzy/hzy_test/ros2_ws/install/demo_cpp_pkg/share/demo_cpp_pkg/package.sh'
[4.365s] INFO:colcon.colcon_core.shell:Creating package script '/home/hzy/hzy_test/ros2_ws/install/demo_cpp_pkg/share/demo_cpp_pkg/package.bash'
[4.365s] INFO:colcon.colcon_core.shell:Creating package script '/home/hzy/hzy_test/ros2_ws/install/demo_cpp_pkg/share/demo_cpp_pkg/package.zsh'
[4.366s] Level 1:colcon.colcon_core.environment:create_file_with_runtime_dependencies(/home/hzy/hzy_test/ros2_ws/install/demo_cpp_pkg/share/colcon-core/packages/demo_cpp_pkg)
[4.366s] DEBUG:colcon.colcon_parallel_executor.executor.parallel:closing loop
[4.366s] DEBUG:colcon.colcon_parallel_executor.executor.parallel:loop closed
[4.366s] DEBUG:colcon.colcon_parallel_executor.executor.parallel:run_until_complete finished with '0'
[4.367s] DEBUG:colcon.colcon_core.event_reactor:joining thread
[4.372s] INFO:colcon.colcon_core.plugin_system:Skipping extension 'colcon_notification.desktop_notification.terminal_notifier': Not used on non-Darwin systems
[4.373s] INFO:colcon.colcon_core.plugin_system:Skipping extension 'colcon_notification.desktop_notification.win32': Not used on non-Windows systems
[4.374s] INFO:colcon.colcon_notification.desktop_notification:Sending desktop notification using 'notify2'
[4.401s] DEBUG:colcon.colcon_core.event_reactor:joined thread
[4.401s] INFO:colcon.colcon_core.shell:Creating prefix script '/home/hzy/hzy_test/ros2_ws/install/local_setup.ps1'
[4.402s] INFO:colcon.colcon_core.shell:Creating prefix util module '/home/hzy/hzy_test/ros2_ws/install/_local_setup_util_ps1.py'
[4.404s] INFO:colcon.colcon_core.shell:Creating prefix chain script '/home/hzy/hzy_test/ros2_ws/install/setup.ps1'
[4.405s] INFO:colcon.colcon_core.shell:Creating prefix script '/home/hzy/hzy_test/ros2_ws/install/local_setup.sh'
[4.406s] INFO:colcon.colcon_core.shell:Creating prefix util module '/home/hzy/hzy_test/ros2_ws/install/_local_setup_util_sh.py'
[4.408s] INFO:colcon.colcon_core.shell:Creating prefix chain script '/home/hzy/hzy_test/ros2_ws/install/setup.sh'
[4.409s] INFO:colcon.colcon_core.shell:Creating prefix script '/home/hzy/hzy_test/ros2_ws/install/local_setup.bash'
[4.411s] INFO:colcon.colcon_core.shell:Creating prefix chain script '/home/hzy/hzy_test/ros2_ws/install/setup.bash'
[4.413s] INFO:colcon.colcon_core.shell:Creating prefix script '/home/hzy/hzy_test/ros2_ws/install/local_setup.zsh'
[4.413s] INFO:colcon.colcon_core.shell:Creating prefix chain script '/home/hzy/hzy_test/ros2_ws/install/setup.zsh'
