[0.095s] DEBUG:colcon:Command line arguments: ['/usr/bin/colcon', 'build']
[0.096s] DEBUG:colcon:Parsed command line arguments: Namespace(log_base=None, log_level=None, verb_name='build', build_base='build', install_base='install', merge_install=False, symlink_install=False, test_result_base=None, continue_on_error=False, executor='parallel', parallel_workers=8, event_handlers=None, ignore_user_meta=False, metas=['./colcon.meta'], base_paths=['.'], packages_ignore=None, packages_ignore_regex=None, paths=None, packages_up_to=None, packages_up_to_regex=None, packages_above=None, packages_above_and_dependencies=None, packages_above_depth=None, packages_select_by_dep=None, packages_skip_by_dep=None, packages_skip_up_to=None, packages_select_build_failed=False, packages_skip_build_finished=False, packages_select_test_failures=False, packages_skip_test_passed=False, packages_select=None, packages_skip=None, packages_select_regex=None, packages_skip_regex=None, packages_start=None, packages_end=None, allow_overriding=[], cmake_args=None, cmake_target=None, cmake_target_skip_unavailable=False, cmake_clean_cache=False, cmake_clean_first=False, cmake_force_configure=False, ament_cmake_args=None, catkin_cmake_args=None, catkin_skip_building_tests=False, verb_parser=<colcon_defaults.argument_parser.defaults.DefaultArgumentsDecorator object at 0x73a55be7d7f0>, verb_extension=<colcon_core.verb.build.BuildVerb object at 0x73a55bf9e450>, main=<bound method BuildVerb.main of <colcon_core.verb.build.BuildVerb object at 0x73a55bf9e450>>)
[0.140s] Level 1:colcon.colcon_core.package_discovery:discover_packages(colcon_meta) check parameters
[0.140s] Level 1:colcon.colcon_core.package_discovery:discover_packages(recursive) check parameters
[0.140s] Level 1:colcon.colcon_core.package_discovery:discover_packages(ignore) check parameters
[0.140s] Level 1:colcon.colcon_core.package_discovery:discover_packages(path) check parameters
[0.140s] Level 1:colcon.colcon_core.package_discovery:discover_packages(colcon_meta) discover
[0.140s] Level 1:colcon.colcon_core.package_discovery:discover_packages(recursive) discover
[0.140s] INFO:colcon.colcon_core.package_discovery:Crawling recursively for packages in '/home/hzy/hzy_test/CHAPT3/topic_practice_ws'
[0.140s] Level 1:colcon.colcon_core.package_identification:_identify(.) by extensions ['ignore', 'ignore_ament_install']
[0.140s] Level 1:colcon.colcon_core.package_identification:_identify(.) by extension 'ignore'
[0.140s] Level 1:colcon.colcon_core.package_identification:_identify(.) by extension 'ignore_ament_install'
[0.140s] Level 1:colcon.colcon_core.package_identification:_identify(.) by extensions ['colcon_pkg']
[0.140s] Level 1:colcon.colcon_core.package_identification:_identify(.) by extension 'colcon_pkg'
[0.140s] Level 1:colcon.colcon_core.package_identification:_identify(.) by extensions ['colcon_meta']
[0.140s] Level 1:colcon.colcon_core.package_identification:_identify(.) by extension 'colcon_meta'
[0.140s] Level 1:colcon.colcon_core.package_identification:_identify(.) by extensions ['ros']
[0.140s] Level 1:colcon.colcon_core.package_identification:_identify(.) by extension 'ros'
[0.173s] Level 1:colcon.colcon_core.package_identification:_identify(.) by extensions ['cmake', 'python']
[0.173s] Level 1:colcon.colcon_core.package_identification:_identify(.) by extension 'cmake'
[0.173s] Level 1:colcon.colcon_core.package_identification:_identify(.) by extension 'python'
[0.173s] Level 1:colcon.colcon_core.package_identification:_identify(.) by extensions ['python_setup_py']
[0.173s] Level 1:colcon.colcon_core.package_identification:_identify(.) by extension 'python_setup_py'
[0.173s] Level 1:colcon.colcon_core.package_identification:_identify(build) by extensions ['ignore', 'ignore_ament_install']
[0.173s] Level 1:colcon.colcon_core.package_identification:_identify(build) by extension 'ignore'
[0.173s] Level 1:colcon.colcon_core.package_identification:_identify(build) ignored
[0.173s] Level 1:colcon.colcon_core.package_identification:_identify(install) by extensions ['ignore', 'ignore_ament_install']
[0.173s] Level 1:colcon.colcon_core.package_identification:_identify(install) by extension 'ignore'
[0.173s] Level 1:colcon.colcon_core.package_identification:_identify(install) ignored
[0.173s] Level 1:colcon.colcon_core.package_identification:_identify(log) by extensions ['ignore', 'ignore_ament_install']
[0.173s] Level 1:colcon.colcon_core.package_identification:_identify(log) by extension 'ignore'
[0.173s] Level 1:colcon.colcon_core.package_identification:_identify(log) ignored
[0.173s] Level 1:colcon.colcon_core.package_identification:_identify(src) by extensions ['ignore', 'ignore_ament_install']
[0.174s] Level 1:colcon.colcon_core.package_identification:_identify(src) by extension 'ignore'
[0.174s] Level 1:colcon.colcon_core.package_identification:_identify(src) by extension 'ignore_ament_install'
[0.174s] Level 1:colcon.colcon_core.package_identification:_identify(src) by extensions ['colcon_pkg']
[0.174s] Level 1:colcon.colcon_core.package_identification:_identify(src) by extension 'colcon_pkg'
[0.174s] Level 1:colcon.colcon_core.package_identification:_identify(src) by extensions ['colcon_meta']
[0.174s] Level 1:colcon.colcon_core.package_identification:_identify(src) by extension 'colcon_meta'
[0.174s] Level 1:colcon.colcon_core.package_identification:_identify(src) by extensions ['ros']
[0.174s] Level 1:colcon.colcon_core.package_identification:_identify(src) by extension 'ros'
[0.174s] Level 1:colcon.colcon_core.package_identification:_identify(src) by extensions ['cmake', 'python']
[0.174s] Level 1:colcon.colcon_core.package_identification:_identify(src) by extension 'cmake'
[0.174s] Level 1:colcon.colcon_core.package_identification:_identify(src) by extension 'python'
[0.174s] Level 1:colcon.colcon_core.package_identification:_identify(src) by extensions ['python_setup_py']
[0.174s] Level 1:colcon.colcon_core.package_identification:_identify(src) by extension 'python_setup_py'
[0.174s] Level 1:colcon.colcon_core.package_identification:_identify(src/status_interfaces) by extensions ['ignore', 'ignore_ament_install']
[0.174s] Level 1:colcon.colcon_core.package_identification:_identify(src/status_interfaces) by extension 'ignore'
[0.174s] Level 1:colcon.colcon_core.package_identification:_identify(src/status_interfaces) by extension 'ignore_ament_install'
[0.174s] Level 1:colcon.colcon_core.package_identification:_identify(src/status_interfaces) by extensions ['colcon_pkg']
[0.174s] Level 1:colcon.colcon_core.package_identification:_identify(src/status_interfaces) by extension 'colcon_pkg'
[0.174s] Level 1:colcon.colcon_core.package_identification:_identify(src/status_interfaces) by extensions ['colcon_meta']
[0.174s] Level 1:colcon.colcon_core.package_identification:_identify(src/status_interfaces) by extension 'colcon_meta'
[0.174s] Level 1:colcon.colcon_core.package_identification:_identify(src/status_interfaces) by extensions ['ros']
[0.174s] Level 1:colcon.colcon_core.package_identification:_identify(src/status_interfaces) by extension 'ros'
[0.177s] DEBUG:colcon.colcon_core.package_identification:Package 'src/status_interfaces' with type 'ros.ament_cmake' and name 'status_interfaces'
[0.177s] Level 1:colcon.colcon_core.package_discovery:discover_packages(recursive) using defaults
[0.177s] Level 1:colcon.colcon_core.package_discovery:discover_packages(ignore) discover
[0.177s] Level 1:colcon.colcon_core.package_discovery:discover_packages(ignore) using defaults
[0.177s] Level 1:colcon.colcon_core.package_discovery:discover_packages(path) discover
[0.177s] Level 1:colcon.colcon_core.package_discovery:discover_packages(path) using defaults
[0.193s] Level 1:colcon.colcon_core.package_discovery:discover_packages(prefix_path) check parameters
[0.193s] Level 1:colcon.colcon_core.package_discovery:discover_packages(prefix_path) discover
[0.194s] WARNING:colcon.colcon_ros.prefix_path.ament:The path '/home/hzy/hzy_test/CHAPT3/topic_practice_ws/install/status_interfaces' in the environment variable AMENT_PREFIX_PATH doesn't exist
[0.194s] WARNING:colcon.colcon_ros.prefix_path.catkin:The path '/home/hzy/hzy_test/CHAPT3/topic_practice_ws/install/status_interfaces' in the environment variable CMAKE_PREFIX_PATH doesn't exist
[0.195s] DEBUG:colcon.colcon_installed_package_information.package_discovery:Found 0 installed packages in /home/hzy/hzy_test/CHAPT3/topic_practice_ws/install
[0.195s] DEBUG:colcon.colcon_installed_package_information.package_discovery:Found 2 installed packages in /home/hzy/hzy_test/CHAPT3/topic_ws/install
[0.196s] DEBUG:colcon.colcon_installed_package_information.package_discovery:Found 286 installed packages in /opt/ros/jazzy
[0.197s] Level 1:colcon.colcon_core.package_discovery:discover_packages(prefix_path) using defaults
[0.227s] Level 5:colcon.colcon_core.verb:set package 'status_interfaces' build argument 'cmake_args' from command line to 'None'
[0.227s] Level 5:colcon.colcon_core.verb:set package 'status_interfaces' build argument 'cmake_target' from command line to 'None'
[0.227s] Level 5:colcon.colcon_core.verb:set package 'status_interfaces' build argument 'cmake_target_skip_unavailable' from command line to 'False'
[0.227s] Level 5:colcon.colcon_core.verb:set package 'status_interfaces' build argument 'cmake_clean_cache' from command line to 'False'
[0.227s] Level 5:colcon.colcon_core.verb:set package 'status_interfaces' build argument 'cmake_clean_first' from command line to 'False'
[0.227s] Level 5:colcon.colcon_core.verb:set package 'status_interfaces' build argument 'cmake_force_configure' from command line to 'False'
[0.227s] Level 5:colcon.colcon_core.verb:set package 'status_interfaces' build argument 'ament_cmake_args' from command line to 'None'
[0.227s] Level 5:colcon.colcon_core.verb:set package 'status_interfaces' build argument 'catkin_cmake_args' from command line to 'None'
[0.227s] Level 5:colcon.colcon_core.verb:set package 'status_interfaces' build argument 'catkin_skip_building_tests' from command line to 'False'
[0.227s] DEBUG:colcon.colcon_core.verb:Building package 'status_interfaces' with the following arguments: {'ament_cmake_args': None, 'build_base': '/home/hzy/hzy_test/CHAPT3/topic_practice_ws/build/status_interfaces', 'catkin_cmake_args': None, 'catkin_skip_building_tests': False, 'cmake_args': None, 'cmake_clean_cache': False, 'cmake_clean_first': False, 'cmake_force_configure': False, 'cmake_target': None, 'cmake_target_skip_unavailable': False, 'install_base': '/home/hzy/hzy_test/CHAPT3/topic_practice_ws/install/status_interfaces', 'merge_install': False, 'path': '/home/hzy/hzy_test/CHAPT3/topic_practice_ws/src/status_interfaces', 'symlink_install': False, 'test_result_base': None}
[0.227s] INFO:colcon.colcon_core.executor:Executing jobs using 'parallel' executor
[0.228s] DEBUG:colcon.colcon_parallel_executor.executor.parallel:run_until_complete
[0.229s] INFO:colcon.colcon_ros.task.ament_cmake.build:Building ROS package in '/home/hzy/hzy_test/CHAPT3/topic_practice_ws/src/status_interfaces' with build type 'ament_cmake'
[0.229s] INFO:colcon.colcon_cmake.task.cmake.build:Building CMake package in '/home/hzy/hzy_test/CHAPT3/topic_practice_ws/src/status_interfaces'
[0.232s] INFO:colcon.colcon_core.plugin_system:Skipping extension 'colcon_core.shell.bat': Not used on non-Windows systems
[0.232s] INFO:colcon.colcon_core.shell:Skip shell extension 'powershell' for command environment: Not usable outside of PowerShell
[0.232s] DEBUG:colcon.colcon_core.shell:Skip shell extension 'dsv' for command environment
[0.245s] DEBUG:colcon.colcon_core.event_handler.log_command:Invoking command in '/home/hzy/hzy_test/CHAPT3/topic_practice_ws/build/status_interfaces': CMAKE_PREFIX_PATH=${CMAKE_PREFIX_PATH}:/home/hzy/hzy_test/CHAPT3/topic_ws/install/demo_python_topic:/opt/ros/jazzy DEBUGINFOD_URLS=https://debuginfod.ubuntu.com /usr/bin/cmake /home/hzy/hzy_test/CHAPT3/topic_practice_ws/src/status_interfaces -DCMAKE_INSTALL_PREFIX=/home/hzy/hzy_test/CHAPT3/topic_practice_ws/install/status_interfaces
[2.875s] DEBUG:colcon.colcon_core.event_handler.log_command:Invoked command in '/home/hzy/hzy_test/CHAPT3/topic_practice_ws/build/status_interfaces' returned '0': CMAKE_PREFIX_PATH=${CMAKE_PREFIX_PATH}:/home/hzy/hzy_test/CHAPT3/topic_ws/install/demo_python_topic:/opt/ros/jazzy DEBUGINFOD_URLS=https://debuginfod.ubuntu.com /usr/bin/cmake /home/hzy/hzy_test/CHAPT3/topic_practice_ws/src/status_interfaces -DCMAKE_INSTALL_PREFIX=/home/hzy/hzy_test/CHAPT3/topic_practice_ws/install/status_interfaces
[2.876s] DEBUG:colcon.colcon_core.event_handler.log_command:Invoking command in '/home/hzy/hzy_test/CHAPT3/topic_practice_ws/build/status_interfaces': CMAKE_PREFIX_PATH=${CMAKE_PREFIX_PATH}:/home/hzy/hzy_test/CHAPT3/topic_ws/install/demo_python_topic:/opt/ros/jazzy DEBUGINFOD_URLS=https://debuginfod.ubuntu.com /usr/bin/cmake --build /home/hzy/hzy_test/CHAPT3/topic_practice_ws/build/status_interfaces -- -j8 -l8
[4.914s] DEBUG:colcon.colcon_core.event_handler.log_command:Invoked command in '/home/hzy/hzy_test/CHAPT3/topic_practice_ws/build/status_interfaces' returned '0': CMAKE_PREFIX_PATH=${CMAKE_PREFIX_PATH}:/home/hzy/hzy_test/CHAPT3/topic_ws/install/demo_python_topic:/opt/ros/jazzy DEBUGINFOD_URLS=https://debuginfod.ubuntu.com /usr/bin/cmake --build /home/hzy/hzy_test/CHAPT3/topic_practice_ws/build/status_interfaces -- -j8 -l8
[4.934s] DEBUG:colcon.colcon_core.event_handler.log_command:Invoking command in '/home/hzy/hzy_test/CHAPT3/topic_practice_ws/build/status_interfaces': CMAKE_PREFIX_PATH=${CMAKE_PREFIX_PATH}:/home/hzy/hzy_test/CHAPT3/topic_ws/install/demo_python_topic:/opt/ros/jazzy DEBUGINFOD_URLS=https://debuginfod.ubuntu.com /usr/bin/cmake --install /home/hzy/hzy_test/CHAPT3/topic_practice_ws/build/status_interfaces
[5.001s] Level 1:colcon.colcon_core.environment:create_environment_scripts_only(status_interfaces)
[5.002s] DEBUG:colcon.colcon_core.event_handler.log_command:Invoked command in '/home/hzy/hzy_test/CHAPT3/topic_practice_ws/build/status_interfaces' returned '0': CMAKE_PREFIX_PATH=${CMAKE_PREFIX_PATH}:/home/hzy/hzy_test/CHAPT3/topic_ws/install/demo_python_topic:/opt/ros/jazzy DEBUGINFOD_URLS=https://debuginfod.ubuntu.com /usr/bin/cmake --install /home/hzy/hzy_test/CHAPT3/topic_practice_ws/build/status_interfaces
[5.003s] Level 1:colcon.colcon_core.environment:checking '/home/hzy/hzy_test/CHAPT3/topic_practice_ws/install/status_interfaces' for CMake module files
[5.003s] Level 1:colcon.colcon_core.environment:checking '/home/hzy/hzy_test/CHAPT3/topic_practice_ws/install/status_interfaces' for CMake config files
[5.003s] Level 1:colcon.colcon_core.shell:create_environment_hook('status_interfaces', 'cmake_prefix_path')
[5.004s] INFO:colcon.colcon_core.shell:Creating environment hook '/home/hzy/hzy_test/CHAPT3/topic_practice_ws/install/status_interfaces/share/status_interfaces/hook/cmake_prefix_path.ps1'
[5.004s] INFO:colcon.colcon_core.shell:Creating environment descriptor '/home/hzy/hzy_test/CHAPT3/topic_practice_ws/install/status_interfaces/share/status_interfaces/hook/cmake_prefix_path.dsv'
[5.004s] INFO:colcon.colcon_core.shell:Creating environment hook '/home/hzy/hzy_test/CHAPT3/topic_practice_ws/install/status_interfaces/share/status_interfaces/hook/cmake_prefix_path.sh'
[5.005s] Level 1:colcon.colcon_core.environment:checking '/home/hzy/hzy_test/CHAPT3/topic_practice_ws/install/status_interfaces/lib'
[5.005s] Level 1:colcon.colcon_core.shell:create_environment_hook('status_interfaces', 'ld_library_path_lib')
[5.005s] INFO:colcon.colcon_core.shell:Creating environment hook '/home/hzy/hzy_test/CHAPT3/topic_practice_ws/install/status_interfaces/share/status_interfaces/hook/ld_library_path_lib.ps1'
[5.005s] INFO:colcon.colcon_core.shell:Creating environment descriptor '/home/hzy/hzy_test/CHAPT3/topic_practice_ws/install/status_interfaces/share/status_interfaces/hook/ld_library_path_lib.dsv'
[5.005s] INFO:colcon.colcon_core.shell:Creating environment hook '/home/hzy/hzy_test/CHAPT3/topic_practice_ws/install/status_interfaces/share/status_interfaces/hook/ld_library_path_lib.sh'
[5.006s] Level 1:colcon.colcon_core.environment:checking '/home/hzy/hzy_test/CHAPT3/topic_practice_ws/install/status_interfaces/bin'
[5.006s] Level 1:colcon.colcon_core.environment:checking '/home/hzy/hzy_test/CHAPT3/topic_practice_ws/install/status_interfaces/lib/pkgconfig/status_interfaces.pc'
[5.006s] Level 1:colcon.colcon_core.environment:checking '/home/hzy/hzy_test/CHAPT3/topic_practice_ws/install/status_interfaces/lib/python3.12/site-packages'
[5.006s] Level 1:colcon.colcon_core.shell:create_environment_hook('status_interfaces', 'pythonpath')
[5.006s] INFO:colcon.colcon_core.shell:Creating environment hook '/home/hzy/hzy_test/CHAPT3/topic_practice_ws/install/status_interfaces/share/status_interfaces/hook/pythonpath.ps1'
[5.006s] INFO:colcon.colcon_core.shell:Creating environment descriptor '/home/hzy/hzy_test/CHAPT3/topic_practice_ws/install/status_interfaces/share/status_interfaces/hook/pythonpath.dsv'
[5.006s] INFO:colcon.colcon_core.shell:Creating environment hook '/home/hzy/hzy_test/CHAPT3/topic_practice_ws/install/status_interfaces/share/status_interfaces/hook/pythonpath.sh'
[5.007s] Level 1:colcon.colcon_core.environment:checking '/home/hzy/hzy_test/CHAPT3/topic_practice_ws/install/status_interfaces/bin'
[5.007s] INFO:colcon.colcon_core.shell:Creating package script '/home/hzy/hzy_test/CHAPT3/topic_practice_ws/install/status_interfaces/share/status_interfaces/package.ps1'
[5.007s] INFO:colcon.colcon_core.shell:Creating package descriptor '/home/hzy/hzy_test/CHAPT3/topic_practice_ws/install/status_interfaces/share/status_interfaces/package.dsv'
[5.008s] INFO:colcon.colcon_core.shell:Creating package script '/home/hzy/hzy_test/CHAPT3/topic_practice_ws/install/status_interfaces/share/status_interfaces/package.sh'
[5.008s] INFO:colcon.colcon_core.shell:Creating package script '/home/hzy/hzy_test/CHAPT3/topic_practice_ws/install/status_interfaces/share/status_interfaces/package.bash'
[5.009s] INFO:colcon.colcon_core.shell:Creating package script '/home/hzy/hzy_test/CHAPT3/topic_practice_ws/install/status_interfaces/share/status_interfaces/package.zsh'
[5.009s] Level 1:colcon.colcon_core.environment:create_file_with_runtime_dependencies(/home/hzy/hzy_test/CHAPT3/topic_practice_ws/install/status_interfaces/share/colcon-core/packages/status_interfaces)
[5.009s] Level 1:colcon.colcon_core.environment:create_environment_scripts_only(status_interfaces)
[5.009s] Level 1:colcon.colcon_core.environment:checking '/home/hzy/hzy_test/CHAPT3/topic_practice_ws/install/status_interfaces' for CMake module files
[5.010s] Level 1:colcon.colcon_core.environment:checking '/home/hzy/hzy_test/CHAPT3/topic_practice_ws/install/status_interfaces' for CMake config files
[5.010s] Level 1:colcon.colcon_core.shell:create_environment_hook('status_interfaces', 'cmake_prefix_path')
[5.010s] INFO:colcon.colcon_core.shell:Creating environment hook '/home/hzy/hzy_test/CHAPT3/topic_practice_ws/install/status_interfaces/share/status_interfaces/hook/cmake_prefix_path.ps1'
[5.010s] INFO:colcon.colcon_core.shell:Creating environment descriptor '/home/hzy/hzy_test/CHAPT3/topic_practice_ws/install/status_interfaces/share/status_interfaces/hook/cmake_prefix_path.dsv'
[5.011s] INFO:colcon.colcon_core.shell:Creating environment hook '/home/hzy/hzy_test/CHAPT3/topic_practice_ws/install/status_interfaces/share/status_interfaces/hook/cmake_prefix_path.sh'
[5.011s] Level 1:colcon.colcon_core.environment:checking '/home/hzy/hzy_test/CHAPT3/topic_practice_ws/install/status_interfaces/lib'
[5.011s] Level 1:colcon.colcon_core.shell:create_environment_hook('status_interfaces', 'ld_library_path_lib')
[5.011s] INFO:colcon.colcon_core.shell:Creating environment hook '/home/hzy/hzy_test/CHAPT3/topic_practice_ws/install/status_interfaces/share/status_interfaces/hook/ld_library_path_lib.ps1'
[5.012s] INFO:colcon.colcon_core.shell:Creating environment descriptor '/home/hzy/hzy_test/CHAPT3/topic_practice_ws/install/status_interfaces/share/status_interfaces/hook/ld_library_path_lib.dsv'
[5.012s] INFO:colcon.colcon_core.shell:Creating environment hook '/home/hzy/hzy_test/CHAPT3/topic_practice_ws/install/status_interfaces/share/status_interfaces/hook/ld_library_path_lib.sh'
[5.012s] Level 1:colcon.colcon_core.environment:checking '/home/hzy/hzy_test/CHAPT3/topic_practice_ws/install/status_interfaces/bin'
[5.013s] Level 1:colcon.colcon_core.environment:checking '/home/hzy/hzy_test/CHAPT3/topic_practice_ws/install/status_interfaces/lib/pkgconfig/status_interfaces.pc'
[5.013s] Level 1:colcon.colcon_core.environment:checking '/home/hzy/hzy_test/CHAPT3/topic_practice_ws/install/status_interfaces/lib/python3.12/site-packages'
[5.013s] Level 1:colcon.colcon_core.shell:create_environment_hook('status_interfaces', 'pythonpath')
[5.014s] INFO:colcon.colcon_core.shell:Creating environment hook '/home/hzy/hzy_test/CHAPT3/topic_practice_ws/install/status_interfaces/share/status_interfaces/hook/pythonpath.ps1'
[5.015s] INFO:colcon.colcon_core.shell:Creating environment descriptor '/home/hzy/hzy_test/CHAPT3/topic_practice_ws/install/status_interfaces/share/status_interfaces/hook/pythonpath.dsv'
[5.016s] INFO:colcon.colcon_core.shell:Creating environment hook '/home/hzy/hzy_test/CHAPT3/topic_practice_ws/install/status_interfaces/share/status_interfaces/hook/pythonpath.sh'
[5.017s] Level 1:colcon.colcon_core.environment:checking '/home/hzy/hzy_test/CHAPT3/topic_practice_ws/install/status_interfaces/bin'
[5.017s] INFO:colcon.colcon_core.shell:Creating package script '/home/hzy/hzy_test/CHAPT3/topic_practice_ws/install/status_interfaces/share/status_interfaces/package.ps1'
[5.017s] INFO:colcon.colcon_core.shell:Creating package descriptor '/home/hzy/hzy_test/CHAPT3/topic_practice_ws/install/status_interfaces/share/status_interfaces/package.dsv'
[5.018s] INFO:colcon.colcon_core.shell:Creating package script '/home/hzy/hzy_test/CHAPT3/topic_practice_ws/install/status_interfaces/share/status_interfaces/package.sh'
[5.018s] INFO:colcon.colcon_core.shell:Creating package script '/home/hzy/hzy_test/CHAPT3/topic_practice_ws/install/status_interfaces/share/status_interfaces/package.bash'
[5.019s] INFO:colcon.colcon_core.shell:Creating package script '/home/hzy/hzy_test/CHAPT3/topic_practice_ws/install/status_interfaces/share/status_interfaces/package.zsh'
[5.019s] Level 1:colcon.colcon_core.environment:create_file_with_runtime_dependencies(/home/hzy/hzy_test/CHAPT3/topic_practice_ws/install/status_interfaces/share/colcon-core/packages/status_interfaces)
[5.020s] DEBUG:colcon.colcon_parallel_executor.executor.parallel:closing loop
[5.020s] DEBUG:colcon.colcon_parallel_executor.executor.parallel:loop closed
[5.020s] DEBUG:colcon.colcon_parallel_executor.executor.parallel:run_until_complete finished with '0'
[5.021s] DEBUG:colcon.colcon_core.event_reactor:joining thread
[5.024s] INFO:colcon.colcon_core.plugin_system:Skipping extension 'colcon_notification.desktop_notification.terminal_notifier': Not used on non-Darwin systems
[5.024s] INFO:colcon.colcon_core.plugin_system:Skipping extension 'colcon_notification.desktop_notification.win32': Not used on non-Windows systems
[5.024s] INFO:colcon.colcon_notification.desktop_notification:Sending desktop notification using 'notify2'
[5.042s] DEBUG:colcon.colcon_core.event_reactor:joined thread
[5.042s] INFO:colcon.colcon_core.shell:Creating prefix script '/home/hzy/hzy_test/CHAPT3/topic_practice_ws/install/local_setup.ps1'
[5.043s] INFO:colcon.colcon_core.shell:Creating prefix util module '/home/hzy/hzy_test/CHAPT3/topic_practice_ws/install/_local_setup_util_ps1.py'
[5.044s] INFO:colcon.colcon_core.shell:Creating prefix chain script '/home/hzy/hzy_test/CHAPT3/topic_practice_ws/install/setup.ps1'
[5.045s] INFO:colcon.colcon_core.shell:Creating prefix script '/home/hzy/hzy_test/CHAPT3/topic_practice_ws/install/local_setup.sh'
[5.045s] INFO:colcon.colcon_core.shell:Creating prefix util module '/home/hzy/hzy_test/CHAPT3/topic_practice_ws/install/_local_setup_util_sh.py'
[5.048s] INFO:colcon.colcon_core.shell:Creating prefix chain script '/home/hzy/hzy_test/CHAPT3/topic_practice_ws/install/setup.sh'
[5.049s] INFO:colcon.colcon_core.shell:Creating prefix script '/home/hzy/hzy_test/CHAPT3/topic_practice_ws/install/local_setup.bash'
[5.049s] INFO:colcon.colcon_core.shell:Creating prefix chain script '/home/hzy/hzy_test/CHAPT3/topic_practice_ws/install/setup.bash'
[5.050s] INFO:colcon.colcon_core.shell:Creating prefix script '/home/hzy/hzy_test/CHAPT3/topic_practice_ws/install/local_setup.zsh'
[5.050s] INFO:colcon.colcon_core.shell:Creating prefix chain script '/home/hzy/hzy_test/CHAPT3/topic_practice_ws/install/setup.zsh'
